;  LST file generated by mikroListExporter - v.2.0 
; Date/Time: 15/10/2024 14:32:10
;----------------------------------------------

;Address Opcode 	ASM
0x0000	0xF001EF33  	GOTO        614
0x0004	0x0000      	NOP
0x0006	0x0000      	NOP
0x0008	0xF000EF00  	GOTO        0
0x000C	0x0000      	NOP
0x000E	0x0000      	NOP
0x0010	0x0000      	NOP
0x0012	0x0000      	NOP
0x0014	0x0000      	NOP
0x0016	0x0000      	NOP
0x0018	0xD7F3      	BRA         0
_escreveTraco:
;codigomorse.c,23 :: 		void escreveTraco(){
;codigomorse.c,24 :: 		portd = 0;
0x001C	0x6A83      	CLRF        PORTD 
;codigomorse.c,25 :: 		delay_ms(600);
0x001E	0x0E07      	MOVLW       7
0x0020	0x6E0B      	MOVWF       R11, 0
0x0022	0x0E17      	MOVLW       23
0x0024	0x6E0C      	MOVWF       R12, 0
0x0026	0x0E6A      	MOVLW       106
0x0028	0x6E0D      	MOVWF       R13, 0
L_escreveTraco1:
0x002A	0x2E0D      	DECFSZ      R13, 1, 0
0x002C	0xD7FE      	BRA         L_escreveTraco1
0x002E	0x2E0C      	DECFSZ      R12, 1, 0
0x0030	0xD7FC      	BRA         L_escreveTraco1
0x0032	0x2E0B      	DECFSZ      R11, 1, 0
0x0034	0xD7FA      	BRA         L_escreveTraco1
0x0036	0x0000      	NOP
;codigomorse.c,26 :: 		}
L_end_escreveTraco:
0x0038	0x0012      	RETURN      0
; end of _escreveTraco
_escrevePonto:
;codigomorse.c,16 :: 		void escrevePonto(){
;codigomorse.c,17 :: 		portd = 1;
0x003A	0x0E01      	MOVLW       1
0x003C	0x6E83      	MOVWF       PORTD 
;codigomorse.c,18 :: 		delay_ms(200);
0x003E	0x0E03      	MOVLW       3
0x0040	0x6E0B      	MOVWF       R11, 0
0x0042	0x0E08      	MOVLW       8
0x0044	0x6E0C      	MOVWF       R12, 0
0x0046	0x0E77      	MOVLW       119
0x0048	0x6E0D      	MOVWF       R13, 0
L_escrevePonto0:
0x004A	0x2E0D      	DECFSZ      R13, 1, 0
0x004C	0xD7FE      	BRA         L_escrevePonto0
0x004E	0x2E0C      	DECFSZ      R12, 1, 0
0x0050	0xD7FC      	BRA         L_escrevePonto0
0x0052	0x2E0B      	DECFSZ      R11, 1, 0
0x0054	0xD7FA      	BRA         L_escrevePonto0
;codigomorse.c,19 :: 		portd = 0;
0x0056	0x6A83      	CLRF        PORTD 
;codigomorse.c,20 :: 		}
L_end_escrevePonto:
0x0058	0x0012      	RETURN      0
; end of _escrevePonto
_numero1:
;codigomorse.c,53 :: 		void numero1(){
;codigomorse.c,55 :: 		escrevePonto();
0x005A	0xDFEF      	RCALL       _escrevePonto
;codigomorse.c,56 :: 		delay_ms(300);
0x005C	0x0E04      	MOVLW       4
0x005E	0x6E0B      	MOVWF       R11, 0
0x0060	0x0E0C      	MOVLW       12
0x0062	0x6E0C      	MOVWF       R12, 0
0x0064	0x0E33      	MOVLW       51
0x0066	0x6E0D      	MOVWF       R13, 0
L_numero17:
0x0068	0x2E0D      	DECFSZ      R13, 1, 0
0x006A	0xD7FE      	BRA         L_numero17
0x006C	0x2E0C      	DECFSZ      R12, 1, 0
0x006E	0xD7FC      	BRA         L_numero17
0x0070	0x2E0B      	DECFSZ      R11, 1, 0
0x0072	0xD7FA      	BRA         L_numero17
0x0074	0x0000      	NOP
0x0076	0x0000      	NOP
;codigomorse.c,58 :: 		escreveTraco();
0x0078	0xDFD1      	RCALL       _escreveTraco
;codigomorse.c,59 :: 		delay_ms(300);
0x007A	0x0E04      	MOVLW       4
0x007C	0x6E0B      	MOVWF       R11, 0
0x007E	0x0E0C      	MOVLW       12
0x0080	0x6E0C      	MOVWF       R12, 0
0x0082	0x0E33      	MOVLW       51
0x0084	0x6E0D      	MOVWF       R13, 0
L_numero18:
0x0086	0x2E0D      	DECFSZ      R13, 1, 0
0x0088	0xD7FE      	BRA         L_numero18
0x008A	0x2E0C      	DECFSZ      R12, 1, 0
0x008C	0xD7FC      	BRA         L_numero18
0x008E	0x2E0B      	DECFSZ      R11, 1, 0
0x0090	0xD7FA      	BRA         L_numero18
0x0092	0x0000      	NOP
0x0094	0x0000      	NOP
;codigomorse.c,61 :: 		escreveTraco();
0x0096	0xDFC2      	RCALL       _escreveTraco
;codigomorse.c,62 :: 		delay_ms(300);
0x0098	0x0E04      	MOVLW       4
0x009A	0x6E0B      	MOVWF       R11, 0
0x009C	0x0E0C      	MOVLW       12
0x009E	0x6E0C      	MOVWF       R12, 0
0x00A0	0x0E33      	MOVLW       51
0x00A2	0x6E0D      	MOVWF       R13, 0
L_numero19:
0x00A4	0x2E0D      	DECFSZ      R13, 1, 0
0x00A6	0xD7FE      	BRA         L_numero19
0x00A8	0x2E0C      	DECFSZ      R12, 1, 0
0x00AA	0xD7FC      	BRA         L_numero19
0x00AC	0x2E0B      	DECFSZ      R11, 1, 0
0x00AE	0xD7FA      	BRA         L_numero19
0x00B0	0x0000      	NOP
0x00B2	0x0000      	NOP
;codigomorse.c,64 :: 		escreveTraco();
0x00B4	0xDFB3      	RCALL       _escreveTraco
;codigomorse.c,65 :: 		delay_ms(300);
0x00B6	0x0E04      	MOVLW       4
0x00B8	0x6E0B      	MOVWF       R11, 0
0x00BA	0x0E0C      	MOVLW       12
0x00BC	0x6E0C      	MOVWF       R12, 0
0x00BE	0x0E33      	MOVLW       51
0x00C0	0x6E0D      	MOVWF       R13, 0
L_numero110:
0x00C2	0x2E0D      	DECFSZ      R13, 1, 0
0x00C4	0xD7FE      	BRA         L_numero110
0x00C6	0x2E0C      	DECFSZ      R12, 1, 0
0x00C8	0xD7FC      	BRA         L_numero110
0x00CA	0x2E0B      	DECFSZ      R11, 1, 0
0x00CC	0xD7FA      	BRA         L_numero110
0x00CE	0x0000      	NOP
0x00D0	0x0000      	NOP
;codigomorse.c,67 :: 		escreveTraco();
0x00D2	0xDFA4      	RCALL       _escreveTraco
;codigomorse.c,68 :: 		}
L_end_numero1:
0x00D4	0x0012      	RETURN      0
; end of _numero1
_numero0:
;codigomorse.c,35 :: 		void numero0(){
;codigomorse.c,37 :: 		escreveTraco();
0x00D6	0xDFA2      	RCALL       _escreveTraco
;codigomorse.c,38 :: 		delay_ms(300);
0x00D8	0x0E04      	MOVLW       4
0x00DA	0x6E0B      	MOVWF       R11, 0
0x00DC	0x0E0C      	MOVLW       12
0x00DE	0x6E0C      	MOVWF       R12, 0
0x00E0	0x0E33      	MOVLW       51
0x00E2	0x6E0D      	MOVWF       R13, 0
L_numero03:
0x00E4	0x2E0D      	DECFSZ      R13, 1, 0
0x00E6	0xD7FE      	BRA         L_numero03
0x00E8	0x2E0C      	DECFSZ      R12, 1, 0
0x00EA	0xD7FC      	BRA         L_numero03
0x00EC	0x2E0B      	DECFSZ      R11, 1, 0
0x00EE	0xD7FA      	BRA         L_numero03
0x00F0	0x0000      	NOP
0x00F2	0x0000      	NOP
;codigomorse.c,40 :: 		escreveTraco();
0x00F4	0xDF93      	RCALL       _escreveTraco
;codigomorse.c,41 :: 		delay_ms(300);
0x00F6	0x0E04      	MOVLW       4
0x00F8	0x6E0B      	MOVWF       R11, 0
0x00FA	0x0E0C      	MOVLW       12
0x00FC	0x6E0C      	MOVWF       R12, 0
0x00FE	0x0E33      	MOVLW       51
0x0100	0x6E0D      	MOVWF       R13, 0
L_numero04:
0x0102	0x2E0D      	DECFSZ      R13, 1, 0
0x0104	0xD7FE      	BRA         L_numero04
0x0106	0x2E0C      	DECFSZ      R12, 1, 0
0x0108	0xD7FC      	BRA         L_numero04
0x010A	0x2E0B      	DECFSZ      R11, 1, 0
0x010C	0xD7FA      	BRA         L_numero04
0x010E	0x0000      	NOP
0x0110	0x0000      	NOP
;codigomorse.c,43 :: 		escreveTraco();
0x0112	0xDF84      	RCALL       _escreveTraco
;codigomorse.c,44 :: 		delay_ms(300);
0x0114	0x0E04      	MOVLW       4
0x0116	0x6E0B      	MOVWF       R11, 0
0x0118	0x0E0C      	MOVLW       12
0x011A	0x6E0C      	MOVWF       R12, 0
0x011C	0x0E33      	MOVLW       51
0x011E	0x6E0D      	MOVWF       R13, 0
L_numero05:
0x0120	0x2E0D      	DECFSZ      R13, 1, 0
0x0122	0xD7FE      	BRA         L_numero05
0x0124	0x2E0C      	DECFSZ      R12, 1, 0
0x0126	0xD7FC      	BRA         L_numero05
0x0128	0x2E0B      	DECFSZ      R11, 1, 0
0x012A	0xD7FA      	BRA         L_numero05
0x012C	0x0000      	NOP
0x012E	0x0000      	NOP
;codigomorse.c,46 :: 		escreveTraco();
0x0130	0xDF75      	RCALL       _escreveTraco
;codigomorse.c,47 :: 		delay_ms(300);
0x0132	0x0E04      	MOVLW       4
0x0134	0x6E0B      	MOVWF       R11, 0
0x0136	0x0E0C      	MOVLW       12
0x0138	0x6E0C      	MOVWF       R12, 0
0x013A	0x0E33      	MOVLW       51
0x013C	0x6E0D      	MOVWF       R13, 0
L_numero06:
0x013E	0x2E0D      	DECFSZ      R13, 1, 0
0x0140	0xD7FE      	BRA         L_numero06
0x0142	0x2E0C      	DECFSZ      R12, 1, 0
0x0144	0xD7FC      	BRA         L_numero06
0x0146	0x2E0B      	DECFSZ      R11, 1, 0
0x0148	0xD7FA      	BRA         L_numero06
0x014A	0x0000      	NOP
0x014C	0x0000      	NOP
;codigomorse.c,49 :: 		escreveTraco();
0x014E	0xDF66      	RCALL       _escreveTraco
;codigomorse.c,50 :: 		}
L_end_numero0:
0x0150	0x0012      	RETURN      0
; end of _numero0
_intervalo:
;codigomorse.c,29 :: 		void intervalo(){
;codigomorse.c,30 :: 		portd = 0;
0x0152	0x6A83      	CLRF        PORTD 
;codigomorse.c,31 :: 		delay_ms(900);
0x0154	0x0E0A      	MOVLW       10
0x0156	0x6E0B      	MOVWF       R11, 0
0x0158	0x0E22      	MOVLW       34
0x015A	0x6E0C      	MOVWF       R12, 0
0x015C	0x0EA1      	MOVLW       161
0x015E	0x6E0D      	MOVWF       R13, 0
L_intervalo2:
0x0160	0x2E0D      	DECFSZ      R13, 1, 0
0x0162	0xD7FE      	BRA         L_intervalo2
0x0164	0x2E0C      	DECFSZ      R12, 1, 0
0x0166	0xD7FC      	BRA         L_intervalo2
0x0168	0x2E0B      	DECFSZ      R11, 1, 0
0x016A	0xD7FA      	BRA         L_intervalo2
;codigomorse.c,32 :: 		}
L_end_intervalo:
0x016C	0x0012      	RETURN      0
; end of _intervalo
_numero2:
;codigomorse.c,71 :: 		void numero2(){
;codigomorse.c,73 :: 		escrevePonto();
0x016E	0xDF65      	RCALL       _escrevePonto
;codigomorse.c,74 :: 		delay_ms(300);
0x0170	0x0E04      	MOVLW       4
0x0172	0x6E0B      	MOVWF       R11, 0
0x0174	0x0E0C      	MOVLW       12
0x0176	0x6E0C      	MOVWF       R12, 0
0x0178	0x0E33      	MOVLW       51
0x017A	0x6E0D      	MOVWF       R13, 0
L_numero211:
0x017C	0x2E0D      	DECFSZ      R13, 1, 0
0x017E	0xD7FE      	BRA         L_numero211
0x0180	0x2E0C      	DECFSZ      R12, 1, 0
0x0182	0xD7FC      	BRA         L_numero211
0x0184	0x2E0B      	DECFSZ      R11, 1, 0
0x0186	0xD7FA      	BRA         L_numero211
0x0188	0x0000      	NOP
0x018A	0x0000      	NOP
;codigomorse.c,76 :: 		escrevePonto();
0x018C	0xDF56      	RCALL       _escrevePonto
;codigomorse.c,77 :: 		delay_ms(300);
0x018E	0x0E04      	MOVLW       4
0x0190	0x6E0B      	MOVWF       R11, 0
0x0192	0x0E0C      	MOVLW       12
0x0194	0x6E0C      	MOVWF       R12, 0
0x0196	0x0E33      	MOVLW       51
0x0198	0x6E0D      	MOVWF       R13, 0
L_numero212:
0x019A	0x2E0D      	DECFSZ      R13, 1, 0
0x019C	0xD7FE      	BRA         L_numero212
0x019E	0x2E0C      	DECFSZ      R12, 1, 0
0x01A0	0xD7FC      	BRA         L_numero212
0x01A2	0x2E0B      	DECFSZ      R11, 1, 0
0x01A4	0xD7FA      	BRA         L_numero212
0x01A6	0x0000      	NOP
0x01A8	0x0000      	NOP
;codigomorse.c,79 :: 		escreveTraco();
0x01AA	0xDF38      	RCALL       _escreveTraco
;codigomorse.c,80 :: 		delay_ms(300);
0x01AC	0x0E04      	MOVLW       4
0x01AE	0x6E0B      	MOVWF       R11, 0
0x01B0	0x0E0C      	MOVLW       12
0x01B2	0x6E0C      	MOVWF       R12, 0
0x01B4	0x0E33      	MOVLW       51
0x01B6	0x6E0D      	MOVWF       R13, 0
L_numero213:
0x01B8	0x2E0D      	DECFSZ      R13, 1, 0
0x01BA	0xD7FE      	BRA         L_numero213
0x01BC	0x2E0C      	DECFSZ      R12, 1, 0
0x01BE	0xD7FC      	BRA         L_numero213
0x01C0	0x2E0B      	DECFSZ      R11, 1, 0
0x01C2	0xD7FA      	BRA         L_numero213
0x01C4	0x0000      	NOP
0x01C6	0x0000      	NOP
;codigomorse.c,82 :: 		escreveTraco();
0x01C8	0xDF29      	RCALL       _escreveTraco
;codigomorse.c,83 :: 		delay_ms(300);
0x01CA	0x0E04      	MOVLW       4
0x01CC	0x6E0B      	MOVWF       R11, 0
0x01CE	0x0E0C      	MOVLW       12
0x01D0	0x6E0C      	MOVWF       R12, 0
0x01D2	0x0E33      	MOVLW       51
0x01D4	0x6E0D      	MOVWF       R13, 0
L_numero214:
0x01D6	0x2E0D      	DECFSZ      R13, 1, 0
0x01D8	0xD7FE      	BRA         L_numero214
0x01DA	0x2E0C      	DECFSZ      R12, 1, 0
0x01DC	0xD7FC      	BRA         L_numero214
0x01DE	0x2E0B      	DECFSZ      R11, 1, 0
0x01E0	0xD7FA      	BRA         L_numero214
0x01E2	0x0000      	NOP
0x01E4	0x0000      	NOP
;codigomorse.c,85 :: 		escreveTraco();
0x01E6	0xDF1A      	RCALL       _escreveTraco
;codigomorse.c,86 :: 		}
L_end_numero2:
0x01E8	0x0012      	RETURN      0
; end of _numero2
_numero8:
;codigomorse.c,89 :: 		void numero8(){
;codigomorse.c,91 :: 		escreveTraco();
0x01EA	0xDF18      	RCALL       _escreveTraco
;codigomorse.c,92 :: 		delay_ms(300);
0x01EC	0x0E04      	MOVLW       4
0x01EE	0x6E0B      	MOVWF       R11, 0
0x01F0	0x0E0C      	MOVLW       12
0x01F2	0x6E0C      	MOVWF       R12, 0
0x01F4	0x0E33      	MOVLW       51
0x01F6	0x6E0D      	MOVWF       R13, 0
L_numero815:
0x01F8	0x2E0D      	DECFSZ      R13, 1, 0
0x01FA	0xD7FE      	BRA         L_numero815
0x01FC	0x2E0C      	DECFSZ      R12, 1, 0
0x01FE	0xD7FC      	BRA         L_numero815
0x0200	0x2E0B      	DECFSZ      R11, 1, 0
0x0202	0xD7FA      	BRA         L_numero815
0x0204	0x0000      	NOP
0x0206	0x0000      	NOP
;codigomorse.c,94 :: 		escreveTraco();
0x0208	0xDF09      	RCALL       _escreveTraco
;codigomorse.c,95 :: 		delay_ms(300);
0x020A	0x0E04      	MOVLW       4
0x020C	0x6E0B      	MOVWF       R11, 0
0x020E	0x0E0C      	MOVLW       12
0x0210	0x6E0C      	MOVWF       R12, 0
0x0212	0x0E33      	MOVLW       51
0x0214	0x6E0D      	MOVWF       R13, 0
L_numero816:
0x0216	0x2E0D      	DECFSZ      R13, 1, 0
0x0218	0xD7FE      	BRA         L_numero816
0x021A	0x2E0C      	DECFSZ      R12, 1, 0
0x021C	0xD7FC      	BRA         L_numero816
0x021E	0x2E0B      	DECFSZ      R11, 1, 0
0x0220	0xD7FA      	BRA         L_numero816
0x0222	0x0000      	NOP
0x0224	0x0000      	NOP
;codigomorse.c,97 :: 		escreveTraco();
0x0226	0xDEFA      	RCALL       _escreveTraco
;codigomorse.c,98 :: 		delay_ms(300);
0x0228	0x0E04      	MOVLW       4
0x022A	0x6E0B      	MOVWF       R11, 0
0x022C	0x0E0C      	MOVLW       12
0x022E	0x6E0C      	MOVWF       R12, 0
0x0230	0x0E33      	MOVLW       51
0x0232	0x6E0D      	MOVWF       R13, 0
L_numero817:
0x0234	0x2E0D      	DECFSZ      R13, 1, 0
0x0236	0xD7FE      	BRA         L_numero817
0x0238	0x2E0C      	DECFSZ      R12, 1, 0
0x023A	0xD7FC      	BRA         L_numero817
0x023C	0x2E0B      	DECFSZ      R11, 1, 0
0x023E	0xD7FA      	BRA         L_numero817
0x0240	0x0000      	NOP
0x0242	0x0000      	NOP
;codigomorse.c,100 :: 		escrevePonto();
0x0244	0xDEFA      	RCALL       _escrevePonto
;codigomorse.c,101 :: 		delay_ms(300);
0x0246	0x0E04      	MOVLW       4
0x0248	0x6E0B      	MOVWF       R11, 0
0x024A	0x0E0C      	MOVLW       12
0x024C	0x6E0C      	MOVWF       R12, 0
0x024E	0x0E33      	MOVLW       51
0x0250	0x6E0D      	MOVWF       R13, 0
L_numero818:
0x0252	0x2E0D      	DECFSZ      R13, 1, 0
0x0254	0xD7FE      	BRA         L_numero818
0x0256	0x2E0C      	DECFSZ      R12, 1, 0
0x0258	0xD7FC      	BRA         L_numero818
0x025A	0x2E0B      	DECFSZ      R11, 1, 0
0x025C	0xD7FA      	BRA         L_numero818
0x025E	0x0000      	NOP
0x0260	0x0000      	NOP
;codigomorse.c,103 :: 		escrevePonto();
0x0262	0xDEEB      	RCALL       _escrevePonto
;codigomorse.c,104 :: 		}
L_end_numero8:
0x0264	0x0012      	RETURN      0
; end of _numero8
_main:
;codigomorse.c,106 :: 		void main ()
;codigomorse.c,111 :: 		trisb = 3;
0x0266	0x0E03      	MOVLW       3
0x0268	0x6E93      	MOVWF       TRISB 
;codigomorse.c,115 :: 		trisd = 0;
0x026A	0x6A95      	CLRF        TRISD 
;codigomorse.c,118 :: 		while (1)
L_main19:
;codigomorse.c,122 :: 		if (portb.rb0 == 0)
0x026C	0xB081      	BTFSC       PORTB, 0 
0x026E	0xD080      	BRA         L_main21
;codigomorse.c,127 :: 		escreveTraco();
0x0270	0xDED5      	RCALL       _escreveTraco
;codigomorse.c,128 :: 		delay_ms(300);
0x0272	0x0E04      	MOVLW       4
0x0274	0x6E0B      	MOVWF       R11, 0
0x0276	0x0E0C      	MOVLW       12
0x0278	0x6E0C      	MOVWF       R12, 0
0x027A	0x0E33      	MOVLW       51
0x027C	0x6E0D      	MOVWF       R13, 0
L_main22:
0x027E	0x2E0D      	DECFSZ      R13, 1, 0
0x0280	0xD7FE      	BRA         L_main22
0x0282	0x2E0C      	DECFSZ      R12, 1, 0
0x0284	0xD7FC      	BRA         L_main22
0x0286	0x2E0B      	DECFSZ      R11, 1, 0
0x0288	0xD7FA      	BRA         L_main22
0x028A	0x0000      	NOP
0x028C	0x0000      	NOP
;codigomorse.c,130 :: 		escrevePonto();
0x028E	0xDED5      	RCALL       _escrevePonto
;codigomorse.c,131 :: 		delay_ms(300);
0x0290	0x0E04      	MOVLW       4
0x0292	0x6E0B      	MOVWF       R11, 0
0x0294	0x0E0C      	MOVLW       12
0x0296	0x6E0C      	MOVWF       R12, 0
0x0298	0x0E33      	MOVLW       51
0x029A	0x6E0D      	MOVWF       R13, 0
L_main23:
0x029C	0x2E0D      	DECFSZ      R13, 1, 0
0x029E	0xD7FE      	BRA         L_main23
0x02A0	0x2E0C      	DECFSZ      R12, 1, 0
0x02A2	0xD7FC      	BRA         L_main23
0x02A4	0x2E0B      	DECFSZ      R11, 1, 0
0x02A6	0xD7FA      	BRA         L_main23
0x02A8	0x0000      	NOP
0x02AA	0x0000      	NOP
;codigomorse.c,133 :: 		escreveTraco();
0x02AC	0xDEB7      	RCALL       _escreveTraco
;codigomorse.c,134 :: 		delay_ms(300);
0x02AE	0x0E04      	MOVLW       4
0x02B0	0x6E0B      	MOVWF       R11, 0
0x02B2	0x0E0C      	MOVLW       12
0x02B4	0x6E0C      	MOVWF       R12, 0
0x02B6	0x0E33      	MOVLW       51
0x02B8	0x6E0D      	MOVWF       R13, 0
L_main24:
0x02BA	0x2E0D      	DECFSZ      R13, 1, 0
0x02BC	0xD7FE      	BRA         L_main24
0x02BE	0x2E0C      	DECFSZ      R12, 1, 0
0x02C0	0xD7FC      	BRA         L_main24
0x02C2	0x2E0B      	DECFSZ      R11, 1, 0
0x02C4	0xD7FA      	BRA         L_main24
0x02C6	0x0000      	NOP
0x02C8	0x0000      	NOP
;codigomorse.c,136 :: 		escrevePonto();
0x02CA	0xDEB7      	RCALL       _escrevePonto
;codigomorse.c,138 :: 		intervalo();
0x02CC	0xDF42      	RCALL       _intervalo
;codigomorse.c,142 :: 		escreveTraco();
0x02CE	0xDEA6      	RCALL       _escreveTraco
;codigomorse.c,143 :: 		delay_ms(300);
0x02D0	0x0E04      	MOVLW       4
0x02D2	0x6E0B      	MOVWF       R11, 0
0x02D4	0x0E0C      	MOVLW       12
0x02D6	0x6E0C      	MOVWF       R12, 0
0x02D8	0x0E33      	MOVLW       51
0x02DA	0x6E0D      	MOVWF       R13, 0
L_main25:
0x02DC	0x2E0D      	DECFSZ      R13, 1, 0
0x02DE	0xD7FE      	BRA         L_main25
0x02E0	0x2E0C      	DECFSZ      R12, 1, 0
0x02E2	0xD7FC      	BRA         L_main25
0x02E4	0x2E0B      	DECFSZ      R11, 1, 0
0x02E6	0xD7FA      	BRA         L_main25
0x02E8	0x0000      	NOP
0x02EA	0x0000      	NOP
;codigomorse.c,145 :: 		escreveTraco();
0x02EC	0xDE97      	RCALL       _escreveTraco
;codigomorse.c,147 :: 		intervalo();
0x02EE	0xDF31      	RCALL       _intervalo
;codigomorse.c,151 :: 		escreveTraco();
0x02F0	0xDE95      	RCALL       _escreveTraco
;codigomorse.c,152 :: 		delay_ms(300);
0x02F2	0x0E04      	MOVLW       4
0x02F4	0x6E0B      	MOVWF       R11, 0
0x02F6	0x0E0C      	MOVLW       12
0x02F8	0x6E0C      	MOVWF       R12, 0
0x02FA	0x0E33      	MOVLW       51
0x02FC	0x6E0D      	MOVWF       R13, 0
L_main26:
0x02FE	0x2E0D      	DECFSZ      R13, 1, 0
0x0300	0xD7FE      	BRA         L_main26
0x0302	0x2E0C      	DECFSZ      R12, 1, 0
0x0304	0xD7FC      	BRA         L_main26
0x0306	0x2E0B      	DECFSZ      R11, 1, 0
0x0308	0xD7FA      	BRA         L_main26
0x030A	0x0000      	NOP
0x030C	0x0000      	NOP
;codigomorse.c,154 :: 		escrevePonto();
0x030E	0xDE95      	RCALL       _escrevePonto
;codigomorse.c,156 :: 		intervalo();
0x0310	0xDF20      	RCALL       _intervalo
;codigomorse.c,160 :: 		escrevePonto();
0x0312	0xDE93      	RCALL       _escrevePonto
;codigomorse.c,161 :: 		delay_ms(300);
0x0314	0x0E04      	MOVLW       4
0x0316	0x6E0B      	MOVWF       R11, 0
0x0318	0x0E0C      	MOVLW       12
0x031A	0x6E0C      	MOVWF       R12, 0
0x031C	0x0E33      	MOVLW       51
0x031E	0x6E0D      	MOVWF       R13, 0
L_main27:
0x0320	0x2E0D      	DECFSZ      R13, 1, 0
0x0322	0xD7FE      	BRA         L_main27
0x0324	0x2E0C      	DECFSZ      R12, 1, 0
0x0326	0xD7FC      	BRA         L_main27
0x0328	0x2E0B      	DECFSZ      R11, 1, 0
0x032A	0xD7FA      	BRA         L_main27
0x032C	0x0000      	NOP
0x032E	0x0000      	NOP
;codigomorse.c,163 :: 		escreveTraco();
0x0330	0xDE75      	RCALL       _escreveTraco
;codigomorse.c,164 :: 		delay_ms(300);
0x0332	0x0E04      	MOVLW       4
0x0334	0x6E0B      	MOVWF       R11, 0
0x0336	0x0E0C      	MOVLW       12
0x0338	0x6E0C      	MOVWF       R12, 0
0x033A	0x0E33      	MOVLW       51
0x033C	0x6E0D      	MOVWF       R13, 0
L_main28:
0x033E	0x2E0D      	DECFSZ      R13, 1, 0
0x0340	0xD7FE      	BRA         L_main28
0x0342	0x2E0C      	DECFSZ      R12, 1, 0
0x0344	0xD7FC      	BRA         L_main28
0x0346	0x2E0B      	DECFSZ      R11, 1, 0
0x0348	0xD7FA      	BRA         L_main28
0x034A	0x0000      	NOP
0x034C	0x0000      	NOP
;codigomorse.c,166 :: 		escreveTraco();
0x034E	0xDE66      	RCALL       _escreveTraco
;codigomorse.c,167 :: 		delay_ms(300);
0x0350	0x0E04      	MOVLW       4
0x0352	0x6E0B      	MOVWF       R11, 0
0x0354	0x0E0C      	MOVLW       12
0x0356	0x6E0C      	MOVWF       R12, 0
0x0358	0x0E33      	MOVLW       51
0x035A	0x6E0D      	MOVWF       R13, 0
L_main29:
0x035C	0x2E0D      	DECFSZ      R13, 1, 0
0x035E	0xD7FE      	BRA         L_main29
0x0360	0x2E0C      	DECFSZ      R12, 1, 0
0x0362	0xD7FC      	BRA         L_main29
0x0364	0x2E0B      	DECFSZ      R11, 1, 0
0x0366	0xD7FA      	BRA         L_main29
0x0368	0x0000      	NOP
0x036A	0x0000      	NOP
;codigomorse.c,169 :: 		escreveTraco();
0x036C	0xDE57      	RCALL       _escreveTraco
;codigomorse.c,170 :: 		}
0x036E	0xD014      	BRA         L_main30
L_main21:
;codigomorse.c,171 :: 		else if (portb.rb1 == 0)
0x0370	0xB281      	BTFSC       PORTB, 1 
0x0372	0xD012      	BRA         L_main31
;codigomorse.c,175 :: 		numero2();
0x0374	0xDEFC      	RCALL       _numero2
;codigomorse.c,177 :: 		intervalo();
0x0376	0xDEED      	RCALL       _intervalo
;codigomorse.c,180 :: 		numero0();
0x0378	0xDEAE      	RCALL       _numero0
;codigomorse.c,182 :: 		intervalo();
0x037A	0xDEEB      	RCALL       _intervalo
;codigomorse.c,185 :: 		numero1();
0x037C	0xDE6E      	RCALL       _numero1
;codigomorse.c,187 :: 		intervalo();
0x037E	0xDEE9      	RCALL       _intervalo
;codigomorse.c,190 :: 		numero8();
0x0380	0xDF34      	RCALL       _numero8
;codigomorse.c,192 :: 		intervalo();
0x0382	0xDEE7      	RCALL       _intervalo
;codigomorse.c,195 :: 		numero1();
0x0384	0xDE6A      	RCALL       _numero1
;codigomorse.c,197 :: 		intervalo();
0x0386	0xDEE5      	RCALL       _intervalo
;codigomorse.c,200 :: 		numero0();
0x0388	0xDEA6      	RCALL       _numero0
;codigomorse.c,202 :: 		intervalo();
0x038A	0xDEE3      	RCALL       _intervalo
;codigomorse.c,205 :: 		numero0();
0x038C	0xDEA4      	RCALL       _numero0
;codigomorse.c,207 :: 		intervalo();
0x038E	0xDEE1      	RCALL       _intervalo
;codigomorse.c,210 :: 		numero8();
0x0390	0xDF2C      	RCALL       _numero8
;codigomorse.c,212 :: 		intervalo();
0x0392	0xDEDF      	RCALL       _intervalo
;codigomorse.c,215 :: 		numero8();
0x0394	0xDF2A      	RCALL       _numero8
;codigomorse.c,217 :: 		intervalo();
0x0396	0xDEDD      	RCALL       _intervalo
;codigomorse.c,218 :: 		}
L_main31:
L_main30:
;codigomorse.c,219 :: 		}
0x0398	0xD769      	BRA         L_main19
;codigomorse.c,220 :: 		}
L_end_main:
0x039A	0xD7FF      	BRA         $+0
; end of _main
Symbol List:
//** Routines locations **
//ADDRESS    SIZE    PROCEDURE
//----------------------------------------------
0x001C      [30]    _escreveTraco
0x003A      [32]    _escrevePonto
0x005A     [124]    _numero1
0x00D6     [124]    _numero0
0x0152      [28]    _intervalo
0x016E     [124]    _numero2
0x01EA     [124]    _numero8
0x0266     [310]    _main
//** Variables locations ** 
//ADDRESS    SIZE    VARIABLE
//----------------------------------------------
0x0000       [1]    R0
0x0001       [1]    R1
0x0002       [1]    R2
0x0003       [1]    R3
0x0004       [1]    R4
0x0005       [1]    R5
0x0006       [1]    R6
0x0007       [1]    R7
0x0008       [1]    R8
0x0009       [1]    R9
0x000A       [1]    R10
0x000B       [1]    R11
0x000C       [1]    R12
0x000D       [1]    R13
0x000E       [1]    R14
0x000F       [1]    R15
0x0010       [1]    R16
0x0011       [1]    R17
0x0012       [1]    R18
0x0013       [1]    R19
0x0014       [1]    R20
0x0F81       [1]    PORTB
0x0F83       [1]    PORTD
0x0F93       [1]    TRISB
0x0F95       [1]    TRISD
0x0FD8       [1]    STATUS
0x0FD9       [1]    FSR2L
0x0FDA       [1]    FSR2H
0x0FDE       [1]    POSTINC2
0x0FE0       [1]    BSR
0x0FE1       [1]    FSR1L
0x0FE2       [1]    FSR1H
0x0FE4       [1]    PREINC1
0x0FE6       [1]    POSTINC1
0x0FE7       [1]    INDF1
0x0FE8       [1]    WREG
0x0FE9       [1]    FSR0L
0x0FEA       [1]    FSR0H
0x0FEE       [1]    POSTINC0
0x0FF3       [1]    PRODL
0x0FF4       [1]    PRODH
0x0FF5       [1]    TABLAT
0x0FF6       [1]    TBLPTRL
0x0FF7       [1]    TBLPTRH
0x0FF8       [1]    TBLPTRU
