;  LST file generated by mikroListExporter - v.2.0 
; Date/Time: 14/11/2024 10:58:11
;----------------------------------------------

;Address Opcode 	ASM
0x0000	0xF001EFE9  	GOTO        978
0x0004	0x0000      	NOP
0x0006	0x0000      	NOP
0x0008	0xF000EF00  	GOTO        0
0x000C	0x0000      	NOP
0x000E	0x0000      	NOP
0x0010	0x0000      	NOP
0x0012	0x0000      	NOP
0x0014	0x0000      	NOP
0x0016	0x0000      	NOP
0x0018	0xD7F3      	BRA         0
_Delay_5500us:
;__Lib_Delays.c,31 :: 		void Delay_5500us() {
;__Lib_Delays.c,32 :: 		Delay_us(5500);
0x001C	0x0E0F      	MOVLW       15
0x001E	0x6E0C      	MOVWF       R12, 0
0x0020	0x0E47      	MOVLW       71
0x0022	0x6E0D      	MOVWF       R13, 0
L_Delay_5500us5:
0x0024	0x2E0D      	DECFSZ      R13, 1, 0
0x0026	0xD7FE      	BRA         L_Delay_5500us5
0x0028	0x2E0C      	DECFSZ      R12, 1, 0
0x002A	0xD7FC      	BRA         L_Delay_5500us5
0x002C	0x0000      	NOP
0x002E	0x0000      	NOP
;__Lib_Delays.c,33 :: 		}
L_end_Delay_5500us:
0x0030	0x0012      	RETURN      0
; end of _Delay_5500us
_Delay_50us:
;__Lib_Delays.c,19 :: 		void Delay_50us() {
;__Lib_Delays.c,20 :: 		Delay_us(50);
0x0032	0x0E21      	MOVLW       33
0x0034	0x6E0D      	MOVWF       R13, 0
L_Delay_50us2:
0x0036	0x2E0D      	DECFSZ      R13, 1, 0
0x0038	0xD7FE      	BRA         L_Delay_50us2
;__Lib_Delays.c,21 :: 		}
L_end_Delay_50us:
0x003A	0x0012      	RETURN      0
; end of _Delay_50us
_Delay_1us:
;__Lib_Delays.c,7 :: 		void Delay_1us() {
;__Lib_Delays.c,8 :: 		Delay_us(1);
0x003C	0x0000      	NOP
0x003E	0x0000      	NOP
;__Lib_Delays.c,9 :: 		}
L_end_Delay_1us:
0x0040	0x0012      	RETURN      0
; end of _Delay_1us
_Lcd_Cmd:
;__Lib_Lcd.c,18 :: 		
;__Lib_Lcd.c,20 :: 		
0x0042	0xBE6D      	BTFSC       FARG_Lcd_Cmd_out_char, 7 
0x0044	0xD002      	BRA         L__Lcd_Cmd21
0x0046	0x9E83      	BCF         LCD_D7, BitPos(LCD_D7+0) 
0x0048	0xD001      	BRA         L__Lcd_Cmd22
L__Lcd_Cmd21:
0x004A	0x8E83      	BSF         LCD_D7, BitPos(LCD_D7+0) 
L__Lcd_Cmd22:
;__Lib_Lcd.c,21 :: 		
0x004C	0xBC6D      	BTFSC       FARG_Lcd_Cmd_out_char, 6 
0x004E	0xD002      	BRA         L__Lcd_Cmd23
0x0050	0x9C83      	BCF         LCD_D6, BitPos(LCD_D6+0) 
0x0052	0xD001      	BRA         L__Lcd_Cmd24
L__Lcd_Cmd23:
0x0054	0x8C83      	BSF         LCD_D6, BitPos(LCD_D6+0) 
L__Lcd_Cmd24:
;__Lib_Lcd.c,22 :: 		
0x0056	0xBA6D      	BTFSC       FARG_Lcd_Cmd_out_char, 5 
0x0058	0xD002      	BRA         L__Lcd_Cmd25
0x005A	0x9A83      	BCF         LCD_D5, BitPos(LCD_D5+0) 
0x005C	0xD001      	BRA         L__Lcd_Cmd26
L__Lcd_Cmd25:
0x005E	0x8A83      	BSF         LCD_D5, BitPos(LCD_D5+0) 
L__Lcd_Cmd26:
;__Lib_Lcd.c,23 :: 		
0x0060	0xB86D      	BTFSC       FARG_Lcd_Cmd_out_char, 4 
0x0062	0xD002      	BRA         L__Lcd_Cmd27
0x0064	0x9883      	BCF         LCD_D4, BitPos(LCD_D4+0) 
0x0066	0xD001      	BRA         L__Lcd_Cmd28
L__Lcd_Cmd27:
0x0068	0x8883      	BSF         LCD_D4, BitPos(LCD_D4+0) 
L__Lcd_Cmd28:
;__Lib_Lcd.c,25 :: 		
0x006A	0xB05A      	BTFSC       __Lib_Lcd_cmd_status, BitPos(__Lib_Lcd_cmd_status+0) 
0x006C	0xD002      	BRA         L__Lcd_Cmd29
0x006E	0x8484      	BSF         LCD_RS, BitPos(LCD_RS+0) 
0x0070	0xD001      	BRA         L__Lcd_Cmd30
L__Lcd_Cmd29:
0x0072	0x9484      	BCF         LCD_RS, BitPos(LCD_RS+0) 
L__Lcd_Cmd30:
;__Lib_Lcd.c,28 :: 		
0x0074	0x8284      	BSF         LCD_EN, BitPos(LCD_EN+0) 
;__Lib_Lcd.c,29 :: 		
0x0076	0xDFE2      	RCALL       _Delay_1us
;__Lib_Lcd.c,30 :: 		
0x0078	0x9284      	BCF         LCD_EN, BitPos(LCD_EN+0) 
;__Lib_Lcd.c,33 :: 		
0x007A	0xB66D      	BTFSC       FARG_Lcd_Cmd_out_char, 3 
0x007C	0xD002      	BRA         L__Lcd_Cmd31
0x007E	0x9E83      	BCF         LCD_D7, BitPos(LCD_D7+0) 
0x0080	0xD001      	BRA         L__Lcd_Cmd32
L__Lcd_Cmd31:
0x0082	0x8E83      	BSF         LCD_D7, BitPos(LCD_D7+0) 
L__Lcd_Cmd32:
;__Lib_Lcd.c,34 :: 		
0x0084	0xB46D      	BTFSC       FARG_Lcd_Cmd_out_char, 2 
0x0086	0xD002      	BRA         L__Lcd_Cmd33
0x0088	0x9C83      	BCF         LCD_D6, BitPos(LCD_D6+0) 
0x008A	0xD001      	BRA         L__Lcd_Cmd34
L__Lcd_Cmd33:
0x008C	0x8C83      	BSF         LCD_D6, BitPos(LCD_D6+0) 
L__Lcd_Cmd34:
;__Lib_Lcd.c,35 :: 		
0x008E	0xB26D      	BTFSC       FARG_Lcd_Cmd_out_char, 1 
0x0090	0xD002      	BRA         L__Lcd_Cmd35
0x0092	0x9A83      	BCF         LCD_D5, BitPos(LCD_D5+0) 
0x0094	0xD001      	BRA         L__Lcd_Cmd36
L__Lcd_Cmd35:
0x0096	0x8A83      	BSF         LCD_D5, BitPos(LCD_D5+0) 
L__Lcd_Cmd36:
;__Lib_Lcd.c,36 :: 		
0x0098	0xB06D      	BTFSC       FARG_Lcd_Cmd_out_char, 0 
0x009A	0xD002      	BRA         L__Lcd_Cmd37
0x009C	0x9883      	BCF         LCD_D4, BitPos(LCD_D4+0) 
0x009E	0xD001      	BRA         L__Lcd_Cmd38
L__Lcd_Cmd37:
0x00A0	0x8883      	BSF         LCD_D4, BitPos(LCD_D4+0) 
L__Lcd_Cmd38:
;__Lib_Lcd.c,38 :: 		
0x00A2	0xB05A      	BTFSC       __Lib_Lcd_cmd_status, BitPos(__Lib_Lcd_cmd_status+0) 
0x00A4	0xD002      	BRA         L__Lcd_Cmd39
0x00A6	0x8484      	BSF         LCD_RS, BitPos(LCD_RS+0) 
0x00A8	0xD001      	BRA         L__Lcd_Cmd40
L__Lcd_Cmd39:
0x00AA	0x9484      	BCF         LCD_RS, BitPos(LCD_RS+0) 
L__Lcd_Cmd40:
;__Lib_Lcd.c,40 :: 		
0x00AC	0x8284      	BSF         LCD_EN, BitPos(LCD_EN+0) 
;__Lib_Lcd.c,41 :: 		
0x00AE	0xDFC6      	RCALL       _Delay_1us
;__Lib_Lcd.c,42 :: 		
0x00B0	0x9284      	BCF         LCD_EN, BitPos(LCD_EN+0) 
;__Lib_Lcd.c,44 :: 		
0x00B2	0xA05A      	BTFSS       __Lib_Lcd_cmd_status, BitPos(__Lib_Lcd_cmd_status+0) 
0x00B4	0xD002      	BRA         L_Lcd_Cmd0
;__Lib_Lcd.c,45 :: 		
0x00B6	0xDFB2      	RCALL       _Delay_5500us
0x00B8	0xD001      	BRA         L_Lcd_Cmd1
L_Lcd_Cmd0:
;__Lib_Lcd.c,47 :: 		
0x00BA	0xDFBB      	RCALL       _Delay_50us
L_Lcd_Cmd1:
;__Lib_Lcd.c,48 :: 		
L_end_Lcd_Cmd:
0x00BC	0x0012      	RETURN      0
; end of _Lcd_Cmd
_Lcd_Chr_CP:
;__Lib_Lcd.c,50 :: 		
;__Lib_Lcd.c,52 :: 		
0x00BE	0x905A      	BCF         __Lib_Lcd_cmd_status, BitPos(__Lib_Lcd_cmd_status+0) 
;__Lib_Lcd.c,53 :: 		
0x00C0	0xF06DC06C  	MOVFF       FARG_Lcd_Chr_CP_out_char, FARG_Lcd_Cmd_out_char
0x00C4	0xDFBE      	RCALL       _Lcd_Cmd
;__Lib_Lcd.c,54 :: 		
0x00C6	0x805A      	BSF         __Lib_Lcd_cmd_status, BitPos(__Lib_Lcd_cmd_status+0) 
;__Lib_Lcd.c,55 :: 		
L_end_Lcd_Chr_CP:
0x00C8	0x0012      	RETURN      0
; end of _Lcd_Chr_CP
_Lcd_Out:
;__Lib_Lcd.c,184 :: 		
;__Lib_Lcd.c,187 :: 		
0x00CA	0xD00F      	BRA         L_Lcd_Out11
;__Lib_Lcd.c,188 :: 		
L_Lcd_Out13:
0x00CC	0x0E80      	MOVLW       128
0x00CE	0x6E67      	MOVWF       FARG_Lcd_Out_row 
0x00D0	0xD019      	BRA         L_Lcd_Out12
;__Lib_Lcd.c,189 :: 		
L_Lcd_Out14:
0x00D2	0x0EC0      	MOVLW       192
0x00D4	0x6E67      	MOVWF       FARG_Lcd_Out_row 
0x00D6	0xD016      	BRA         L_Lcd_Out12
;__Lib_Lcd.c,190 :: 		
L_Lcd_Out15:
0x00D8	0x0E94      	MOVLW       148
0x00DA	0x6E67      	MOVWF       FARG_Lcd_Out_row 
0x00DC	0xD013      	BRA         L_Lcd_Out12
;__Lib_Lcd.c,191 :: 		
L_Lcd_Out16:
0x00DE	0x0ED4      	MOVLW       212
0x00E0	0x6E67      	MOVWF       FARG_Lcd_Out_row 
0x00E2	0xD010      	BRA         L_Lcd_Out12
;__Lib_Lcd.c,192 :: 		
L_Lcd_Out17:
0x00E4	0x0E80      	MOVLW       128
0x00E6	0x6E67      	MOVWF       FARG_Lcd_Out_row 
;__Lib_Lcd.c,193 :: 		
0x00E8	0xD00D      	BRA         L_Lcd_Out12
L_Lcd_Out11:
0x00EA	0x5067      	MOVF        FARG_Lcd_Out_row, 0 
0x00EC	0x0A01      	XORLW       1
0x00EE	0xE0EE      	BZ          L_Lcd_Out13
0x00F0	0x5067      	MOVF        FARG_Lcd_Out_row, 0 
0x00F2	0x0A02      	XORLW       2
0x00F4	0xE0EE      	BZ          L_Lcd_Out14
0x00F6	0x5067      	MOVF        FARG_Lcd_Out_row, 0 
0x00F8	0x0A03      	XORLW       3
0x00FA	0xE0EE      	BZ          L_Lcd_Out15
0x00FC	0x5067      	MOVF        FARG_Lcd_Out_row, 0 
0x00FE	0x0A04      	XORLW       4
0x0100	0xE0EE      	BZ          L_Lcd_Out16
0x0102	0xD7F0      	BRA         L_Lcd_Out17
L_Lcd_Out12:
;__Lib_Lcd.c,194 :: 		
0x0104	0x0468      	DECF        FARG_Lcd_Out_column, 0 
0x0106	0x6E00      	MOVWF       R0 
0x0108	0x5067      	MOVF        FARG_Lcd_Out_row, 0 
0x010A	0x2600      	ADDWF       R0, 1 
0x010C	0xF067C000  	MOVFF       R0, FARG_Lcd_Out_row
;__Lib_Lcd.c,196 :: 		
0x0110	0xF06DC000  	MOVFF       R0, FARG_Lcd_Cmd_out_char
0x0114	0xDF96      	RCALL       _Lcd_Cmd
;__Lib_Lcd.c,197 :: 		
0x0116	0x905A      	BCF         __Lib_Lcd_cmd_status, BitPos(__Lib_Lcd_cmd_status+0) 
;__Lib_Lcd.c,198 :: 		
0x0118	0x6A6B      	CLRF        Lcd_Out_i_L0 
;__Lib_Lcd.c,199 :: 		
L_Lcd_Out18:
0x011A	0x506B      	MOVF        Lcd_Out_i_L0, 0 
0x011C	0x2469      	ADDWF       FARG_Lcd_Out_text, 0 
0x011E	0x6EE9      	MOVWF       FSR0L 
0x0120	0x0E00      	MOVLW       0
0x0122	0x206A      	ADDWFC      FARG_Lcd_Out_text+1, 0 
0x0124	0x6EEA      	MOVWF       FSR0H 
0x0126	0x52EE      	MOVF        POSTINC0, 1 
0x0128	0xE00B      	BZ          L_Lcd_Out19
;__Lib_Lcd.c,200 :: 		
0x012A	0x506B      	MOVF        Lcd_Out_i_L0, 0 
0x012C	0x2469      	ADDWF       FARG_Lcd_Out_text, 0 
0x012E	0x6EE9      	MOVWF       FSR0L 
0x0130	0x0E00      	MOVLW       0
0x0132	0x206A      	ADDWFC      FARG_Lcd_Out_text+1, 0 
0x0134	0x6EEA      	MOVWF       FSR0H 
0x0136	0xF06CCFEE  	MOVFF       POSTINC0, FARG_Lcd_Chr_CP_out_char
0x013A	0xDFC1      	RCALL       _Lcd_Chr_CP
0x013C	0x2A6B      	INCF        Lcd_Out_i_L0, 1 
0x013E	0xD7ED      	BRA         L_Lcd_Out18
L_Lcd_Out19:
;__Lib_Lcd.c,201 :: 		
0x0140	0x805A      	BSF         __Lib_Lcd_cmd_status, BitPos(__Lib_Lcd_cmd_status+0) 
;__Lib_Lcd.c,202 :: 		
L_end_Lcd_Out:
0x0142	0x0012      	RETURN      0
; end of _Lcd_Out
_ascendeLed:
;exercicio4.c,82 :: 		void ascendeLed(){
;exercicio4.c,83 :: 		portb = 240;
0x0144	0x0EF0      	MOVLW       240
0x0146	0x6E81      	MOVWF       PORTB 
;exercicio4.c,84 :: 		delay_ms(250);
0x0148	0x0E03      	MOVLW       3
0x014A	0x6E0B      	MOVWF       R11, 0
0x014C	0x0E8A      	MOVLW       138
0x014E	0x6E0C      	MOVWF       R12, 0
0x0150	0x0E55      	MOVLW       85
0x0152	0x6E0D      	MOVWF       R13, 0
L_ascendeLed39:
0x0154	0x2E0D      	DECFSZ      R13, 1, 0
0x0156	0xD7FE      	BRA         L_ascendeLed39
0x0158	0x2E0C      	DECFSZ      R12, 1, 0
0x015A	0xD7FC      	BRA         L_ascendeLed39
0x015C	0x2E0B      	DECFSZ      R11, 1, 0
0x015E	0xD7FA      	BRA         L_ascendeLed39
0x0160	0x0000      	NOP
0x0162	0x0000      	NOP
;exercicio4.c,85 :: 		portb = 0;
0x0164	0x6A81      	CLRF        PORTB 
;exercicio4.c,86 :: 		delay_ms(250);
0x0166	0x0E03      	MOVLW       3
0x0168	0x6E0B      	MOVWF       R11, 0
0x016A	0x0E8A      	MOVLW       138
0x016C	0x6E0C      	MOVWF       R12, 0
0x016E	0x0E55      	MOVLW       85
0x0170	0x6E0D      	MOVWF       R13, 0
L_ascendeLed40:
0x0172	0x2E0D      	DECFSZ      R13, 1, 0
0x0174	0xD7FE      	BRA         L_ascendeLed40
0x0176	0x2E0C      	DECFSZ      R12, 1, 0
0x0178	0xD7FC      	BRA         L_ascendeLed40
0x017A	0x2E0B      	DECFSZ      R11, 1, 0
0x017C	0xD7FA      	BRA         L_ascendeLed40
0x017E	0x0000      	NOP
0x0180	0x0000      	NOP
;exercicio4.c,87 :: 		}
L_end_ascendeLed:
0x0182	0x0012      	RETURN      0
; end of _ascendeLed
_Lcd_Init:
;__Lib_Lcd.c,84 :: 		
;__Lib_Lcd.c,86 :: 		
0x0184	0x9296      	BCF         LCD_EN_Direction, BitPos(LCD_EN_Direction+0) 
;__Lib_Lcd.c,87 :: 		
0x0186	0x9496      	BCF         LCD_RS_Direction, BitPos(LCD_RS_Direction+0) 
;__Lib_Lcd.c,88 :: 		
0x0188	0x9895      	BCF         LCD_D4_Direction, BitPos(LCD_D4_Direction+0) 
;__Lib_Lcd.c,89 :: 		
0x018A	0x9A95      	BCF         LCD_D5_Direction, BitPos(LCD_D5_Direction+0) 
;__Lib_Lcd.c,90 :: 		
0x018C	0x9C95      	BCF         LCD_D6_Direction, BitPos(LCD_D6_Direction+0) 
;__Lib_Lcd.c,91 :: 		
0x018E	0x9E95      	BCF         LCD_D7_Direction, BitPos(LCD_D7_Direction+0) 
;__Lib_Lcd.c,93 :: 		
0x0190	0x9284      	BCF         LCD_EN, BitPos(LCD_EN+0) 
;__Lib_Lcd.c,94 :: 		
0x0192	0x9484      	BCF         LCD_RS, BitPos(LCD_RS+0) 
;__Lib_Lcd.c,95 :: 		
0x0194	0x9E83      	BCF         LCD_D7, BitPos(LCD_D7+0) 
;__Lib_Lcd.c,96 :: 		
0x0196	0x9C83      	BCF         LCD_D6, BitPos(LCD_D6+0) 
;__Lib_Lcd.c,97 :: 		
0x0198	0x9A83      	BCF         LCD_D5, BitPos(LCD_D5+0) 
;__Lib_Lcd.c,98 :: 		
0x019A	0x9883      	BCF         LCD_D4, BitPos(LCD_D4+0) 
;__Lib_Lcd.c,100 :: 		
0x019C	0xDF3F      	RCALL       _Delay_5500us
;__Lib_Lcd.c,101 :: 		
0x019E	0xDF3E      	RCALL       _Delay_5500us
;__Lib_Lcd.c,102 :: 		
0x01A0	0xDF3D      	RCALL       _Delay_5500us
;__Lib_Lcd.c,105 :: 		
0x01A2	0x8A83      	BSF         LCD_D5, BitPos(LCD_D5+0) 
;__Lib_Lcd.c,106 :: 		
0x01A4	0x8883      	BSF         LCD_D4, BitPos(LCD_D4+0) 
;__Lib_Lcd.c,107 :: 		
0x01A6	0x8284      	BSF         LCD_EN, BitPos(LCD_EN+0) 
;__Lib_Lcd.c,108 :: 		
0x01A8	0xDF49      	RCALL       _Delay_1us
;__Lib_Lcd.c,109 :: 		
0x01AA	0x9284      	BCF         LCD_EN, BitPos(LCD_EN+0) 
;__Lib_Lcd.c,110 :: 		
0x01AC	0xDF37      	RCALL       _Delay_5500us
;__Lib_Lcd.c,112 :: 		
0x01AE	0x8284      	BSF         LCD_EN, BitPos(LCD_EN+0) 
;__Lib_Lcd.c,113 :: 		
0x01B0	0xDF45      	RCALL       _Delay_1us
;__Lib_Lcd.c,114 :: 		
0x01B2	0x9284      	BCF         LCD_EN, BitPos(LCD_EN+0) 
;__Lib_Lcd.c,115 :: 		
0x01B4	0xDF33      	RCALL       _Delay_5500us
;__Lib_Lcd.c,117 :: 		
0x01B6	0x8284      	BSF         LCD_EN, BitPos(LCD_EN+0) 
;__Lib_Lcd.c,118 :: 		
0x01B8	0xDF41      	RCALL       _Delay_1us
;__Lib_Lcd.c,119 :: 		
0x01BA	0x9284      	BCF         LCD_EN, BitPos(LCD_EN+0) 
;__Lib_Lcd.c,120 :: 		
0x01BC	0xDF2F      	RCALL       _Delay_5500us
;__Lib_Lcd.c,123 :: 		
0x01BE	0x9883      	BCF         LCD_D4, BitPos(LCD_D4+0) 
;__Lib_Lcd.c,124 :: 		
0x01C0	0x8284      	BSF         LCD_EN, BitPos(LCD_EN+0) 
;__Lib_Lcd.c,125 :: 		
0x01C2	0xDF3C      	RCALL       _Delay_1us
;__Lib_Lcd.c,126 :: 		
0x01C4	0x9284      	BCF         LCD_EN, BitPos(LCD_EN+0) 
;__Lib_Lcd.c,127 :: 		
0x01C6	0xDF2A      	RCALL       _Delay_5500us
;__Lib_Lcd.c,130 :: 		
0x01C8	0x8284      	BSF         LCD_EN, BitPos(LCD_EN+0) 
;__Lib_Lcd.c,131 :: 		
0x01CA	0xDF38      	RCALL       _Delay_1us
;__Lib_Lcd.c,132 :: 		
0x01CC	0x9284      	BCF         LCD_EN, BitPos(LCD_EN+0) 
;__Lib_Lcd.c,134 :: 		
0x01CE	0x9A83      	BCF         LCD_D5, BitPos(LCD_D5+0) 
;__Lib_Lcd.c,135 :: 		
0x01D0	0x8E83      	BSF         LCD_D7, BitPos(LCD_D7+0) 
;__Lib_Lcd.c,136 :: 		
0x01D2	0x8284      	BSF         LCD_EN, BitPos(LCD_EN+0) 
;__Lib_Lcd.c,137 :: 		
0x01D4	0xDF33      	RCALL       _Delay_1us
;__Lib_Lcd.c,138 :: 		
0x01D6	0x9284      	BCF         LCD_EN, BitPos(LCD_EN+0) 
;__Lib_Lcd.c,139 :: 		
0x01D8	0xDF21      	RCALL       _Delay_5500us
;__Lib_Lcd.c,142 :: 		
0x01DA	0x9E83      	BCF         LCD_D7, BitPos(LCD_D7+0) 
;__Lib_Lcd.c,143 :: 		
0x01DC	0x8883      	BSF         LCD_D4, BitPos(LCD_D4+0) 
;__Lib_Lcd.c,144 :: 		
0x01DE	0x8284      	BSF         LCD_EN, BitPos(LCD_EN+0) 
;__Lib_Lcd.c,145 :: 		
0x01E0	0xDF2D      	RCALL       _Delay_1us
;__Lib_Lcd.c,146 :: 		
0x01E2	0x9284      	BCF         LCD_EN, BitPos(LCD_EN+0) 
;__Lib_Lcd.c,148 :: 		
0x01E4	0x9883      	BCF         LCD_D4, BitPos(LCD_D4+0) 
;__Lib_Lcd.c,149 :: 		
0x01E6	0x8284      	BSF         LCD_EN, BitPos(LCD_EN+0) 
;__Lib_Lcd.c,150 :: 		
0x01E8	0xDF29      	RCALL       _Delay_1us
;__Lib_Lcd.c,151 :: 		
0x01EA	0x9284      	BCF         LCD_EN, BitPos(LCD_EN+0) 
;__Lib_Lcd.c,152 :: 		
0x01EC	0xDF17      	RCALL       _Delay_5500us
;__Lib_Lcd.c,155 :: 		
0x01EE	0x8284      	BSF         LCD_EN, BitPos(LCD_EN+0) 
;__Lib_Lcd.c,156 :: 		
0x01F0	0xDF25      	RCALL       _Delay_1us
;__Lib_Lcd.c,157 :: 		
0x01F2	0x9284      	BCF         LCD_EN, BitPos(LCD_EN+0) 
;__Lib_Lcd.c,159 :: 		
0x01F4	0x8883      	BSF         LCD_D4, BitPos(LCD_D4+0) 
;__Lib_Lcd.c,160 :: 		
0x01F6	0x8284      	BSF         LCD_EN, BitPos(LCD_EN+0) 
;__Lib_Lcd.c,161 :: 		
0x01F8	0xDF21      	RCALL       _Delay_1us
;__Lib_Lcd.c,162 :: 		
0x01FA	0x9284      	BCF         LCD_EN, BitPos(LCD_EN+0) 
;__Lib_Lcd.c,163 :: 		
0x01FC	0xDF0F      	RCALL       _Delay_5500us
;__Lib_Lcd.c,166 :: 		
0x01FE	0x9883      	BCF         LCD_D4, BitPos(LCD_D4+0) 
;__Lib_Lcd.c,167 :: 		
0x0200	0x8284      	BSF         LCD_EN, BitPos(LCD_EN+0) 
;__Lib_Lcd.c,168 :: 		
0x0202	0xDF1C      	RCALL       _Delay_1us
;__Lib_Lcd.c,169 :: 		
0x0204	0x9284      	BCF         LCD_EN, BitPos(LCD_EN+0) 
;__Lib_Lcd.c,171 :: 		
0x0206	0x8E83      	BSF         LCD_D7, BitPos(LCD_D7+0) 
;__Lib_Lcd.c,172 :: 		
0x0208	0x8C83      	BSF         LCD_D6, BitPos(LCD_D6+0) 
;__Lib_Lcd.c,173 :: 		
0x020A	0x8A83      	BSF         LCD_D5, BitPos(LCD_D5+0) 
;__Lib_Lcd.c,174 :: 		
0x020C	0x8883      	BSF         LCD_D4, BitPos(LCD_D4+0) 
;__Lib_Lcd.c,175 :: 		
0x020E	0x8284      	BSF         LCD_EN, BitPos(LCD_EN+0) 
;__Lib_Lcd.c,176 :: 		
0x0210	0xDF15      	RCALL       _Delay_1us
;__Lib_Lcd.c,177 :: 		
0x0212	0x9284      	BCF         LCD_EN, BitPos(LCD_EN+0) 
;__Lib_Lcd.c,179 :: 		
0x0214	0xDF03      	RCALL       _Delay_5500us
;__Lib_Lcd.c,181 :: 		
0x0216	0x805A      	BSF         __Lib_Lcd_cmd_status, BitPos(__Lib_Lcd_cmd_status+0) 
;__Lib_Lcd.c,182 :: 		
L_end_Lcd_Init:
0x0218	0x0012      	RETURN      0
; end of _Lcd_Init
___CC2DW:
;__Lib_System.c,21 :: 		
;__Lib_System.c,23 :: 		
_CC2DL_Loop1:
;__Lib_System.c,24 :: 		
0x021A	0x0009      	TBLRD*+
;__Lib_System.c,25 :: 		
0x021C	0xFFE6CFF5  	MOVFF       TABLAT, POSTINC1
;__Lib_System.c,26 :: 		
0x0220	0x0600      	DECF        R0, 1, 0
;__Lib_System.c,27 :: 		
0x0222	0xE1FB      	BNZ         _CC2DL_Loop1
;__Lib_System.c,28 :: 		
0x0224	0x0601      	DECF        R1, 1, 0
;__Lib_System.c,29 :: 		
0x0226	0xE1F9      	BNZ         _CC2DL_Loop1
;__Lib_System.c,31 :: 		
L_end___CC2DW:
0x0228	0x0012      	RETURN      0
; end of ___CC2DW
_LCD:
;exercicio4.c,35 :: 		void LCD(char texto[16]) {
;exercicio4.c,36 :: 		Lcd_Out(1,1,texto);
0x022A	0x0E01      	MOVLW       1
0x022C	0x6E67      	MOVWF       FARG_Lcd_Out_row 
0x022E	0x0E01      	MOVLW       1
0x0230	0x6E68      	MOVWF       FARG_Lcd_Out_column 
0x0232	0xF069C062  	MOVFF       FARG_LCD_texto, FARG_Lcd_Out_text
0x0236	0xF06AC063  	MOVFF       FARG_LCD_texto+1, FARG_Lcd_Out_text+1
0x023A	0xDF47      	RCALL       _Lcd_Out
;exercicio4.c,37 :: 		}
L_end_LCD:
0x023C	0x0012      	RETURN      0
; end of _LCD
_strcmp:
;__Lib_CString.c,115 :: 		
;__Lib_CString.c,117 :: 		
L_strcmp30:
0x023E	0xFFE9C062  	MOVFF       FARG_strcmp_s1, FSR0L
0x0242	0xFFEAC063  	MOVFF       FARG_strcmp_s1+1, FSR0H
0x0246	0x52EE      	MOVF        POSTINC0, 1 
0x0248	0xE010      	BZ          L_strcmp31
0x024A	0xFFE9C062  	MOVFF       FARG_strcmp_s1, FSR0L
0x024E	0xFFEAC063  	MOVFF       FARG_strcmp_s1+1, FSR0H
0x0252	0xFFD9C064  	MOVFF       FARG_strcmp_s2, FSR2L
0x0256	0xFFDAC065  	MOVFF       FARG_strcmp_s2+1, FSR2H
0x025A	0x50EE      	MOVF        POSTINC0, 0 
0x025C	0x18DE      	XORWF       POSTINC2, 0 
0x025E	0xE105      	BNZ         L_strcmp31
L__strcmp82:
;__Lib_CString.c,118 :: 		
0x0260	0x4A62      	INFSNZ      FARG_strcmp_s1, 1 
0x0262	0x2A63      	INCF        FARG_strcmp_s1+1, 1 
0x0264	0x4A64      	INFSNZ      FARG_strcmp_s2, 1 
0x0266	0x2A65      	INCF        FARG_strcmp_s2+1, 1 
0x0268	0xD7EA      	BRA         L_strcmp30
L_strcmp31:
;__Lib_CString.c,120 :: 		
0x026A	0xFFE9C062  	MOVFF       FARG_strcmp_s1, FSR0L
0x026E	0xFFEAC063  	MOVFF       FARG_strcmp_s1+1, FSR0H
0x0272	0xFFD9C064  	MOVFF       FARG_strcmp_s2, FSR2L
0x0276	0xFFDAC065  	MOVFF       FARG_strcmp_s2+1, FSR2H
0x027A	0x50DE      	MOVF        POSTINC2, 0 
0x027C	0x5CEE      	SUBWF       POSTINC0, 0 
0x027E	0x6E00      	MOVWF       R0 
0x0280	0x6A01      	CLRF        R1 
0x0282	0x0E00      	MOVLW       0
0x0284	0x5A01      	SUBWFB      R1, 1 
;__Lib_CString.c,121 :: 		
L_end_strcmp:
0x0286	0x0012      	RETURN      0
; end of _strcmp
_teclaDigitada:
;exercicio4.c,40 :: 		char teclaDigitada(int j) {
;exercicio4.c,44 :: 		portb.rb0 = 0;          // habilita primeira coluna do teclado
0x0288	0x9081      	BCF         PORTB, 0 
;exercicio4.c,45 :: 		delay_ms(atraso);
0x028A	0x0E82      	MOVLW       130
0x028C	0x6E0C      	MOVWF       R12, 0
0x028E	0x0EDD      	MOVLW       221
0x0290	0x6E0D      	MOVWF       R13, 0
L_teclaDigitada0:
0x0292	0x2E0D      	DECFSZ      R13, 1, 0
0x0294	0xD7FE      	BRA         L_teclaDigitada0
0x0296	0x2E0C      	DECFSZ      R12, 1, 0
0x0298	0xD7FC      	BRA         L_teclaDigitada0
0x029A	0x0000      	NOP
0x029C	0x0000      	NOP
;exercicio4.c,46 :: 		if (portd.rd1 == 0)               saida = '7';
0x029E	0xB283      	BTFSC       PORTD, 1 
0x02A0	0xD003      	BRA         L_teclaDigitada1
0x02A2	0x0E37      	MOVLW       55
0x02A4	0x6E64      	MOVWF       teclaDigitada_saida_L0 
0x02A6	0xD00B      	BRA         L_teclaDigitada2
L_teclaDigitada1:
;exercicio4.c,47 :: 		else if (portd.rd2 == 0)          saida = '4';
0x02A8	0xB483      	BTFSC       PORTD, 2 
0x02AA	0xD003      	BRA         L_teclaDigitada3
0x02AC	0x0E34      	MOVLW       52
0x02AE	0x6E64      	MOVWF       teclaDigitada_saida_L0 
0x02B0	0xD006      	BRA         L_teclaDigitada4
L_teclaDigitada3:
;exercicio4.c,48 :: 		else if (portd.rd3 == 0)          saida = '1';
0x02B2	0xB683      	BTFSC       PORTD, 3 
0x02B4	0xD003      	BRA         L_teclaDigitada5
0x02B6	0x0E31      	MOVLW       49
0x02B8	0x6E64      	MOVWF       teclaDigitada_saida_L0 
0x02BA	0xD001      	BRA         L_teclaDigitada6
L_teclaDigitada5:
;exercicio4.c,49 :: 		else saida = '\0';
0x02BC	0x6A64      	CLRF        teclaDigitada_saida_L0 
L_teclaDigitada6:
L_teclaDigitada4:
L_teclaDigitada2:
;exercicio4.c,50 :: 		portb.rb0 = 1;          // desabilita primeira coluna do teclado
0x02BE	0x8081      	BSF         PORTB, 0 
;exercicio4.c,51 :: 		delay_ms(atraso);
0x02C0	0x0E82      	MOVLW       130
0x02C2	0x6E0C      	MOVWF       R12, 0
0x02C4	0x0EDD      	MOVLW       221
0x02C6	0x6E0D      	MOVWF       R13, 0
L_teclaDigitada7:
0x02C8	0x2E0D      	DECFSZ      R13, 1, 0
0x02CA	0xD7FE      	BRA         L_teclaDigitada7
0x02CC	0x2E0C      	DECFSZ      R12, 1, 0
0x02CE	0xD7FC      	BRA         L_teclaDigitada7
0x02D0	0x0000      	NOP
0x02D2	0x0000      	NOP
;exercicio4.c,53 :: 		portb.rb1 = 0;          // habilita segunda coluna do teclado
0x02D4	0x9281      	BCF         PORTB, 1 
;exercicio4.c,54 :: 		delay_ms(atraso);
0x02D6	0x0E82      	MOVLW       130
0x02D8	0x6E0C      	MOVWF       R12, 0
0x02DA	0x0EDD      	MOVLW       221
0x02DC	0x6E0D      	MOVWF       R13, 0
L_teclaDigitada8:
0x02DE	0x2E0D      	DECFSZ      R13, 1, 0
0x02E0	0xD7FE      	BRA         L_teclaDigitada8
0x02E2	0x2E0C      	DECFSZ      R12, 1, 0
0x02E4	0xD7FC      	BRA         L_teclaDigitada8
0x02E6	0x0000      	NOP
0x02E8	0x0000      	NOP
;exercicio4.c,55 :: 		if (saida == '\0' && portd.rd0 == 0)                saida = '0';
0x02EA	0x5064      	MOVF        teclaDigitada_saida_L0, 0 
0x02EC	0x0A00      	XORLW       0
0x02EE	0xE105      	BNZ         L_teclaDigitada11
0x02F0	0xB083      	BTFSC       PORTD, 0 
0x02F2	0xD003      	BRA         L_teclaDigitada11
L__teclaDigitada62:
0x02F4	0x0E30      	MOVLW       48
0x02F6	0x6E64      	MOVWF       teclaDigitada_saida_L0 
0x02F8	0xD017      	BRA         L_teclaDigitada12
L_teclaDigitada11:
;exercicio4.c,56 :: 		else if (saida == '\0' && portd.rd1 == 0)        saida = '8';
0x02FA	0x5064      	MOVF        teclaDigitada_saida_L0, 0 
0x02FC	0x0A00      	XORLW       0
0x02FE	0xE105      	BNZ         L_teclaDigitada15
0x0300	0xB283      	BTFSC       PORTD, 1 
0x0302	0xD003      	BRA         L_teclaDigitada15
L__teclaDigitada61:
0x0304	0x0E38      	MOVLW       56
0x0306	0x6E64      	MOVWF       teclaDigitada_saida_L0 
0x0308	0xD00F      	BRA         L_teclaDigitada16
L_teclaDigitada15:
;exercicio4.c,57 :: 		else if (saida == '\0' && portd.rd2 == 0)     saida = '5';
0x030A	0x5064      	MOVF        teclaDigitada_saida_L0, 0 
0x030C	0x0A00      	XORLW       0
0x030E	0xE105      	BNZ         L_teclaDigitada19
0x0310	0xB483      	BTFSC       PORTD, 2 
0x0312	0xD003      	BRA         L_teclaDigitada19
L__teclaDigitada60:
0x0314	0x0E35      	MOVLW       53
0x0316	0x6E64      	MOVWF       teclaDigitada_saida_L0 
0x0318	0xD007      	BRA         L_teclaDigitada20
L_teclaDigitada19:
;exercicio4.c,58 :: 		else if (saida == '\0' && portd.rd3 == 0)  saida = '2';
0x031A	0x5064      	MOVF        teclaDigitada_saida_L0, 0 
0x031C	0x0A00      	XORLW       0
0x031E	0xE104      	BNZ         L_teclaDigitada23
0x0320	0xB683      	BTFSC       PORTD, 3 
0x0322	0xD002      	BRA         L_teclaDigitada23
L__teclaDigitada59:
0x0324	0x0E32      	MOVLW       50
0x0326	0x6E64      	MOVWF       teclaDigitada_saida_L0 
L_teclaDigitada23:
L_teclaDigitada20:
L_teclaDigitada16:
L_teclaDigitada12:
;exercicio4.c,59 :: 		portb.rb1 = 1;          // desabilita segunda coluna do teclado
0x0328	0x8281      	BSF         PORTB, 1 
;exercicio4.c,60 :: 		delay_ms(atraso);
0x032A	0x0E82      	MOVLW       130
0x032C	0x6E0C      	MOVWF       R12, 0
0x032E	0x0EDD      	MOVLW       221
0x0330	0x6E0D      	MOVWF       R13, 0
L_teclaDigitada24:
0x0332	0x2E0D      	DECFSZ      R13, 1, 0
0x0334	0xD7FE      	BRA         L_teclaDigitada24
0x0336	0x2E0C      	DECFSZ      R12, 1, 0
0x0338	0xD7FC      	BRA         L_teclaDigitada24
0x033A	0x0000      	NOP
0x033C	0x0000      	NOP
;exercicio4.c,62 :: 		portb.rb2 = 0;         // habilita terceira coluna do teclado
0x033E	0x9481      	BCF         PORTB, 2 
;exercicio4.c,63 :: 		delay_ms(atraso);
0x0340	0x0E82      	MOVLW       130
0x0342	0x6E0C      	MOVWF       R12, 0
0x0344	0x0EDD      	MOVLW       221
0x0346	0x6E0D      	MOVWF       R13, 0
L_teclaDigitada25:
0x0348	0x2E0D      	DECFSZ      R13, 1, 0
0x034A	0xD7FE      	BRA         L_teclaDigitada25
0x034C	0x2E0C      	DECFSZ      R12, 1, 0
0x034E	0xD7FC      	BRA         L_teclaDigitada25
0x0350	0x0000      	NOP
0x0352	0x0000      	NOP
;exercicio4.c,64 :: 		if (saida == '\0' && portd.rd1 == 0)       saida = '9';
0x0354	0x5064      	MOVF        teclaDigitada_saida_L0, 0 
0x0356	0x0A00      	XORLW       0
0x0358	0xE105      	BNZ         L_teclaDigitada28
0x035A	0xB283      	BTFSC       PORTD, 1 
0x035C	0xD003      	BRA         L_teclaDigitada28
L__teclaDigitada58:
0x035E	0x0E39      	MOVLW       57
0x0360	0x6E64      	MOVWF       teclaDigitada_saida_L0 
0x0362	0xD00F      	BRA         L_teclaDigitada29
L_teclaDigitada28:
;exercicio4.c,65 :: 		else if (saida == '\0' && portd.rd2 == 0)  saida = '6';
0x0364	0x5064      	MOVF        teclaDigitada_saida_L0, 0 
0x0366	0x0A00      	XORLW       0
0x0368	0xE105      	BNZ         L_teclaDigitada32
0x036A	0xB483      	BTFSC       PORTD, 2 
0x036C	0xD003      	BRA         L_teclaDigitada32
L__teclaDigitada57:
0x036E	0x0E36      	MOVLW       54
0x0370	0x6E64      	MOVWF       teclaDigitada_saida_L0 
0x0372	0xD007      	BRA         L_teclaDigitada33
L_teclaDigitada32:
;exercicio4.c,66 :: 		else if (saida == '\0' && portd.rd3 == 0)  saida = '3';
0x0374	0x5064      	MOVF        teclaDigitada_saida_L0, 0 
0x0376	0x0A00      	XORLW       0
0x0378	0xE104      	BNZ         L_teclaDigitada36
0x037A	0xB683      	BTFSC       PORTD, 3 
0x037C	0xD002      	BRA         L_teclaDigitada36
L__teclaDigitada56:
0x037E	0x0E33      	MOVLW       51
0x0380	0x6E64      	MOVWF       teclaDigitada_saida_L0 
L_teclaDigitada36:
L_teclaDigitada33:
L_teclaDigitada29:
;exercicio4.c,67 :: 		portb.rb2 = 1;         // desabilita terceira coluna do teclado
0x0382	0x8481      	BSF         PORTB, 2 
;exercicio4.c,68 :: 		delay_ms(atraso);
0x0384	0x0E82      	MOVLW       130
0x0386	0x6E0C      	MOVWF       R12, 0
0x0388	0x0EDD      	MOVLW       221
0x038A	0x6E0D      	MOVWF       R13, 0
L_teclaDigitada37:
0x038C	0x2E0D      	DECFSZ      R13, 1, 0
0x038E	0xD7FE      	BRA         L_teclaDigitada37
0x0390	0x2E0C      	DECFSZ      R12, 1, 0
0x0392	0xD7FC      	BRA         L_teclaDigitada37
0x0394	0x0000      	NOP
0x0396	0x0000      	NOP
;exercicio4.c,70 :: 		if (saida != '\0') {
0x0398	0x5064      	MOVF        teclaDigitada_saida_L0, 0 
0x039A	0x0A00      	XORLW       0
0x039C	0xE018      	BZ          L_teclaDigitada38
;exercicio4.c,71 :: 		str[0] = saida; // Converte caractere para string
0x039E	0xF065C064  	MOVFF       teclaDigitada_saida_L0, teclaDigitada_str_L0
;exercicio4.c,72 :: 		str[1] = '\0'; // Finaliza string
0x03A2	0x6A66      	CLRF        teclaDigitada_str_L0+1 
;exercicio4.c,74 :: 		Lcd_Out(2, j + 1, str); // Exibe o dígito no LCD
0x03A4	0x0E02      	MOVLW       2
0x03A6	0x6E67      	MOVWF       FARG_Lcd_Out_row 
0x03A8	0x5062      	MOVF        FARG_teclaDigitada_j, 0 
0x03AA	0x0F01      	ADDLW       1
0x03AC	0x6E68      	MOVWF       FARG_Lcd_Out_column 
0x03AE	0x0E65      	MOVLW       teclaDigitada_str_L0
0x03B0	0x6E69      	MOVWF       FARG_Lcd_Out_text 
0x03B2	0x0E00      	MOVLW       hi_addr(teclaDigitada_str_L0)
0x03B4	0x6E6A      	MOVWF       FARG_Lcd_Out_text+1 
0x03B6	0xDE89      	RCALL       _Lcd_Out
;exercicio4.c,75 :: 		senhaDigitada[j] = saida; // Armazena o dígito na senha digitada
0x03B8	0x0E55      	MOVLW       _senhaDigitada
0x03BA	0x2462      	ADDWF       FARG_teclaDigitada_j, 0 
0x03BC	0x6EE1      	MOVWF       FSR1L 
0x03BE	0x0E00      	MOVLW       hi_addr(_senhaDigitada)
0x03C0	0x2063      	ADDWFC      FARG_teclaDigitada_j+1, 0 
0x03C2	0x6EE2      	MOVWF       FSR1H 
0x03C4	0xFFE6C064  	MOVFF       teclaDigitada_saida_L0, POSTINC1
;exercicio4.c,76 :: 		return 1; // Retorna 1 para indicar que uma tecla foi pressionada
0x03C8	0x0E01      	MOVLW       1
0x03CA	0x6E00      	MOVWF       R0 
0x03CC	0xD001      	BRA         L_end_teclaDigitada
;exercicio4.c,77 :: 		}
L_teclaDigitada38:
;exercicio4.c,79 :: 		return 0; // Retorna 0 se nenhuma tecla foi pressionada
0x03CE	0x6A00      	CLRF        R0 
;exercicio4.c,80 :: 		}
L_end_teclaDigitada:
0x03D0	0x0012      	RETURN      0
; end of _teclaDigitada
_main:
0x03D2	0xF002ECCE  	CALL        1436, 0
;exercicio4.c,89 :: 		void main() {
;exercicio4.c,90 :: 		char senhaCorreta[5] = "9999"; // Senha correta para comparação
0x03D6	0x0E39      	MOVLW       57
0x03D8	0x6E5D      	MOVWF       main_senhaCorreta_L0 
0x03DA	0x0E39      	MOVLW       57
0x03DC	0x6E5E      	MOVWF       main_senhaCorreta_L0+1 
0x03DE	0x0E39      	MOVLW       57
0x03E0	0x6E5F      	MOVWF       main_senhaCorreta_L0+2 
0x03E2	0x0E39      	MOVLW       57
0x03E4	0x6E60      	MOVWF       main_senhaCorreta_L0+3 
0x03E6	0x6A61      	CLRF        main_senhaCorreta_L0+4 
;exercicio4.c,93 :: 		ADCON0 = 0X00;     // Desabilita o conversor A/D
0x03E8	0x6AC2      	CLRF        ADCON0 
;exercicio4.c,94 :: 		ADCON1 = 0x06;     // Configura todos pinos da porta A para digital
0x03EA	0x0E06      	MOVLW       6
0x03EC	0x6EC1      	MOVWF       ADCON1 
;exercicio4.c,98 :: 		trisc = 0xFD; // 0b11111101
0x03EE	0x0EFD      	MOVLW       253
0x03F0	0x6E94      	MOVWF       TRISC 
;exercicio4.c,101 :: 		portc.rc1 = 0;
0x03F2	0x9282      	BCF         PORTC, 1 
;exercicio4.c,103 :: 		trisd = 0x0F;      // Configura pinos RD0,RD1,RD2,RD3 da PORTD como entradas (teclado) e RD4,RD5,RD6,RD7 como saída (LCD)
0x03F4	0x0E0F      	MOVLW       15
0x03F6	0x6E95      	MOVWF       TRISD 
;exercicio4.c,104 :: 		trisb = 0;      // Configura pinos RB0,RB1,RB2 da PORTB como saída (teclado) e o restante como entrada
0x03F8	0x6A93      	CLRF        TRISB 
;exercicio4.c,105 :: 		portb = 7;
0x03FA	0x0E07      	MOVLW       7
0x03FC	0x6E81      	MOVWF       PORTB 
;exercicio4.c,107 :: 		Lcd_Init();                      // Inicializa o Display
0x03FE	0xDEC2      	RCALL       _Lcd_Init
;exercicio4.c,108 :: 		delay_ms(atraso);
0x0400	0x0E82      	MOVLW       130
0x0402	0x6E0C      	MOVWF       R12, 0
0x0404	0x0EDD      	MOVLW       221
0x0406	0x6E0D      	MOVWF       R13, 0
L_main41:
0x0408	0x2E0D      	DECFSZ      R13, 1, 0
0x040A	0xD7FE      	BRA         L_main41
0x040C	0x2E0C      	DECFSZ      R12, 1, 0
0x040E	0xD7FC      	BRA         L_main41
0x0410	0x0000      	NOP
0x0412	0x0000      	NOP
;exercicio4.c,109 :: 		Lcd_Cmd(_LCD_CLEAR);             // Limpa o Display
0x0414	0x0E01      	MOVLW       1
0x0416	0x6E6D      	MOVWF       FARG_Lcd_Cmd_out_char 
0x0418	0xDE14      	RCALL       _Lcd_Cmd
;exercicio4.c,110 :: 		delay_ms(atraso);
0x041A	0x0E82      	MOVLW       130
0x041C	0x6E0C      	MOVWF       R12, 0
0x041E	0x0EDD      	MOVLW       221
0x0420	0x6E0D      	MOVWF       R13, 0
L_main42:
0x0422	0x2E0D      	DECFSZ      R13, 1, 0
0x0424	0xD7FE      	BRA         L_main42
0x0426	0x2E0C      	DECFSZ      R12, 1, 0
0x0428	0xD7FC      	BRA         L_main42
0x042A	0x0000      	NOP
0x042C	0x0000      	NOP
;exercicio4.c,111 :: 		Lcd_Cmd(_LCD_CURSOR_OFF);        // Desabilita o cursor
0x042E	0x0E0C      	MOVLW       12
0x0430	0x6E6D      	MOVWF       FARG_Lcd_Cmd_out_char 
0x0432	0xDE07      	RCALL       _Lcd_Cmd
;exercicio4.c,112 :: 		delay_ms(atraso);
0x0434	0x0E82      	MOVLW       130
0x0436	0x6E0C      	MOVWF       R12, 0
0x0438	0x0EDD      	MOVLW       221
0x043A	0x6E0D      	MOVWF       R13, 0
L_main43:
0x043C	0x2E0D      	DECFSZ      R13, 1, 0
0x043E	0xD7FE      	BRA         L_main43
0x0440	0x2E0C      	DECFSZ      R12, 1, 0
0x0442	0xD7FC      	BRA         L_main43
0x0444	0x0000      	NOP
0x0446	0x0000      	NOP
;exercicio4.c,114 :: 		LCD("Digite a senha:");
0x0448	0x0E45      	MOVLW       ?lstr1_exercicio4
0x044A	0x6E62      	MOVWF       FARG_LCD_texto 
0x044C	0x0E00      	MOVLW       hi_addr(?lstr1_exercicio4)
0x044E	0x6E63      	MOVWF       FARG_LCD_texto+1 
0x0450	0xDEEC      	RCALL       _LCD
;exercicio4.c,116 :: 		j = 0; // Índice para exibir números na posição correta
0x0452	0x6A5B      	CLRF        main_j_L0 
0x0454	0x6A5C      	CLRF        main_j_L0+1 
;exercicio4.c,117 :: 		do {
L_main44:
;exercicio4.c,118 :: 		if (teclaDigitada(j)) { // Chama teclaDigitada e só incrementa se uma tecla foi pressionada
0x0456	0xF062C05B  	MOVFF       main_j_L0, FARG_teclaDigitada_j
0x045A	0xF063C05C  	MOVFF       main_j_L0+1, FARG_teclaDigitada_j+1
0x045E	0xDF14      	RCALL       _teclaDigitada
0x0460	0x5200      	MOVF        R0, 1 
0x0462	0xB4D8      	BTFSC       STATUS, 2 
0x0464	0xD06F      	BRA         L_main47
;exercicio4.c,119 :: 		j++;
0x0466	0x4A5B      	INFSNZ      main_j_L0, 1 
0x0468	0x2A5C      	INCF        main_j_L0+1, 1 
;exercicio4.c,120 :: 		if (j >= 4) { // Após digitar 4 dígitos, verifica a senha
0x046A	0x0E80      	MOVLW       128
0x046C	0x185C      	XORWF       main_j_L0+1, 0 
0x046E	0x6E00      	MOVWF       R0 
0x0470	0x0E80      	MOVLW       128
0x0472	0x5C00      	SUBWF       R0, 0 
0x0474	0xE102      	BNZ         L__main67
0x0476	0x0E04      	MOVLW       4
0x0478	0x5C5B      	SUBWF       main_j_L0, 0 
L__main67:
0x047A	0xE364      	BNC         L_main48
;exercicio4.c,121 :: 		senhaDigitada[4] = '\0'; // Finaliza a string senhaDigitada
0x047C	0x6A59      	CLRF        _senhaDigitada+4 
;exercicio4.c,124 :: 		if (strcmp(senhaDigitada, senhaCorreta) == 0) {
0x047E	0x0E55      	MOVLW       _senhaDigitada
0x0480	0x6E62      	MOVWF       FARG_strcmp_s1 
0x0482	0x0E00      	MOVLW       hi_addr(_senhaDigitada)
0x0484	0x6E63      	MOVWF       FARG_strcmp_s1+1 
0x0486	0x0E5D      	MOVLW       main_senhaCorreta_L0
0x0488	0x6E64      	MOVWF       FARG_strcmp_s2 
0x048A	0x0E00      	MOVLW       hi_addr(main_senhaCorreta_L0)
0x048C	0x6E65      	MOVWF       FARG_strcmp_s2+1 
0x048E	0xDED7      	RCALL       _strcmp
0x0490	0x0E00      	MOVLW       0
0x0492	0x1801      	XORWF       R1, 0 
0x0494	0xE102      	BNZ         L__main68
0x0496	0x0E00      	MOVLW       0
0x0498	0x1800      	XORWF       R0, 0 
L__main68:
0x049A	0xE118      	BNZ         L_main49
;exercicio4.c,125 :: 		delay_ms(200);
0x049C	0x0E03      	MOVLW       3
0x049E	0x6E0B      	MOVWF       R11, 0
0x04A0	0x0E08      	MOVLW       8
0x04A2	0x6E0C      	MOVWF       R12, 0
0x04A4	0x0E77      	MOVLW       119
0x04A6	0x6E0D      	MOVWF       R13, 0
L_main50:
0x04A8	0x2E0D      	DECFSZ      R13, 1, 0
0x04AA	0xD7FE      	BRA         L_main50
0x04AC	0x2E0C      	DECFSZ      R12, 1, 0
0x04AE	0xD7FC      	BRA         L_main50
0x04B0	0x2E0B      	DECFSZ      R11, 1, 0
0x04B2	0xD7FA      	BRA         L_main50
;exercicio4.c,126 :: 		Lcd_Cmd(_LCD_CLEAR);
0x04B4	0x0E01      	MOVLW       1
0x04B6	0x6E6D      	MOVWF       FARG_Lcd_Cmd_out_char 
0x04B8	0xDDC4      	RCALL       _Lcd_Cmd
;exercicio4.c,127 :: 		LCD("Senha correta!");
0x04BA	0x0E36      	MOVLW       ?lstr2_exercicio4
0x04BC	0x6E62      	MOVWF       FARG_LCD_texto 
0x04BE	0x0E00      	MOVLW       hi_addr(?lstr2_exercicio4)
0x04C0	0x6E63      	MOVWF       FARG_LCD_texto+1 
0x04C2	0xDEB3      	RCALL       _LCD
;exercicio4.c,128 :: 		ascendeLed();
0x04C4	0xDE3F      	RCALL       _ascendeLed
;exercicio4.c,129 :: 		ascendeLed();
0x04C6	0xDE3E      	RCALL       _ascendeLed
;exercicio4.c,130 :: 		ascendeLed();
0x04C8	0xDE3D      	RCALL       _ascendeLed
;exercicio4.c,131 :: 		} else {
0x04CA	0xD024      	BRA         L_main51
L_main49:
;exercicio4.c,132 :: 		delay_ms(200);
0x04CC	0x0E03      	MOVLW       3
0x04CE	0x6E0B      	MOVWF       R11, 0
0x04D0	0x0E08      	MOVLW       8
0x04D2	0x6E0C      	MOVWF       R12, 0
0x04D4	0x0E77      	MOVLW       119
0x04D6	0x6E0D      	MOVWF       R13, 0
L_main52:
0x04D8	0x2E0D      	DECFSZ      R13, 1, 0
0x04DA	0xD7FE      	BRA         L_main52
0x04DC	0x2E0C      	DECFSZ      R12, 1, 0
0x04DE	0xD7FC      	BRA         L_main52
0x04E0	0x2E0B      	DECFSZ      R11, 1, 0
0x04E2	0xD7FA      	BRA         L_main52
;exercicio4.c,133 :: 		Lcd_Cmd(_LCD_CLEAR);
0x04E4	0x0E01      	MOVLW       1
0x04E6	0x6E6D      	MOVWF       FARG_Lcd_Cmd_out_char 
0x04E8	0xDDAC      	RCALL       _Lcd_Cmd
;exercicio4.c,134 :: 		LCD("Senha incorreta!");
0x04EA	0x0E15      	MOVLW       ?lstr3_exercicio4
0x04EC	0x6E62      	MOVWF       FARG_LCD_texto 
0x04EE	0x0E00      	MOVLW       hi_addr(?lstr3_exercicio4)
0x04F0	0x6E63      	MOVWF       FARG_LCD_texto+1 
0x04F2	0xDE9B      	RCALL       _LCD
;exercicio4.c,135 :: 		portc.rc1 = 1;
0x04F4	0x8282      	BSF         PORTC, 1 
;exercicio4.c,136 :: 		delay_ms(500);
0x04F6	0x0E06      	MOVLW       6
0x04F8	0x6E0B      	MOVWF       R11, 0
0x04FA	0x0E13      	MOVLW       19
0x04FC	0x6E0C      	MOVWF       R12, 0
0x04FE	0x0EAD      	MOVLW       173
0x0500	0x6E0D      	MOVWF       R13, 0
L_main53:
0x0502	0x2E0D      	DECFSZ      R13, 1, 0
0x0504	0xD7FE      	BRA         L_main53
0x0506	0x2E0C      	DECFSZ      R12, 1, 0
0x0508	0xD7FC      	BRA         L_main53
0x050A	0x2E0B      	DECFSZ      R11, 1, 0
0x050C	0xD7FA      	BRA         L_main53
0x050E	0x0000      	NOP
0x0510	0x0000      	NOP
;exercicio4.c,137 :: 		portc.rc1 = 0;
0x0512	0x9282      	BCF         PORTC, 1 
;exercicio4.c,138 :: 		}
L_main51:
;exercicio4.c,140 :: 		delay_ms(500); // Espera meio segundo para mostrar a mensagem
0x0514	0x0E06      	MOVLW       6
0x0516	0x6E0B      	MOVWF       R11, 0
0x0518	0x0E13      	MOVLW       19
0x051A	0x6E0C      	MOVWF       R12, 0
0x051C	0x0EAD      	MOVLW       173
0x051E	0x6E0D      	MOVWF       R13, 0
L_main54:
0x0520	0x2E0D      	DECFSZ      R13, 1, 0
0x0522	0xD7FE      	BRA         L_main54
0x0524	0x2E0C      	DECFSZ      R12, 1, 0
0x0526	0xD7FC      	BRA         L_main54
0x0528	0x2E0B      	DECFSZ      R11, 1, 0
0x052A	0xD7FA      	BRA         L_main54
0x052C	0x0000      	NOP
0x052E	0x0000      	NOP
;exercicio4.c,141 :: 		Lcd_Cmd(_LCD_CLEAR); // Limpa o display
0x0530	0x0E01      	MOVLW       1
0x0532	0x6E6D      	MOVWF       FARG_Lcd_Cmd_out_char 
0x0534	0xDD86      	RCALL       _Lcd_Cmd
;exercicio4.c,143 :: 		LCD("Digite a senha:"); // Reinicia a solicitação de senha
0x0536	0x0E26      	MOVLW       ?lstr4_exercicio4
0x0538	0x6E62      	MOVWF       FARG_LCD_texto 
0x053A	0x0E00      	MOVLW       hi_addr(?lstr4_exercicio4)
0x053C	0x6E63      	MOVWF       FARG_LCD_texto+1 
0x053E	0xDE75      	RCALL       _LCD
;exercicio4.c,144 :: 		j = 0; // Reinicia o índice para a próxima entrada de senha
0x0540	0x6A5B      	CLRF        main_j_L0 
0x0542	0x6A5C      	CLRF        main_j_L0+1 
;exercicio4.c,145 :: 		}
L_main48:
;exercicio4.c,146 :: 		}
L_main47:
;exercicio4.c,147 :: 		delay_ms(atraso);
0x0544	0x0E82      	MOVLW       130
0x0546	0x6E0C      	MOVWF       R12, 0
0x0548	0x0EDD      	MOVLW       221
0x054A	0x6E0D      	MOVWF       R13, 0
L_main55:
0x054C	0x2E0D      	DECFSZ      R13, 1, 0
0x054E	0xD7FE      	BRA         L_main55
0x0550	0x2E0C      	DECFSZ      R12, 1, 0
0x0552	0xD7FC      	BRA         L_main55
0x0554	0x0000      	NOP
0x0556	0x0000      	NOP
;exercicio4.c,148 :: 		} while(1);
0x0558	0xD77E      	BRA         L_main44
;exercicio4.c,149 :: 		} // fim do programa
L_end_main:
0x055A	0xD7FF      	BRA         $+0
; end of _main
0x059C	0xF015EE10  	LFSR        1, 21
0x05A0	0x0E40      	MOVLW       64
0x05A2	0x6E00      	MOVWF       R0 
0x05A4	0x0E01      	MOVLW       1
0x05A6	0x6E01      	MOVWF       R1 
0x05A8	0x0E5C      	MOVLW       92
0x05AA	0x6EF6      	MOVWF       4086 
0x05AC	0x0E05      	MOVLW       5
0x05AE	0x6EF7      	MOVWF       TBLPTRH 
0x05B0	0x0E00      	MOVLW       0
0x05B2	0x6EF8      	MOVWF       TBLPTRU 
0x05B4	0xF001EC0D  	CALL        538, 0
0x05B8	0x0012      	RETURN      0
;exercicio4.c,0 :: ?ICS?lstr3_exercicio4
0x055C	0x6553 ;?ICS?lstr3_exercicio4+0
0x055E	0x686E ;?ICS?lstr3_exercicio4+2
0x0560	0x2061 ;?ICS?lstr3_exercicio4+4
0x0562	0x6E69 ;?ICS?lstr3_exercicio4+6
0x0564	0x6F63 ;?ICS?lstr3_exercicio4+8
0x0566	0x7272 ;?ICS?lstr3_exercicio4+10
0x0568	0x7465 ;?ICS?lstr3_exercicio4+12
0x056A	0x2161 ;?ICS?lstr3_exercicio4+14
0x056C	0x00 ;?ICS?lstr3_exercicio4+16
; end of ?ICS?lstr3_exercicio4
;exercicio4.c,0 :: ?ICS?lstr4_exercicio4
0x056D	0x6944 ;?ICS?lstr4_exercicio4+0
0x056F	0x6967 ;?ICS?lstr4_exercicio4+2
0x0571	0x6574 ;?ICS?lstr4_exercicio4+4
0x0573	0x6120 ;?ICS?lstr4_exercicio4+6
0x0575	0x7320 ;?ICS?lstr4_exercicio4+8
0x0577	0x6E65 ;?ICS?lstr4_exercicio4+10
0x0579	0x6168 ;?ICS?lstr4_exercicio4+12
0x057B	0x003A ;?ICS?lstr4_exercicio4+14
; end of ?ICS?lstr4_exercicio4
;exercicio4.c,0 :: ?ICS?lstr2_exercicio4
0x057D	0x6553 ;?ICS?lstr2_exercicio4+0
0x057F	0x686E ;?ICS?lstr2_exercicio4+2
0x0581	0x2061 ;?ICS?lstr2_exercicio4+4
0x0583	0x6F63 ;?ICS?lstr2_exercicio4+6
0x0585	0x7272 ;?ICS?lstr2_exercicio4+8
0x0587	0x7465 ;?ICS?lstr2_exercicio4+10
0x0589	0x2161 ;?ICS?lstr2_exercicio4+12
0x058B	0x00 ;?ICS?lstr2_exercicio4+14
; end of ?ICS?lstr2_exercicio4
;exercicio4.c,0 :: ?ICS?lstr1_exercicio4
0x058C	0x6944 ;?ICS?lstr1_exercicio4+0
0x058E	0x6967 ;?ICS?lstr1_exercicio4+2
0x0590	0x6574 ;?ICS?lstr1_exercicio4+4
0x0592	0x6120 ;?ICS?lstr1_exercicio4+6
0x0594	0x7320 ;?ICS?lstr1_exercicio4+8
0x0596	0x6E65 ;?ICS?lstr1_exercicio4+10
0x0598	0x6168 ;?ICS?lstr1_exercicio4+12
0x059A	0x003A ;?ICS?lstr1_exercicio4+14
; end of ?ICS?lstr1_exercicio4
Symbol List:
//** Routines locations **
//ADDRESS    SIZE    PROCEDURE
//----------------------------------------------
0x001C      [22]    _Delay_5500us
0x0032      [10]    _Delay_50us
0x003C       [6]    _Delay_1us
0x0042     [124]    _Lcd_Cmd
0x00BE      [12]    _Lcd_Chr_CP
0x00CA     [122]    _Lcd_Out
0x0144      [64]    _ascendeLed
0x0184     [150]    _Lcd_Init
0x021A      [16]    ___CC2DW
0x022A      [20]    _LCD
0x023E      [74]    _strcmp
0x0288     [330]    _teclaDigitada
0x03D2     [394]    _main
//** Variables locations ** 
//ADDRESS    SIZE    VARIABLE
//----------------------------------------------
0x0000       [1]    R0
0x0001       [1]    R1
0x0002       [2]    memchr_s_L0
0x0002       [2]    strlen_cp_L0
0x0002       [2]    memcpy_dd_L0
0x0002       [2]    memset_pp_L0
0x0002       [1]    R2
0x0003       [1]    R3
0x0003       [2]    memmove_tt_L0
0x0004       [2]    strcpy_cp_L0
0x0004       [2]    memcpy_ss_L0
0x0004       [2]    strncpy_cp_L0
0x0004       [2]    strcat_cp_L0
0x0004       [2]    strncat_cp_L0
0x0004       [1]    R4
0x0005       [1]    R5
0x0005       [2]    memmove_ff_L0
0x0006       [1]    R6
0x0007       [1]    R7
0x0008       [1]    R8
0x0009       [1]    R9
0x000A       [1]    R10
0x000B       [1]    R11
0x000C       [1]    R12
0x000D       [1]    R13
0x000E       [1]    R14
0x000F       [1]    R15
0x0010       [1]    R16
0x0011       [1]    R17
0x0012       [1]    R18
0x0013       [1]    R19
0x0014       [1]    R20
0x0015      [17]    ?lstr3_exercicio4
0x0026      [16]    ?lstr4_exercicio4
0x0036      [15]    ?lstr2_exercicio4
0x0045      [16]    ?lstr1_exercicio4
0x0055       [5]    _senhaDigitada
0x005A       [0]    __Lib_Lcd_cmd_status
0x005B       [2]    main_j_L0
0x005D       [5]    main_senhaCorreta_L0
0x0062       [2]    FARG_teclaDigitada_j
0x0062       [2]    FARG_strcmp_s1
0x0062       [2]    FARG_LCD_texto
0x0064       [1]    teclaDigitada_saida_L0
0x0064       [2]    FARG_strcmp_s2
0x0065       [2]    teclaDigitada_str_L0
0x0067       [1]    FARG_Lcd_Out_row
0x0068       [1]    FARG_Lcd_Out_column
0x0069       [2]    FARG_Lcd_Out_text
0x006B       [1]    Lcd_Out_i_L0
0x006C       [1]    FARG_Lcd_Chr_CP_out_char
0x006D       [1]    FARG_Lcd_Cmd_out_char
0x0F81       [1]    PORTB
0x0F82       [1]    PORTC
0x0F83       [0]    RD4_bit
0x0F83       [0]    RD7_bit
0x0F83       [0]    RD6_bit
0x0F83       [0]    RD5_bit
0x0F83       [0]    LCD_D5
0x0F83       [0]    LCD_D4
0x0F83       [1]    PORTD
0x0F83       [0]    LCD_D7
0x0F83       [0]    LCD_D6
0x0F84       [0]    LCD_RS
0x0F84       [0]    LCD_EN
0x0F84       [0]    RE1_bit
0x0F84       [0]    RE2_bit
0x0F93       [1]    TRISB
0x0F94       [1]    TRISC
0x0F95       [0]    LCD_D4_Direction
0x0F95       [0]    LCD_D5_Direction
0x0F95       [1]    TRISD
0x0F95       [0]    LCD_D7_Direction
0x0F95       [0]    LCD_D6_Direction
0x0F95       [0]    TRISD4_bit
0x0F95       [0]    TRISD6_bit
0x0F95       [0]    TRISD7_bit
0x0F95       [0]    TRISD5_bit
0x0F96       [0]    TRISE1_bit
0x0F96       [0]    TRISE2_bit
0x0F96       [0]    LCD_EN_Direction
0x0F96       [0]    LCD_RS_Direction
0x0FC1       [1]    ADCON1
0x0FC2       [1]    ADCON0
0x0FD8       [1]    STATUS
0x0FD9       [1]    FSR2L
0x0FDA       [1]    FSR2H
0x0FDE       [1]    POSTINC2
0x0FE0       [1]    BSR
0x0FE1       [1]    FSR1L
0x0FE2       [1]    FSR1H
0x0FE4       [1]    PREINC1
0x0FE6       [1]    POSTINC1
0x0FE7       [1]    INDF1
0x0FE8       [1]    WREG
0x0FE9       [1]    FSR0L
0x0FEA       [1]    FSR0H
0x0FEE       [1]    POSTINC0
0x0FF3       [1]    PRODL
0x0FF4       [1]    PRODH
0x0FF5       [1]    TABLAT
0x0FF6       [1]    TBLPTRL
0x0FF7       [1]    TBLPTRH
0x0FF8       [1]    TBLPTRU
//** Constants locations ** 
//ADDRESS    SIZE    CONSTANT
//----------------------------------------------
0x055C      [17]    ?ICS?lstr3_exercicio4
0x056D      [16]    ?ICS?lstr4_exercicio4
0x057D      [15]    ?ICS?lstr2_exercicio4
0x058C      [16]    ?ICS?lstr1_exercicio4
