;  LST file generated by mikroListExporter - v.2.0 
; Date/Time: 06/11/2024 15:15:56
;----------------------------------------------

;Address Opcode 	ASM
0x0000	0xF002EF71  	GOTO        1250
0x0004	0x0000      	NOP
0x0006	0x0000      	NOP
0x0008	0xF000EF00  	GOTO        0
0x000C	0x0000      	NOP
0x000E	0x0000      	NOP
0x0010	0x0000      	NOP
0x0012	0x0000      	NOP
0x0014	0x0000      	NOP
0x0016	0x0000      	NOP
0x0018	0xD7F3      	BRA         0
_Delay_1us:
;__Lib_Delays.c,7 :: 		void Delay_1us() {
;__Lib_Delays.c,8 :: 		Delay_us(1);
0x001C	0x0000      	NOP
0x001E	0x0000      	NOP
;__Lib_Delays.c,9 :: 		}
L_end_Delay_1us:
0x0020	0x0012      	RETURN      0
; end of _Delay_1us
_Div_16X16_U:
;__Lib_Math.c,102 :: 		
;__Lib_Math.c,109 :: 		
0x0022	0x6A08      	CLRF        R8, 0
;__Lib_Math.c,110 :: 		
0x0024	0x6A09      	CLRF        R9, 0
;__Lib_Math.c,111 :: 		
0x0026	0x0E10      	MOVLW       16
;__Lib_Math.c,112 :: 		
0x0028	0x6E0C      	MOVWF       R12, 0
;__Lib_Math.c,113 :: 		
0x002A	0x3401      	RLCF        R1, 0, 0
;__Lib_Math.c,114 :: 		
0x002C	0x3608      	RLCF        R8, 1, 0
;__Lib_Math.c,115 :: 		
0x002E	0x3609      	RLCF        R9, 1, 0
;__Lib_Math.c,116 :: 		
0x0030	0x5004      	MOVF        R4, 0, 0
;__Lib_Math.c,117 :: 		
0x0032	0x5E08      	SUBWF       R8, 1, 0
;__Lib_Math.c,118 :: 		
0x0034	0x5005      	MOVF        R5, 0, 0
;__Lib_Math.c,119 :: 		
0x0036	0xA0D8      	BTFSS       STATUS, 0, 0
;__Lib_Math.c,120 :: 		
0x0038	0x3C05      	INCFSZ      R5, 0, 0
;__Lib_Math.c,121 :: 		
0x003A	0x5E09      	SUBWF       R9, 1, 0
;__Lib_Math.c,122 :: 		
0x003C	0xB0D8      	BTFSC       STATUS, 0, 0
;__Lib_Math.c,123 :: 		
0x003E	0xD007      	BRA         $+16
;__Lib_Math.c,124 :: 		
0x0040	0x5004      	MOVF        R4, 0, 0
;__Lib_Math.c,125 :: 		
0x0042	0x2608      	ADDWF       R8, 1, 0
;__Lib_Math.c,126 :: 		
0x0044	0x5005      	MOVF        R5, 0, 0
;__Lib_Math.c,127 :: 		
0x0046	0xB0D8      	BTFSC       STATUS, 0, 0
;__Lib_Math.c,128 :: 		
0x0048	0x3C05      	INCFSZ      R5, 0, 0
;__Lib_Math.c,129 :: 		
0x004A	0x2609      	ADDWF       R9, 1, 0
;__Lib_Math.c,130 :: 		
0x004C	0x90D8      	BCF         STATUS, 0, 0
;__Lib_Math.c,131 :: 		
0x004E	0x3600      	RLCF        R0, 1, 0
;__Lib_Math.c,132 :: 		
0x0050	0x3601      	RLCF        R1, 1, 0
;__Lib_Math.c,133 :: 		
0x0052	0x2E0C      	DECFSZ      R12, 1, 0
;__Lib_Math.c,134 :: 		
0x0054	0xD7EA      	BRA         $-42
;__Lib_Math.c,136 :: 		
L_end_Div_16X16_U:
0x0056	0x0012      	RETURN      0
; end of _Div_16X16_U
_Delay_5500us:
;__Lib_Delays.c,31 :: 		void Delay_5500us() {
;__Lib_Delays.c,32 :: 		Delay_us(5500);
0x0058	0x0E0F      	MOVLW       15
0x005A	0x6E0C      	MOVWF       R12, 0
0x005C	0x0E47      	MOVLW       71
0x005E	0x6E0D      	MOVWF       R13, 0
L_Delay_5500us5:
0x0060	0x2E0D      	DECFSZ      R13, 1, 0
0x0062	0xD7FE      	BRA         L_Delay_5500us5
0x0064	0x2E0C      	DECFSZ      R12, 1, 0
0x0066	0xD7FC      	BRA         L_Delay_5500us5
0x0068	0x0000      	NOP
0x006A	0x0000      	NOP
;__Lib_Delays.c,33 :: 		}
L_end_Delay_5500us:
0x006C	0x0012      	RETURN      0
; end of _Delay_5500us
_Delay_50us:
;__Lib_Delays.c,19 :: 		void Delay_50us() {
;__Lib_Delays.c,20 :: 		Delay_us(50);
0x006E	0x0E21      	MOVLW       33
0x0070	0x6E0D      	MOVWF       R13, 0
L_Delay_50us2:
0x0072	0x2E0D      	DECFSZ      R13, 1, 0
0x0074	0xD7FE      	BRA         L_Delay_50us2
;__Lib_Delays.c,21 :: 		}
L_end_Delay_50us:
0x0076	0x0012      	RETURN      0
; end of _Delay_50us
_WordToStr:
;__Lib_Conversions.c,98 :: 		
;__Lib_Conversions.c,103 :: 		
0x0078	0x6A50      	CLRF        WordToStr_len_L0 
L_WordToStr11:
0x007A	0x0E05      	MOVLW       5
0x007C	0x5C50      	SUBWF       WordToStr_len_L0, 0 
0x007E	0xE20A      	BC          L_WordToStr12
;__Lib_Conversions.c,104 :: 		
0x0080	0x5050      	MOVF        WordToStr_len_L0, 0 
0x0082	0x244E      	ADDWF       FARG_WordToStr_output, 0 
0x0084	0x6EE1      	MOVWF       FSR1L 
0x0086	0x0E00      	MOVLW       0
0x0088	0x204F      	ADDWFC      FARG_WordToStr_output+1, 0 
0x008A	0x6EE2      	MOVWF       FSR1H 
0x008C	0x0E20      	MOVLW       32
0x008E	0x6EE6      	MOVWF       POSTINC1 
;__Lib_Conversions.c,103 :: 		
0x0090	0x2A50      	INCF        WordToStr_len_L0, 1 
;__Lib_Conversions.c,104 :: 		
0x0092	0xD7F3      	BRA         L_WordToStr11
L_WordToStr12:
;__Lib_Conversions.c,105 :: 		
0x0094	0x5050      	MOVF        WordToStr_len_L0, 0 
0x0096	0x244E      	ADDWF       FARG_WordToStr_output, 0 
0x0098	0x6EE1      	MOVWF       FSR1L 
0x009A	0x0E00      	MOVLW       0
0x009C	0x204F      	ADDWFC      FARG_WordToStr_output+1, 0 
0x009E	0x6EE2      	MOVWF       FSR1H 
0x00A0	0x6AE6      	CLRF        POSTINC1 
0x00A2	0x0650      	DECF        WordToStr_len_L0, 1 
;__Lib_Conversions.c,107 :: 		
L_WordToStr14:
;__Lib_Conversions.c,108 :: 		
0x00A4	0x5050      	MOVF        WordToStr_len_L0, 0 
0x00A6	0x244E      	ADDWF       FARG_WordToStr_output, 0 
0x00A8	0x6E51      	MOVWF       FLOC__WordToStr 
0x00AA	0x0E00      	MOVLW       0
0x00AC	0x204F      	ADDWFC      FARG_WordToStr_output+1, 0 
0x00AE	0x6E52      	MOVWF       FLOC__WordToStr+1 
0x00B0	0x0E0A      	MOVLW       10
0x00B2	0x6E04      	MOVWF       R4 
0x00B4	0x0E00      	MOVLW       0
0x00B6	0x6E05      	MOVWF       R5 
0x00B8	0xF000C04C  	MOVFF       FARG_WordToStr_input, R0
0x00BC	0xF001C04D  	MOVFF       FARG_WordToStr_input+1, R1
0x00C0	0xDFB0      	RCALL       _Div_16X16_U
0x00C2	0xF000C008  	MOVFF       R8, R0
0x00C6	0xF001C009  	MOVFF       R9, R1
0x00CA	0x0E30      	MOVLW       48
0x00CC	0x2600      	ADDWF       R0, 1 
0x00CE	0xFFE1C051  	MOVFF       FLOC__WordToStr, FSR1L
0x00D2	0xFFE2C052  	MOVFF       FLOC__WordToStr+1, FSR1H
0x00D6	0xFFE6C000  	MOVFF       R0, POSTINC1
;__Lib_Conversions.c,109 :: 		
0x00DA	0x0E0A      	MOVLW       10
0x00DC	0x6E04      	MOVWF       R4 
0x00DE	0x0E00      	MOVLW       0
0x00E0	0x6E05      	MOVWF       R5 
0x00E2	0xF000C04C  	MOVFF       FARG_WordToStr_input, R0
0x00E6	0xF001C04D  	MOVFF       FARG_WordToStr_input+1, R1
0x00EA	0xDF9B      	RCALL       _Div_16X16_U
0x00EC	0xF04CC000  	MOVFF       R0, FARG_WordToStr_input
0x00F0	0xF04DC001  	MOVFF       R1, FARG_WordToStr_input+1
;__Lib_Conversions.c,110 :: 		
0x00F4	0x0E00      	MOVLW       0
0x00F6	0x1801      	XORWF       R1, 0 
0x00F8	0xE102      	BNZ         L__WordToStr159
0x00FA	0x0E00      	MOVLW       0
0x00FC	0x1800      	XORWF       R0, 0 
L__WordToStr159:
0x00FE	0xE101      	BNZ         L_WordToStr16
;__Lib_Conversions.c,111 :: 		
0x0100	0xD002      	BRA         L_WordToStr15
L_WordToStr16:
;__Lib_Conversions.c,112 :: 		
0x0102	0x0650      	DECF        WordToStr_len_L0, 1 
;__Lib_Conversions.c,113 :: 		
0x0104	0xD7CF      	BRA         L_WordToStr14
L_WordToStr15:
;__Lib_Conversions.c,114 :: 		
L_end_WordToStr:
0x0106	0x0012      	RETURN      0
; end of _WordToStr
_Lcd_Cmd:
;__Lib_Lcd.c,18 :: 		
;__Lib_Lcd.c,20 :: 		
0x0108	0xBE4C      	BTFSC       FARG_Lcd_Cmd_out_char, 7 
0x010A	0xD002      	BRA         L__Lcd_Cmd21
0x010C	0x9E83      	BCF         LCD_D7, BitPos(LCD_D7+0) 
0x010E	0xD001      	BRA         L__Lcd_Cmd22
L__Lcd_Cmd21:
0x0110	0x8E83      	BSF         LCD_D7, BitPos(LCD_D7+0) 
L__Lcd_Cmd22:
;__Lib_Lcd.c,21 :: 		
0x0112	0xBC4C      	BTFSC       FARG_Lcd_Cmd_out_char, 6 
0x0114	0xD002      	BRA         L__Lcd_Cmd23
0x0116	0x9C83      	BCF         LCD_D6, BitPos(LCD_D6+0) 
0x0118	0xD001      	BRA         L__Lcd_Cmd24
L__Lcd_Cmd23:
0x011A	0x8C83      	BSF         LCD_D6, BitPos(LCD_D6+0) 
L__Lcd_Cmd24:
;__Lib_Lcd.c,22 :: 		
0x011C	0xBA4C      	BTFSC       FARG_Lcd_Cmd_out_char, 5 
0x011E	0xD002      	BRA         L__Lcd_Cmd25
0x0120	0x9A83      	BCF         LCD_D5, BitPos(LCD_D5+0) 
0x0122	0xD001      	BRA         L__Lcd_Cmd26
L__Lcd_Cmd25:
0x0124	0x8A83      	BSF         LCD_D5, BitPos(LCD_D5+0) 
L__Lcd_Cmd26:
;__Lib_Lcd.c,23 :: 		
0x0126	0xB84C      	BTFSC       FARG_Lcd_Cmd_out_char, 4 
0x0128	0xD002      	BRA         L__Lcd_Cmd27
0x012A	0x9883      	BCF         LCD_D4, BitPos(LCD_D4+0) 
0x012C	0xD001      	BRA         L__Lcd_Cmd28
L__Lcd_Cmd27:
0x012E	0x8883      	BSF         LCD_D4, BitPos(LCD_D4+0) 
L__Lcd_Cmd28:
;__Lib_Lcd.c,25 :: 		
0x0130	0xB015      	BTFSC       __Lib_Lcd_cmd_status, BitPos(__Lib_Lcd_cmd_status+0) 
0x0132	0xD002      	BRA         L__Lcd_Cmd29
0x0134	0x8484      	BSF         LCD_RS, BitPos(LCD_RS+0) 
0x0136	0xD001      	BRA         L__Lcd_Cmd30
L__Lcd_Cmd29:
0x0138	0x9484      	BCF         LCD_RS, BitPos(LCD_RS+0) 
L__Lcd_Cmd30:
;__Lib_Lcd.c,28 :: 		
0x013A	0x8284      	BSF         LCD_EN, BitPos(LCD_EN+0) 
;__Lib_Lcd.c,29 :: 		
0x013C	0xDF6F      	RCALL       _Delay_1us
;__Lib_Lcd.c,30 :: 		
0x013E	0x9284      	BCF         LCD_EN, BitPos(LCD_EN+0) 
;__Lib_Lcd.c,33 :: 		
0x0140	0xB64C      	BTFSC       FARG_Lcd_Cmd_out_char, 3 
0x0142	0xD002      	BRA         L__Lcd_Cmd31
0x0144	0x9E83      	BCF         LCD_D7, BitPos(LCD_D7+0) 
0x0146	0xD001      	BRA         L__Lcd_Cmd32
L__Lcd_Cmd31:
0x0148	0x8E83      	BSF         LCD_D7, BitPos(LCD_D7+0) 
L__Lcd_Cmd32:
;__Lib_Lcd.c,34 :: 		
0x014A	0xB44C      	BTFSC       FARG_Lcd_Cmd_out_char, 2 
0x014C	0xD002      	BRA         L__Lcd_Cmd33
0x014E	0x9C83      	BCF         LCD_D6, BitPos(LCD_D6+0) 
0x0150	0xD001      	BRA         L__Lcd_Cmd34
L__Lcd_Cmd33:
0x0152	0x8C83      	BSF         LCD_D6, BitPos(LCD_D6+0) 
L__Lcd_Cmd34:
;__Lib_Lcd.c,35 :: 		
0x0154	0xB24C      	BTFSC       FARG_Lcd_Cmd_out_char, 1 
0x0156	0xD002      	BRA         L__Lcd_Cmd35
0x0158	0x9A83      	BCF         LCD_D5, BitPos(LCD_D5+0) 
0x015A	0xD001      	BRA         L__Lcd_Cmd36
L__Lcd_Cmd35:
0x015C	0x8A83      	BSF         LCD_D5, BitPos(LCD_D5+0) 
L__Lcd_Cmd36:
;__Lib_Lcd.c,36 :: 		
0x015E	0xB04C      	BTFSC       FARG_Lcd_Cmd_out_char, 0 
0x0160	0xD002      	BRA         L__Lcd_Cmd37
0x0162	0x9883      	BCF         LCD_D4, BitPos(LCD_D4+0) 
0x0164	0xD001      	BRA         L__Lcd_Cmd38
L__Lcd_Cmd37:
0x0166	0x8883      	BSF         LCD_D4, BitPos(LCD_D4+0) 
L__Lcd_Cmd38:
;__Lib_Lcd.c,38 :: 		
0x0168	0xB015      	BTFSC       __Lib_Lcd_cmd_status, BitPos(__Lib_Lcd_cmd_status+0) 
0x016A	0xD002      	BRA         L__Lcd_Cmd39
0x016C	0x8484      	BSF         LCD_RS, BitPos(LCD_RS+0) 
0x016E	0xD001      	BRA         L__Lcd_Cmd40
L__Lcd_Cmd39:
0x0170	0x9484      	BCF         LCD_RS, BitPos(LCD_RS+0) 
L__Lcd_Cmd40:
;__Lib_Lcd.c,40 :: 		
0x0172	0x8284      	BSF         LCD_EN, BitPos(LCD_EN+0) 
;__Lib_Lcd.c,41 :: 		
0x0174	0xDF53      	RCALL       _Delay_1us
;__Lib_Lcd.c,42 :: 		
0x0176	0x9284      	BCF         LCD_EN, BitPos(LCD_EN+0) 
;__Lib_Lcd.c,44 :: 		
0x0178	0xA015      	BTFSS       __Lib_Lcd_cmd_status, BitPos(__Lib_Lcd_cmd_status+0) 
0x017A	0xD002      	BRA         L_Lcd_Cmd0
;__Lib_Lcd.c,45 :: 		
0x017C	0xDF6D      	RCALL       _Delay_5500us
0x017E	0xD001      	BRA         L_Lcd_Cmd1
L_Lcd_Cmd0:
;__Lib_Lcd.c,47 :: 		
0x0180	0xDF76      	RCALL       _Delay_50us
L_Lcd_Cmd1:
;__Lib_Lcd.c,48 :: 		
L_end_Lcd_Cmd:
0x0182	0x0012      	RETURN      0
; end of _Lcd_Cmd
_Lcd_Chr_CP:
;__Lib_Lcd.c,50 :: 		
;__Lib_Lcd.c,52 :: 		
0x0184	0x9015      	BCF         __Lib_Lcd_cmd_status, BitPos(__Lib_Lcd_cmd_status+0) 
;__Lib_Lcd.c,53 :: 		
0x0186	0xF04CC042  	MOVFF       FARG_Lcd_Chr_CP_out_char, FARG_Lcd_Cmd_out_char
0x018A	0xDFBE      	RCALL       _Lcd_Cmd
;__Lib_Lcd.c,54 :: 		
0x018C	0x8015      	BSF         __Lib_Lcd_cmd_status, BitPos(__Lib_Lcd_cmd_status+0) 
;__Lib_Lcd.c,55 :: 		
L_end_Lcd_Chr_CP:
0x018E	0x0012      	RETURN      0
; end of _Lcd_Chr_CP
_IntToStr:
;__Lib_Conversions.c,195 :: 		
;__Lib_Conversions.c,201 :: 		
0x0190	0x6A48      	CLRF        IntToStr_negative_L0 
0x0192	0x6A49      	CLRF        IntToStr_negative_L0+1 
;__Lib_Conversions.c,202 :: 		
0x0194	0xF04AC042  	MOVFF       FARG_IntToStr_input, IntToStr_inword_L0
0x0198	0xF04BC043  	MOVFF       FARG_IntToStr_input+1, IntToStr_inword_L0+1
;__Lib_Conversions.c,203 :: 		
0x019C	0x0E80      	MOVLW       128
0x019E	0x1843      	XORWF       FARG_IntToStr_input+1, 0 
0x01A0	0x6E00      	MOVWF       R0 
0x01A2	0x0E80      	MOVLW       128
0x01A4	0x5C00      	SUBWF       R0, 0 
0x01A6	0xE102      	BNZ         L__IntToStr167
0x01A8	0x0E00      	MOVLW       0
0x01AA	0x5C42      	SUBWF       FARG_IntToStr_input, 0 
L__IntToStr167:
0x01AC	0xE20B      	BC          L_IntToStr37
;__Lib_Conversions.c,204 :: 		
0x01AE	0x0E01      	MOVLW       1
0x01B0	0x6E48      	MOVWF       IntToStr_negative_L0 
0x01B2	0x0E00      	MOVLW       0
0x01B4	0x6E49      	MOVWF       IntToStr_negative_L0+1 
;__Lib_Conversions.c,205 :: 		
0x01B6	0x5042      	MOVF        FARG_IntToStr_input, 0 
0x01B8	0x0800      	SUBLW       0
0x01BA	0x6E4A      	MOVWF       IntToStr_inword_L0 
0x01BC	0xF04BC043  	MOVFF       FARG_IntToStr_input+1, IntToStr_inword_L0+1
0x01C0	0x0E00      	MOVLW       0
0x01C2	0x564B      	SUBFWB      IntToStr_inword_L0+1, 1 
;__Lib_Conversions.c,206 :: 		
L_IntToStr37:
;__Lib_Conversions.c,207 :: 		
0x01C4	0xF04CC04A  	MOVFF       IntToStr_inword_L0, FARG_WordToStr_input
0x01C8	0xF04DC04B  	MOVFF       IntToStr_inword_L0+1, FARG_WordToStr_input+1
0x01CC	0xF04EC044  	MOVFF       FARG_IntToStr_output, FARG_WordToStr_output
0x01D0	0xF04FC045  	MOVFF       FARG_IntToStr_output+1, FARG_WordToStr_output+1
0x01D4	0xDF51      	RCALL       _WordToStr
;__Lib_Conversions.c,209 :: 		
0x01D6	0x0E06      	MOVLW       6
0x01D8	0x6E46      	MOVWF       IntToStr_i_L0 
0x01DA	0x0E00      	MOVLW       0
0x01DC	0x6E47      	MOVWF       IntToStr_i_L0+1 
;__Lib_Conversions.c,210 :: 		
L_IntToStr38:
0x01DE	0x0E00      	MOVLW       0
0x01E0	0x6E00      	MOVWF       R0 
0x01E2	0x5047      	MOVF        IntToStr_i_L0+1, 0 
0x01E4	0x5C00      	SUBWF       R0, 0 
0x01E6	0xE102      	BNZ         L__IntToStr168
0x01E8	0x5046      	MOVF        IntToStr_i_L0, 0 
0x01EA	0x0800      	SUBLW       0
L__IntToStr168:
0x01EC	0xE219      	BC          L_IntToStr39
;__Lib_Conversions.c,211 :: 		
0x01EE	0x5046      	MOVF        IntToStr_i_L0, 0 
0x01F0	0x2444      	ADDWF       FARG_IntToStr_output, 0 
0x01F2	0x6EE1      	MOVWF       FSR1L 
0x01F4	0x5047      	MOVF        IntToStr_i_L0+1, 0 
0x01F6	0x2045      	ADDWFC      FARG_IntToStr_output+1, 0 
0x01F8	0x6EE2      	MOVWF       FSR1H 
0x01FA	0x0E01      	MOVLW       1
0x01FC	0x5C46      	SUBWF       IntToStr_i_L0, 0 
0x01FE	0x6E00      	MOVWF       R0 
0x0200	0x0E00      	MOVLW       0
0x0202	0x5847      	SUBWFB      IntToStr_i_L0+1, 0 
0x0204	0x6E01      	MOVWF       R1 
0x0206	0x5000      	MOVF        R0, 0 
0x0208	0x2444      	ADDWF       FARG_IntToStr_output, 0 
0x020A	0x6EE9      	MOVWF       FSR0L 
0x020C	0x5001      	MOVF        R1, 0 
0x020E	0x2045      	ADDWFC      FARG_IntToStr_output+1, 0 
0x0210	0x6EEA      	MOVWF       FSR0H 
0x0212	0xFFE6CFEE  	MOVFF       POSTINC0, POSTINC1
;__Lib_Conversions.c,212 :: 		
0x0216	0x0E01      	MOVLW       1
0x0218	0x5E46      	SUBWF       IntToStr_i_L0, 1 
0x021A	0x0E00      	MOVLW       0
0x021C	0x5A47      	SUBWFB      IntToStr_i_L0+1, 1 
;__Lib_Conversions.c,213 :: 		
0x021E	0xD7DF      	BRA         L_IntToStr38
L_IntToStr39:
;__Lib_Conversions.c,214 :: 		
0x0220	0xFFE1C044  	MOVFF       FARG_IntToStr_output, FSR1L
0x0224	0xFFE2C045  	MOVFF       FARG_IntToStr_output+1, FSR1H
0x0228	0x0E20      	MOVLW       32
0x022A	0x6EE6      	MOVWF       POSTINC1 
;__Lib_Conversions.c,215 :: 		
0x022C	0x5048      	MOVF        IntToStr_negative_L0, 0 
0x022E	0x1049      	IORWF       IntToStr_negative_L0+1, 0 
0x0230	0xE01A      	BZ          L_IntToStr40
;__Lib_Conversions.c,216 :: 		
0x0232	0x6A46      	CLRF        IntToStr_i_L0 
0x0234	0x6A47      	CLRF        IntToStr_i_L0+1 
;__Lib_Conversions.c,217 :: 		
L_IntToStr41:
0x0236	0x5046      	MOVF        IntToStr_i_L0, 0 
0x0238	0x2444      	ADDWF       FARG_IntToStr_output, 0 
0x023A	0x6EE9      	MOVWF       FSR0L 
0x023C	0x5047      	MOVF        IntToStr_i_L0+1, 0 
0x023E	0x2045      	ADDWFC      FARG_IntToStr_output+1, 0 
0x0240	0x6EEA      	MOVWF       FSR0H 
0x0242	0x50EE      	MOVF        POSTINC0, 0 
0x0244	0x0A20      	XORLW       32
0x0246	0xE103      	BNZ         L_IntToStr42
0x0248	0x4A46      	INFSNZ      IntToStr_i_L0, 1 
0x024A	0x2A47      	INCF        IntToStr_i_L0+1, 1 
0x024C	0xD7F4      	BRA         L_IntToStr41
L_IntToStr42:
;__Lib_Conversions.c,218 :: 		
0x024E	0x0E01      	MOVLW       1
0x0250	0x5E46      	SUBWF       IntToStr_i_L0, 1 
0x0252	0x0E00      	MOVLW       0
0x0254	0x5A47      	SUBWFB      IntToStr_i_L0+1, 1 
;__Lib_Conversions.c,219 :: 		
0x0256	0x5046      	MOVF        IntToStr_i_L0, 0 
0x0258	0x2444      	ADDWF       FARG_IntToStr_output, 0 
0x025A	0x6EE1      	MOVWF       FSR1L 
0x025C	0x5047      	MOVF        IntToStr_i_L0+1, 0 
0x025E	0x2045      	ADDWFC      FARG_IntToStr_output+1, 0 
0x0260	0x6EE2      	MOVWF       FSR1H 
0x0262	0x0E2D      	MOVLW       45
0x0264	0x6EE6      	MOVWF       POSTINC1 
L_IntToStr40:
;__Lib_Conversions.c,220 :: 		
L_end_IntToStr:
0x0266	0x0012      	RETURN      0
; end of _IntToStr
_Lcd_Init:
;__Lib_Lcd.c,84 :: 		
;__Lib_Lcd.c,86 :: 		
0x0268	0x9296      	BCF         LCD_EN_Direction, BitPos(LCD_EN_Direction+0) 
;__Lib_Lcd.c,87 :: 		
0x026A	0x9496      	BCF         LCD_RS_Direction, BitPos(LCD_RS_Direction+0) 
;__Lib_Lcd.c,88 :: 		
0x026C	0x9895      	BCF         LCD_D4_Direction, BitPos(LCD_D4_Direction+0) 
;__Lib_Lcd.c,89 :: 		
0x026E	0x9A95      	BCF         LCD_D5_Direction, BitPos(LCD_D5_Direction+0) 
;__Lib_Lcd.c,90 :: 		
0x0270	0x9C95      	BCF         LCD_D6_Direction, BitPos(LCD_D6_Direction+0) 
;__Lib_Lcd.c,91 :: 		
0x0272	0x9E95      	BCF         LCD_D7_Direction, BitPos(LCD_D7_Direction+0) 
;__Lib_Lcd.c,93 :: 		
0x0274	0x9284      	BCF         LCD_EN, BitPos(LCD_EN+0) 
;__Lib_Lcd.c,94 :: 		
0x0276	0x9484      	BCF         LCD_RS, BitPos(LCD_RS+0) 
;__Lib_Lcd.c,95 :: 		
0x0278	0x9E83      	BCF         LCD_D7, BitPos(LCD_D7+0) 
;__Lib_Lcd.c,96 :: 		
0x027A	0x9C83      	BCF         LCD_D6, BitPos(LCD_D6+0) 
;__Lib_Lcd.c,97 :: 		
0x027C	0x9A83      	BCF         LCD_D5, BitPos(LCD_D5+0) 
;__Lib_Lcd.c,98 :: 		
0x027E	0x9883      	BCF         LCD_D4, BitPos(LCD_D4+0) 
;__Lib_Lcd.c,100 :: 		
0x0280	0xDEEB      	RCALL       _Delay_5500us
;__Lib_Lcd.c,101 :: 		
0x0282	0xDEEA      	RCALL       _Delay_5500us
;__Lib_Lcd.c,102 :: 		
0x0284	0xDEE9      	RCALL       _Delay_5500us
;__Lib_Lcd.c,105 :: 		
0x0286	0x8A83      	BSF         LCD_D5, BitPos(LCD_D5+0) 
;__Lib_Lcd.c,106 :: 		
0x0288	0x8883      	BSF         LCD_D4, BitPos(LCD_D4+0) 
;__Lib_Lcd.c,107 :: 		
0x028A	0x8284      	BSF         LCD_EN, BitPos(LCD_EN+0) 
;__Lib_Lcd.c,108 :: 		
0x028C	0xDEC7      	RCALL       _Delay_1us
;__Lib_Lcd.c,109 :: 		
0x028E	0x9284      	BCF         LCD_EN, BitPos(LCD_EN+0) 
;__Lib_Lcd.c,110 :: 		
0x0290	0xDEE3      	RCALL       _Delay_5500us
;__Lib_Lcd.c,112 :: 		
0x0292	0x8284      	BSF         LCD_EN, BitPos(LCD_EN+0) 
;__Lib_Lcd.c,113 :: 		
0x0294	0xDEC3      	RCALL       _Delay_1us
;__Lib_Lcd.c,114 :: 		
0x0296	0x9284      	BCF         LCD_EN, BitPos(LCD_EN+0) 
;__Lib_Lcd.c,115 :: 		
0x0298	0xDEDF      	RCALL       _Delay_5500us
;__Lib_Lcd.c,117 :: 		
0x029A	0x8284      	BSF         LCD_EN, BitPos(LCD_EN+0) 
;__Lib_Lcd.c,118 :: 		
0x029C	0xDEBF      	RCALL       _Delay_1us
;__Lib_Lcd.c,119 :: 		
0x029E	0x9284      	BCF         LCD_EN, BitPos(LCD_EN+0) 
;__Lib_Lcd.c,120 :: 		
0x02A0	0xDEDB      	RCALL       _Delay_5500us
;__Lib_Lcd.c,123 :: 		
0x02A2	0x9883      	BCF         LCD_D4, BitPos(LCD_D4+0) 
;__Lib_Lcd.c,124 :: 		
0x02A4	0x8284      	BSF         LCD_EN, BitPos(LCD_EN+0) 
;__Lib_Lcd.c,125 :: 		
0x02A6	0xDEBA      	RCALL       _Delay_1us
;__Lib_Lcd.c,126 :: 		
0x02A8	0x9284      	BCF         LCD_EN, BitPos(LCD_EN+0) 
;__Lib_Lcd.c,127 :: 		
0x02AA	0xDED6      	RCALL       _Delay_5500us
;__Lib_Lcd.c,130 :: 		
0x02AC	0x8284      	BSF         LCD_EN, BitPos(LCD_EN+0) 
;__Lib_Lcd.c,131 :: 		
0x02AE	0xDEB6      	RCALL       _Delay_1us
;__Lib_Lcd.c,132 :: 		
0x02B0	0x9284      	BCF         LCD_EN, BitPos(LCD_EN+0) 
;__Lib_Lcd.c,134 :: 		
0x02B2	0x9A83      	BCF         LCD_D5, BitPos(LCD_D5+0) 
;__Lib_Lcd.c,135 :: 		
0x02B4	0x8E83      	BSF         LCD_D7, BitPos(LCD_D7+0) 
;__Lib_Lcd.c,136 :: 		
0x02B6	0x8284      	BSF         LCD_EN, BitPos(LCD_EN+0) 
;__Lib_Lcd.c,137 :: 		
0x02B8	0xDEB1      	RCALL       _Delay_1us
;__Lib_Lcd.c,138 :: 		
0x02BA	0x9284      	BCF         LCD_EN, BitPos(LCD_EN+0) 
;__Lib_Lcd.c,139 :: 		
0x02BC	0xDECD      	RCALL       _Delay_5500us
;__Lib_Lcd.c,142 :: 		
0x02BE	0x9E83      	BCF         LCD_D7, BitPos(LCD_D7+0) 
;__Lib_Lcd.c,143 :: 		
0x02C0	0x8883      	BSF         LCD_D4, BitPos(LCD_D4+0) 
;__Lib_Lcd.c,144 :: 		
0x02C2	0x8284      	BSF         LCD_EN, BitPos(LCD_EN+0) 
;__Lib_Lcd.c,145 :: 		
0x02C4	0xDEAB      	RCALL       _Delay_1us
;__Lib_Lcd.c,146 :: 		
0x02C6	0x9284      	BCF         LCD_EN, BitPos(LCD_EN+0) 
;__Lib_Lcd.c,148 :: 		
0x02C8	0x9883      	BCF         LCD_D4, BitPos(LCD_D4+0) 
;__Lib_Lcd.c,149 :: 		
0x02CA	0x8284      	BSF         LCD_EN, BitPos(LCD_EN+0) 
;__Lib_Lcd.c,150 :: 		
0x02CC	0xDEA7      	RCALL       _Delay_1us
;__Lib_Lcd.c,151 :: 		
0x02CE	0x9284      	BCF         LCD_EN, BitPos(LCD_EN+0) 
;__Lib_Lcd.c,152 :: 		
0x02D0	0xDEC3      	RCALL       _Delay_5500us
;__Lib_Lcd.c,155 :: 		
0x02D2	0x8284      	BSF         LCD_EN, BitPos(LCD_EN+0) 
;__Lib_Lcd.c,156 :: 		
0x02D4	0xDEA3      	RCALL       _Delay_1us
;__Lib_Lcd.c,157 :: 		
0x02D6	0x9284      	BCF         LCD_EN, BitPos(LCD_EN+0) 
;__Lib_Lcd.c,159 :: 		
0x02D8	0x8883      	BSF         LCD_D4, BitPos(LCD_D4+0) 
;__Lib_Lcd.c,160 :: 		
0x02DA	0x8284      	BSF         LCD_EN, BitPos(LCD_EN+0) 
;__Lib_Lcd.c,161 :: 		
0x02DC	0xDE9F      	RCALL       _Delay_1us
;__Lib_Lcd.c,162 :: 		
0x02DE	0x9284      	BCF         LCD_EN, BitPos(LCD_EN+0) 
;__Lib_Lcd.c,163 :: 		
0x02E0	0xDEBB      	RCALL       _Delay_5500us
;__Lib_Lcd.c,166 :: 		
0x02E2	0x9883      	BCF         LCD_D4, BitPos(LCD_D4+0) 
;__Lib_Lcd.c,167 :: 		
0x02E4	0x8284      	BSF         LCD_EN, BitPos(LCD_EN+0) 
;__Lib_Lcd.c,168 :: 		
0x02E6	0xDE9A      	RCALL       _Delay_1us
;__Lib_Lcd.c,169 :: 		
0x02E8	0x9284      	BCF         LCD_EN, BitPos(LCD_EN+0) 
;__Lib_Lcd.c,171 :: 		
0x02EA	0x8E83      	BSF         LCD_D7, BitPos(LCD_D7+0) 
;__Lib_Lcd.c,172 :: 		
0x02EC	0x8C83      	BSF         LCD_D6, BitPos(LCD_D6+0) 
;__Lib_Lcd.c,173 :: 		
0x02EE	0x8A83      	BSF         LCD_D5, BitPos(LCD_D5+0) 
;__Lib_Lcd.c,174 :: 		
0x02F0	0x8883      	BSF         LCD_D4, BitPos(LCD_D4+0) 
;__Lib_Lcd.c,175 :: 		
0x02F2	0x8284      	BSF         LCD_EN, BitPos(LCD_EN+0) 
;__Lib_Lcd.c,176 :: 		
0x02F4	0xDE93      	RCALL       _Delay_1us
;__Lib_Lcd.c,177 :: 		
0x02F6	0x9284      	BCF         LCD_EN, BitPos(LCD_EN+0) 
;__Lib_Lcd.c,179 :: 		
0x02F8	0xDEAF      	RCALL       _Delay_5500us
;__Lib_Lcd.c,181 :: 		
0x02FA	0x8015      	BSF         __Lib_Lcd_cmd_status, BitPos(__Lib_Lcd_cmd_status+0) 
;__Lib_Lcd.c,182 :: 		
L_end_Lcd_Init:
0x02FC	0x0012      	RETURN      0
; end of _Lcd_Init
_formatarHora:
;relogio.c,40 :: 		void formatarHora(int horas, int minutos, int segundos, char* horaFormatada) {
;relogio.c,46 :: 		IntToStr(horas, strHoras);
0x02FE	0xF042C025  	MOVFF       FARG_formatarHora_horas, FARG_IntToStr_input
0x0302	0xF043C026  	MOVFF       FARG_formatarHora_horas+1, FARG_IntToStr_input+1
0x0306	0x0E2D      	MOVLW       formatarHora_strHoras_L0
0x0308	0x6E44      	MOVWF       FARG_IntToStr_output 
0x030A	0x0E00      	MOVLW       hi_addr(formatarHora_strHoras_L0)
0x030C	0x6E45      	MOVWF       FARG_IntToStr_output+1 
0x030E	0xDF40      	RCALL       _IntToStr
;relogio.c,47 :: 		IntToStr(minutos, strMinutos);
0x0310	0xF042C027  	MOVFF       FARG_formatarHora_minutos, FARG_IntToStr_input
0x0314	0xF043C028  	MOVFF       FARG_formatarHora_minutos+1, FARG_IntToStr_input+1
0x0318	0x0E34      	MOVLW       formatarHora_strMinutos_L0
0x031A	0x6E44      	MOVWF       FARG_IntToStr_output 
0x031C	0x0E00      	MOVLW       hi_addr(formatarHora_strMinutos_L0)
0x031E	0x6E45      	MOVWF       FARG_IntToStr_output+1 
0x0320	0xDF37      	RCALL       _IntToStr
;relogio.c,48 :: 		IntToStr(segundos, strSegundos);
0x0322	0xF042C029  	MOVFF       FARG_formatarHora_segundos, FARG_IntToStr_input
0x0326	0xF043C02A  	MOVFF       FARG_formatarHora_segundos+1, FARG_IntToStr_input+1
0x032A	0x0E3B      	MOVLW       formatarHora_strSegundos_L0
0x032C	0x6E44      	MOVWF       FARG_IntToStr_output 
0x032E	0x0E00      	MOVLW       hi_addr(formatarHora_strSegundos_L0)
0x0330	0x6E45      	MOVWF       FARG_IntToStr_output+1 
0x0332	0xDF2E      	RCALL       _IntToStr
;relogio.c,51 :: 		if (horas < 10) {
0x0334	0x0E80      	MOVLW       128
0x0336	0x1826      	XORWF       FARG_formatarHora_horas+1, 0 
0x0338	0x6E00      	MOVWF       R0 
0x033A	0x0E80      	MOVLW       128
0x033C	0x5C00      	SUBWF       R0, 0 
0x033E	0xE102      	BNZ         L__formatarHora40
0x0340	0x0E0A      	MOVLW       10
0x0342	0x5C25      	SUBWF       FARG_formatarHora_horas, 0 
L__formatarHora40:
0x0344	0xE20F      	BC          L_formatarHora0
;relogio.c,52 :: 		horaFormatada[0] = '0';
0x0346	0xFFE1C02B  	MOVFF       FARG_formatarHora_horaFormatada, FSR1L
0x034A	0xFFE2C02C  	MOVFF       FARG_formatarHora_horaFormatada+1, FSR1H
0x034E	0x0E30      	MOVLW       48
0x0350	0x6EE6      	MOVWF       POSTINC1 
;relogio.c,53 :: 		horaFormatada[1] = strHoras[5];
0x0352	0x0E01      	MOVLW       1
0x0354	0x242B      	ADDWF       FARG_formatarHora_horaFormatada, 0 
0x0356	0x6EE1      	MOVWF       FSR1L 
0x0358	0x0E00      	MOVLW       0
0x035A	0x202C      	ADDWFC      FARG_formatarHora_horaFormatada+1, 0 
0x035C	0x6EE2      	MOVWF       FSR1H 
0x035E	0xFFE6C032  	MOVFF       formatarHora_strHoras_L0+5, POSTINC1
;relogio.c,54 :: 		} else {
0x0362	0xD00E      	BRA         L_formatarHora1
L_formatarHora0:
;relogio.c,55 :: 		horaFormatada[0] = strHoras[4];
0x0364	0xFFE1C02B  	MOVFF       FARG_formatarHora_horaFormatada, FSR1L
0x0368	0xFFE2C02C  	MOVFF       FARG_formatarHora_horaFormatada+1, FSR1H
0x036C	0xFFE6C031  	MOVFF       formatarHora_strHoras_L0+4, POSTINC1
;relogio.c,56 :: 		horaFormatada[1] = strHoras[5];
0x0370	0x0E01      	MOVLW       1
0x0372	0x242B      	ADDWF       FARG_formatarHora_horaFormatada, 0 
0x0374	0x6EE1      	MOVWF       FSR1L 
0x0376	0x0E00      	MOVLW       0
0x0378	0x202C      	ADDWFC      FARG_formatarHora_horaFormatada+1, 0 
0x037A	0x6EE2      	MOVWF       FSR1H 
0x037C	0xFFE6C032  	MOVFF       formatarHora_strHoras_L0+5, POSTINC1
;relogio.c,57 :: 		}
L_formatarHora1:
;relogio.c,58 :: 		horaFormatada[2] = ':';  // Adiciona o separador
0x0380	0x0E02      	MOVLW       2
0x0382	0x242B      	ADDWF       FARG_formatarHora_horaFormatada, 0 
0x0384	0x6EE1      	MOVWF       FSR1L 
0x0386	0x0E00      	MOVLW       0
0x0388	0x202C      	ADDWFC      FARG_formatarHora_horaFormatada+1, 0 
0x038A	0x6EE2      	MOVWF       FSR1H 
0x038C	0x0E3A      	MOVLW       58
0x038E	0x6EE6      	MOVWF       POSTINC1 
;relogio.c,60 :: 		if (minutos < 10) {
0x0390	0x0E80      	MOVLW       128
0x0392	0x1828      	XORWF       FARG_formatarHora_minutos+1, 0 
0x0394	0x6E00      	MOVWF       R0 
0x0396	0x0E80      	MOVLW       128
0x0398	0x5C00      	SUBWF       R0, 0 
0x039A	0xE102      	BNZ         L__formatarHora41
0x039C	0x0E0A      	MOVLW       10
0x039E	0x5C27      	SUBWF       FARG_formatarHora_minutos, 0 
L__formatarHora41:
0x03A0	0xE211      	BC          L_formatarHora2
;relogio.c,61 :: 		horaFormatada[3] = '0';
0x03A2	0x0E03      	MOVLW       3
0x03A4	0x242B      	ADDWF       FARG_formatarHora_horaFormatada, 0 
0x03A6	0x6EE1      	MOVWF       FSR1L 
0x03A8	0x0E00      	MOVLW       0
0x03AA	0x202C      	ADDWFC      FARG_formatarHora_horaFormatada+1, 0 
0x03AC	0x6EE2      	MOVWF       FSR1H 
0x03AE	0x0E30      	MOVLW       48
0x03B0	0x6EE6      	MOVWF       POSTINC1 
;relogio.c,62 :: 		horaFormatada[4] = strMinutos[5];
0x03B2	0x0E04      	MOVLW       4
0x03B4	0x242B      	ADDWF       FARG_formatarHora_horaFormatada, 0 
0x03B6	0x6EE1      	MOVWF       FSR1L 
0x03B8	0x0E00      	MOVLW       0
0x03BA	0x202C      	ADDWFC      FARG_formatarHora_horaFormatada+1, 0 
0x03BC	0x6EE2      	MOVWF       FSR1H 
0x03BE	0xFFE6C039  	MOVFF       formatarHora_strMinutos_L0+5, POSTINC1
;relogio.c,63 :: 		} else {
0x03C2	0xD010      	BRA         L_formatarHora3
L_formatarHora2:
;relogio.c,64 :: 		horaFormatada[3] = strMinutos[4];
0x03C4	0x0E03      	MOVLW       3
0x03C6	0x242B      	ADDWF       FARG_formatarHora_horaFormatada, 0 
0x03C8	0x6EE1      	MOVWF       FSR1L 
0x03CA	0x0E00      	MOVLW       0
0x03CC	0x202C      	ADDWFC      FARG_formatarHora_horaFormatada+1, 0 
0x03CE	0x6EE2      	MOVWF       FSR1H 
0x03D0	0xFFE6C038  	MOVFF       formatarHora_strMinutos_L0+4, POSTINC1
;relogio.c,65 :: 		horaFormatada[4] = strMinutos[5];
0x03D4	0x0E04      	MOVLW       4
0x03D6	0x242B      	ADDWF       FARG_formatarHora_horaFormatada, 0 
0x03D8	0x6EE1      	MOVWF       FSR1L 
0x03DA	0x0E00      	MOVLW       0
0x03DC	0x202C      	ADDWFC      FARG_formatarHora_horaFormatada+1, 0 
0x03DE	0x6EE2      	MOVWF       FSR1H 
0x03E0	0xFFE6C039  	MOVFF       formatarHora_strMinutos_L0+5, POSTINC1
;relogio.c,66 :: 		}
L_formatarHora3:
;relogio.c,67 :: 		horaFormatada[5] = ':';  // Adiciona o separador
0x03E4	0x0E05      	MOVLW       5
0x03E6	0x242B      	ADDWF       FARG_formatarHora_horaFormatada, 0 
0x03E8	0x6EE1      	MOVWF       FSR1L 
0x03EA	0x0E00      	MOVLW       0
0x03EC	0x202C      	ADDWFC      FARG_formatarHora_horaFormatada+1, 0 
0x03EE	0x6EE2      	MOVWF       FSR1H 
0x03F0	0x0E3A      	MOVLW       58
0x03F2	0x6EE6      	MOVWF       POSTINC1 
;relogio.c,69 :: 		if (segundos < 10) {
0x03F4	0x0E80      	MOVLW       128
0x03F6	0x182A      	XORWF       FARG_formatarHora_segundos+1, 0 
0x03F8	0x6E00      	MOVWF       R0 
0x03FA	0x0E80      	MOVLW       128
0x03FC	0x5C00      	SUBWF       R0, 0 
0x03FE	0xE102      	BNZ         L__formatarHora42
0x0400	0x0E0A      	MOVLW       10
0x0402	0x5C29      	SUBWF       FARG_formatarHora_segundos, 0 
L__formatarHora42:
0x0404	0xE211      	BC          L_formatarHora4
;relogio.c,70 :: 		horaFormatada[6] = '0';
0x0406	0x0E06      	MOVLW       6
0x0408	0x242B      	ADDWF       FARG_formatarHora_horaFormatada, 0 
0x040A	0x6EE1      	MOVWF       FSR1L 
0x040C	0x0E00      	MOVLW       0
0x040E	0x202C      	ADDWFC      FARG_formatarHora_horaFormatada+1, 0 
0x0410	0x6EE2      	MOVWF       FSR1H 
0x0412	0x0E30      	MOVLW       48
0x0414	0x6EE6      	MOVWF       POSTINC1 
;relogio.c,71 :: 		horaFormatada[7] = strSegundos[5];
0x0416	0x0E07      	MOVLW       7
0x0418	0x242B      	ADDWF       FARG_formatarHora_horaFormatada, 0 
0x041A	0x6EE1      	MOVWF       FSR1L 
0x041C	0x0E00      	MOVLW       0
0x041E	0x202C      	ADDWFC      FARG_formatarHora_horaFormatada+1, 0 
0x0420	0x6EE2      	MOVWF       FSR1H 
0x0422	0xFFE6C040  	MOVFF       formatarHora_strSegundos_L0+5, POSTINC1
;relogio.c,72 :: 		} else {
0x0426	0xD010      	BRA         L_formatarHora5
L_formatarHora4:
;relogio.c,73 :: 		horaFormatada[6] = strSegundos[4];
0x0428	0x0E06      	MOVLW       6
0x042A	0x242B      	ADDWF       FARG_formatarHora_horaFormatada, 0 
0x042C	0x6EE1      	MOVWF       FSR1L 
0x042E	0x0E00      	MOVLW       0
0x0430	0x202C      	ADDWFC      FARG_formatarHora_horaFormatada+1, 0 
0x0432	0x6EE2      	MOVWF       FSR1H 
0x0434	0xFFE6C03F  	MOVFF       formatarHora_strSegundos_L0+4, POSTINC1
;relogio.c,74 :: 		horaFormatada[7] = strSegundos[5];
0x0438	0x0E07      	MOVLW       7
0x043A	0x242B      	ADDWF       FARG_formatarHora_horaFormatada, 0 
0x043C	0x6EE1      	MOVWF       FSR1L 
0x043E	0x0E00      	MOVLW       0
0x0440	0x202C      	ADDWFC      FARG_formatarHora_horaFormatada+1, 0 
0x0442	0x6EE2      	MOVWF       FSR1H 
0x0444	0xFFE6C040  	MOVFF       formatarHora_strSegundos_L0+5, POSTINC1
;relogio.c,75 :: 		}
L_formatarHora5:
;relogio.c,76 :: 		horaFormatada[8] = '\0'; // Adiciona o caractere nulo para finalizar a string
0x0448	0x0E08      	MOVLW       8
0x044A	0x242B      	ADDWF       FARG_formatarHora_horaFormatada, 0 
0x044C	0x6EE1      	MOVWF       FSR1L 
0x044E	0x0E00      	MOVLW       0
0x0450	0x202C      	ADDWFC      FARG_formatarHora_horaFormatada+1, 0 
0x0452	0x6EE2      	MOVWF       FSR1H 
0x0454	0x6AE6      	CLRF        POSTINC1 
;relogio.c,77 :: 		}
L_end_formatarHora:
0x0456	0x0012      	RETURN      0
; end of _formatarHora
___CC2DW:
;__Lib_System.c,21 :: 		
;__Lib_System.c,23 :: 		
_CC2DL_Loop1:
;__Lib_System.c,24 :: 		
0x0458	0x0009      	TBLRD*+
;__Lib_System.c,25 :: 		
0x045A	0xFFE6CFF5  	MOVFF       TABLAT, POSTINC1
;__Lib_System.c,26 :: 		
0x045E	0x0600      	DECF        R0, 1, 0
;__Lib_System.c,27 :: 		
0x0460	0xE1FB      	BNZ         _CC2DL_Loop1
;__Lib_System.c,28 :: 		
0x0462	0x0601      	DECF        R1, 1, 0
;__Lib_System.c,29 :: 		
0x0464	0xE1F9      	BNZ         _CC2DL_Loop1
;__Lib_System.c,31 :: 		
L_end___CC2DW:
0x0466	0x0012      	RETURN      0
; end of ___CC2DW
_Lcd_Out:
;__Lib_Lcd.c,184 :: 		
;__Lib_Lcd.c,187 :: 		
0x0468	0xD00F      	BRA         L_Lcd_Out11
;__Lib_Lcd.c,188 :: 		
L_Lcd_Out13:
0x046A	0x0E80      	MOVLW       128
0x046C	0x6E25      	MOVWF       FARG_Lcd_Out_row 
0x046E	0xD019      	BRA         L_Lcd_Out12
;__Lib_Lcd.c,189 :: 		
L_Lcd_Out14:
0x0470	0x0EC0      	MOVLW       192
0x0472	0x6E25      	MOVWF       FARG_Lcd_Out_row 
0x0474	0xD016      	BRA         L_Lcd_Out12
;__Lib_Lcd.c,190 :: 		
L_Lcd_Out15:
0x0476	0x0E94      	MOVLW       148
0x0478	0x6E25      	MOVWF       FARG_Lcd_Out_row 
0x047A	0xD013      	BRA         L_Lcd_Out12
;__Lib_Lcd.c,191 :: 		
L_Lcd_Out16:
0x047C	0x0ED4      	MOVLW       212
0x047E	0x6E25      	MOVWF       FARG_Lcd_Out_row 
0x0480	0xD010      	BRA         L_Lcd_Out12
;__Lib_Lcd.c,192 :: 		
L_Lcd_Out17:
0x0482	0x0E80      	MOVLW       128
0x0484	0x6E25      	MOVWF       FARG_Lcd_Out_row 
;__Lib_Lcd.c,193 :: 		
0x0486	0xD00D      	BRA         L_Lcd_Out12
L_Lcd_Out11:
0x0488	0x5025      	MOVF        FARG_Lcd_Out_row, 0 
0x048A	0x0A01      	XORLW       1
0x048C	0xE0EE      	BZ          L_Lcd_Out13
0x048E	0x5025      	MOVF        FARG_Lcd_Out_row, 0 
0x0490	0x0A02      	XORLW       2
0x0492	0xE0EE      	BZ          L_Lcd_Out14
0x0494	0x5025      	MOVF        FARG_Lcd_Out_row, 0 
0x0496	0x0A03      	XORLW       3
0x0498	0xE0EE      	BZ          L_Lcd_Out15
0x049A	0x5025      	MOVF        FARG_Lcd_Out_row, 0 
0x049C	0x0A04      	XORLW       4
0x049E	0xE0EE      	BZ          L_Lcd_Out16
0x04A0	0xD7F0      	BRA         L_Lcd_Out17
L_Lcd_Out12:
;__Lib_Lcd.c,194 :: 		
0x04A2	0x0426      	DECF        FARG_Lcd_Out_column, 0 
0x04A4	0x6E00      	MOVWF       R0 
0x04A6	0x5025      	MOVF        FARG_Lcd_Out_row, 0 
0x04A8	0x2600      	ADDWF       R0, 1 
0x04AA	0xF025C000  	MOVFF       R0, FARG_Lcd_Out_row
;__Lib_Lcd.c,196 :: 		
0x04AE	0xF04CC000  	MOVFF       R0, FARG_Lcd_Cmd_out_char
0x04B2	0xDE2A      	RCALL       _Lcd_Cmd
;__Lib_Lcd.c,197 :: 		
0x04B4	0x9015      	BCF         __Lib_Lcd_cmd_status, BitPos(__Lib_Lcd_cmd_status+0) 
;__Lib_Lcd.c,198 :: 		
0x04B6	0x6A29      	CLRF        Lcd_Out_i_L0 
;__Lib_Lcd.c,199 :: 		
L_Lcd_Out18:
0x04B8	0x5029      	MOVF        Lcd_Out_i_L0, 0 
0x04BA	0x2427      	ADDWF       FARG_Lcd_Out_text, 0 
0x04BC	0x6EE9      	MOVWF       FSR0L 
0x04BE	0x0E00      	MOVLW       0
0x04C0	0x2028      	ADDWFC      FARG_Lcd_Out_text+1, 0 
0x04C2	0x6EEA      	MOVWF       FSR0H 
0x04C4	0x52EE      	MOVF        POSTINC0, 1 
0x04C6	0xE00B      	BZ          L_Lcd_Out19
;__Lib_Lcd.c,200 :: 		
0x04C8	0x5029      	MOVF        Lcd_Out_i_L0, 0 
0x04CA	0x2427      	ADDWF       FARG_Lcd_Out_text, 0 
0x04CC	0x6EE9      	MOVWF       FSR0L 
0x04CE	0x0E00      	MOVLW       0
0x04D0	0x2028      	ADDWFC      FARG_Lcd_Out_text+1, 0 
0x04D2	0x6EEA      	MOVWF       FSR0H 
0x04D4	0xF042CFEE  	MOVFF       POSTINC0, FARG_Lcd_Chr_CP_out_char
0x04D8	0xDE55      	RCALL       _Lcd_Chr_CP
0x04DA	0x2A29      	INCF        Lcd_Out_i_L0, 1 
0x04DC	0xD7ED      	BRA         L_Lcd_Out18
L_Lcd_Out19:
;__Lib_Lcd.c,201 :: 		
0x04DE	0x8015      	BSF         __Lib_Lcd_cmd_status, BitPos(__Lib_Lcd_cmd_status+0) 
;__Lib_Lcd.c,202 :: 		
L_end_Lcd_Out:
0x04E0	0x0012      	RETURN      0
; end of _Lcd_Out
_main:
;relogio.c,79 :: 		void main()
;relogio.c,81 :: 		int horas = 15, minutos = 5, segundos = 50; //inicialização das variáveis
0x04E2	0x0E0F      	MOVLW       15
0x04E4	0x6E1F      	MOVWF       main_horas_L0 
0x04E6	0x0E00      	MOVLW       0
0x04E8	0x6E20      	MOVWF       main_horas_L0+1 
0x04EA	0x0E05      	MOVLW       5
0x04EC	0x6E21      	MOVWF       main_minutos_L0 
0x04EE	0x0E00      	MOVLW       0
0x04F0	0x6E22      	MOVWF       main_minutos_L0+1 
0x04F2	0x0E32      	MOVLW       50
0x04F4	0x6E23      	MOVWF       main_segundos_L0 
0x04F6	0x0E00      	MOVLW       0
0x04F8	0x6E24      	MOVWF       main_segundos_L0+1 
;relogio.c,84 :: 		ADCON0  = 0x00;        // Configura todos pinos das portas para digital e
0x04FA	0x6AC2      	CLRF        ADCON0 
;relogio.c,85 :: 		ADCON1  = 0x0F;       // desabilita o conversor A/D
0x04FC	0x0E0F      	MOVLW       15
0x04FE	0x6EC1      	MOVWF       ADCON1 
;relogio.c,86 :: 		trisb = 7;
0x0500	0x0E07      	MOVLW       7
0x0502	0x6E93      	MOVWF       TRISB 
;relogio.c,88 :: 		Lcd_Init();                  	//Inicializa o Display
0x0504	0xDEB1      	RCALL       _Lcd_Init
;relogio.c,89 :: 		delay_ms(100);
0x0506	0x0E02      	MOVLW       2
0x0508	0x6E0B      	MOVWF       R11, 0
0x050A	0x0E04      	MOVLW       4
0x050C	0x6E0C      	MOVWF       R12, 0
0x050E	0x0EBA      	MOVLW       186
0x0510	0x6E0D      	MOVWF       R13, 0
L_main6:
0x0512	0x2E0D      	DECFSZ      R13, 1, 0
0x0514	0xD7FE      	BRA         L_main6
0x0516	0x2E0C      	DECFSZ      R12, 1, 0
0x0518	0xD7FC      	BRA         L_main6
0x051A	0x2E0B      	DECFSZ      R11, 1, 0
0x051C	0xD7FA      	BRA         L_main6
0x051E	0x0000      	NOP
;relogio.c,90 :: 		Lcd_Cmd(_LCD_CLEAR);         	//Limpa o Display
0x0520	0x0E01      	MOVLW       1
0x0522	0x6E4C      	MOVWF       FARG_Lcd_Cmd_out_char 
0x0524	0xDDF1      	RCALL       _Lcd_Cmd
;relogio.c,91 :: 		delay_ms(100);
0x0526	0x0E02      	MOVLW       2
0x0528	0x6E0B      	MOVWF       R11, 0
0x052A	0x0E04      	MOVLW       4
0x052C	0x6E0C      	MOVWF       R12, 0
0x052E	0x0EBA      	MOVLW       186
0x0530	0x6E0D      	MOVWF       R13, 0
L_main7:
0x0532	0x2E0D      	DECFSZ      R13, 1, 0
0x0534	0xD7FE      	BRA         L_main7
0x0536	0x2E0C      	DECFSZ      R12, 1, 0
0x0538	0xD7FC      	BRA         L_main7
0x053A	0x2E0B      	DECFSZ      R11, 1, 0
0x053C	0xD7FA      	BRA         L_main7
0x053E	0x0000      	NOP
;relogio.c,92 :: 		Lcd_Cmd(_LCD_CURSOR_OFF);    	//Desabilita o cursor
0x0540	0x0E0C      	MOVLW       12
0x0542	0x6E4C      	MOVWF       FARG_Lcd_Cmd_out_char 
0x0544	0xDDE1      	RCALL       _Lcd_Cmd
;relogio.c,93 :: 		delay_ms(100);
0x0546	0x0E02      	MOVLW       2
0x0548	0x6E0B      	MOVWF       R11, 0
0x054A	0x0E04      	MOVLW       4
0x054C	0x6E0C      	MOVWF       R12, 0
0x054E	0x0EBA      	MOVLW       186
0x0550	0x6E0D      	MOVWF       R13, 0
L_main8:
0x0552	0x2E0D      	DECFSZ      R13, 1, 0
0x0554	0xD7FE      	BRA         L_main8
0x0556	0x2E0C      	DECFSZ      R12, 1, 0
0x0558	0xD7FC      	BRA         L_main8
0x055A	0x2E0B      	DECFSZ      R11, 1, 0
0x055C	0xD7FA      	BRA         L_main8
0x055E	0x0000      	NOP
;relogio.c,96 :: 		while(1){
L_main9:
;relogio.c,98 :: 		while (portb.rb0 == 0){
L_main11:
0x0560	0xB081      	BTFSC       PORTB, 0 
0x0562	0xD055      	BRA         L_main12
;relogio.c,99 :: 		delay_ms(200);
0x0564	0x0E03      	MOVLW       3
0x0566	0x6E0B      	MOVWF       R11, 0
0x0568	0x0E08      	MOVLW       8
0x056A	0x6E0C      	MOVWF       R12, 0
0x056C	0x0E77      	MOVLW       119
0x056E	0x6E0D      	MOVWF       R13, 0
L_main13:
0x0570	0x2E0D      	DECFSZ      R13, 1, 0
0x0572	0xD7FE      	BRA         L_main13
0x0574	0x2E0C      	DECFSZ      R12, 1, 0
0x0576	0xD7FC      	BRA         L_main13
0x0578	0x2E0B      	DECFSZ      R11, 1, 0
0x057A	0xD7FA      	BRA         L_main13
;relogio.c,100 :: 		if (segundos < 59){
0x057C	0x0E80      	MOVLW       128
0x057E	0x1824      	XORWF       main_segundos_L0+1, 0 
0x0580	0x6E00      	MOVWF       R0 
0x0582	0x0E80      	MOVLW       128
0x0584	0x5C00      	SUBWF       R0, 0 
0x0586	0xE102      	BNZ         L__main44
0x0588	0x0E3B      	MOVLW       59
0x058A	0x5C23      	SUBWF       main_segundos_L0, 0 
L__main44:
0x058C	0xE203      	BC          L_main14
;relogio.c,101 :: 		segundos += 1;
0x058E	0x4A23      	INFSNZ      main_segundos_L0, 1 
0x0590	0x2A24      	INCF        main_segundos_L0+1, 1 
;relogio.c,102 :: 		}
0x0592	0xD022      	BRA         L_main15
L_main14:
;relogio.c,104 :: 		segundos = 0;
0x0594	0x6A23      	CLRF        main_segundos_L0 
0x0596	0x6A24      	CLRF        main_segundos_L0+1 
;relogio.c,105 :: 		if (minutos <59){
0x0598	0x0E80      	MOVLW       128
0x059A	0x1822      	XORWF       main_minutos_L0+1, 0 
0x059C	0x6E00      	MOVWF       R0 
0x059E	0x0E80      	MOVLW       128
0x05A0	0x5C00      	SUBWF       R0, 0 
0x05A2	0xE102      	BNZ         L__main45
0x05A4	0x0E3B      	MOVLW       59
0x05A6	0x5C21      	SUBWF       main_minutos_L0, 0 
L__main45:
0x05A8	0xE203      	BC          L_main16
;relogio.c,106 :: 		minutos+=1;
0x05AA	0x4A21      	INFSNZ      main_minutos_L0, 1 
0x05AC	0x2A22      	INCF        main_minutos_L0+1, 1 
;relogio.c,107 :: 		}
0x05AE	0xD014      	BRA         L_main17
L_main16:
;relogio.c,109 :: 		minutos = 0;
0x05B0	0x6A21      	CLRF        main_minutos_L0 
0x05B2	0x6A22      	CLRF        main_minutos_L0+1 
;relogio.c,110 :: 		if(horas < 23){
0x05B4	0x0E80      	MOVLW       128
0x05B6	0x1820      	XORWF       main_horas_L0+1, 0 
0x05B8	0x6E00      	MOVWF       R0 
0x05BA	0x0E80      	MOVLW       128
0x05BC	0x5C00      	SUBWF       R0, 0 
0x05BE	0xE102      	BNZ         L__main46
0x05C0	0x0E17      	MOVLW       23
0x05C2	0x5C1F      	SUBWF       main_horas_L0, 0 
L__main46:
0x05C4	0xE203      	BC          L_main18
;relogio.c,111 :: 		horas += 1;
0x05C6	0x4A1F      	INFSNZ      main_horas_L0, 1 
0x05C8	0x2A20      	INCF        main_horas_L0+1, 1 
;relogio.c,112 :: 		}
0x05CA	0xD006      	BRA         L_main19
L_main18:
;relogio.c,114 :: 		horas = 0;
0x05CC	0x6A1F      	CLRF        main_horas_L0 
0x05CE	0x6A20      	CLRF        main_horas_L0+1 
;relogio.c,115 :: 		minutos = 0;
0x05D0	0x6A21      	CLRF        main_minutos_L0 
0x05D2	0x6A22      	CLRF        main_minutos_L0+1 
;relogio.c,116 :: 		segundos = 0;
0x05D4	0x6A23      	CLRF        main_segundos_L0 
0x05D6	0x6A24      	CLRF        main_segundos_L0+1 
;relogio.c,117 :: 		}
L_main19:
;relogio.c,118 :: 		}
L_main17:
;relogio.c,119 :: 		}
L_main15:
;relogio.c,121 :: 		formatarHora(horas, minutos, segundos, horaFormatada);
0x05D8	0xF025C01F  	MOVFF       main_horas_L0, FARG_formatarHora_horas
0x05DC	0xF026C020  	MOVFF       main_horas_L0+1, FARG_formatarHora_horas+1
0x05E0	0xF027C021  	MOVFF       main_minutos_L0, FARG_formatarHora_minutos
0x05E4	0xF028C022  	MOVFF       main_minutos_L0+1, FARG_formatarHora_minutos+1
0x05E8	0xF029C023  	MOVFF       main_segundos_L0, FARG_formatarHora_segundos
0x05EC	0xF02AC024  	MOVFF       main_segundos_L0+1, FARG_formatarHora_segundos+1
0x05F0	0x0E16      	MOVLW       main_horaFormatada_L0
0x05F2	0x6E2B      	MOVWF       FARG_formatarHora_horaFormatada 
0x05F4	0x0E00      	MOVLW       hi_addr(main_horaFormatada_L0)
0x05F6	0x6E2C      	MOVWF       FARG_formatarHora_horaFormatada+1 
0x05F8	0xDE82      	RCALL       _formatarHora
;relogio.c,123 :: 		Lcd_Out(1,5,horaFormatada);
0x05FA	0x0E01      	MOVLW       1
0x05FC	0x6E25      	MOVWF       FARG_Lcd_Out_row 
0x05FE	0x0E05      	MOVLW       5
0x0600	0x6E26      	MOVWF       FARG_Lcd_Out_column 
0x0602	0x0E16      	MOVLW       main_horaFormatada_L0
0x0604	0x6E27      	MOVWF       FARG_Lcd_Out_text 
0x0606	0x0E00      	MOVLW       hi_addr(main_horaFormatada_L0)
0x0608	0x6E28      	MOVWF       FARG_Lcd_Out_text+1 
0x060A	0xDF2E      	RCALL       _Lcd_Out
;relogio.c,124 :: 		}
0x060C	0xD7A9      	BRA         L_main11
L_main12:
;relogio.c,127 :: 		while (portb.rb1 == 0){
L_main20:
0x060E	0xB281      	BTFSC       PORTB, 1 
0x0610	0xD047      	BRA         L_main21
;relogio.c,128 :: 		delay_ms(200);
0x0612	0x0E03      	MOVLW       3
0x0614	0x6E0B      	MOVWF       R11, 0
0x0616	0x0E08      	MOVLW       8
0x0618	0x6E0C      	MOVWF       R12, 0
0x061A	0x0E77      	MOVLW       119
0x061C	0x6E0D      	MOVWF       R13, 0
L_main22:
0x061E	0x2E0D      	DECFSZ      R13, 1, 0
0x0620	0xD7FE      	BRA         L_main22
0x0622	0x2E0C      	DECFSZ      R12, 1, 0
0x0624	0xD7FC      	BRA         L_main22
0x0626	0x2E0B      	DECFSZ      R11, 1, 0
0x0628	0xD7FA      	BRA         L_main22
;relogio.c,129 :: 		if (minutos <59){
0x062A	0x0E80      	MOVLW       128
0x062C	0x1822      	XORWF       main_minutos_L0+1, 0 
0x062E	0x6E00      	MOVWF       R0 
0x0630	0x0E80      	MOVLW       128
0x0632	0x5C00      	SUBWF       R0, 0 
0x0634	0xE102      	BNZ         L__main47
0x0636	0x0E3B      	MOVLW       59
0x0638	0x5C21      	SUBWF       main_minutos_L0, 0 
L__main47:
0x063A	0xE203      	BC          L_main23
;relogio.c,130 :: 		minutos+=1;
0x063C	0x4A21      	INFSNZ      main_minutos_L0, 1 
0x063E	0x2A22      	INCF        main_minutos_L0+1, 1 
;relogio.c,131 :: 		}
0x0640	0xD014      	BRA         L_main24
L_main23:
;relogio.c,133 :: 		minutos = 0;
0x0642	0x6A21      	CLRF        main_minutos_L0 
0x0644	0x6A22      	CLRF        main_minutos_L0+1 
;relogio.c,134 :: 		if(horas < 23){
0x0646	0x0E80      	MOVLW       128
0x0648	0x1820      	XORWF       main_horas_L0+1, 0 
0x064A	0x6E00      	MOVWF       R0 
0x064C	0x0E80      	MOVLW       128
0x064E	0x5C00      	SUBWF       R0, 0 
0x0650	0xE102      	BNZ         L__main48
0x0652	0x0E17      	MOVLW       23
0x0654	0x5C1F      	SUBWF       main_horas_L0, 0 
L__main48:
0x0656	0xE203      	BC          L_main25
;relogio.c,135 :: 		horas += 1;
0x0658	0x4A1F      	INFSNZ      main_horas_L0, 1 
0x065A	0x2A20      	INCF        main_horas_L0+1, 1 
;relogio.c,136 :: 		}
0x065C	0xD006      	BRA         L_main26
L_main25:
;relogio.c,138 :: 		horas = 0;
0x065E	0x6A1F      	CLRF        main_horas_L0 
0x0660	0x6A20      	CLRF        main_horas_L0+1 
;relogio.c,139 :: 		minutos = 0;
0x0662	0x6A21      	CLRF        main_minutos_L0 
0x0664	0x6A22      	CLRF        main_minutos_L0+1 
;relogio.c,140 :: 		segundos = 0;
0x0666	0x6A23      	CLRF        main_segundos_L0 
0x0668	0x6A24      	CLRF        main_segundos_L0+1 
;relogio.c,141 :: 		}
L_main26:
;relogio.c,142 :: 		}
L_main24:
;relogio.c,144 :: 		formatarHora(horas, minutos, segundos, horaFormatada);
0x066A	0xF025C01F  	MOVFF       main_horas_L0, FARG_formatarHora_horas
0x066E	0xF026C020  	MOVFF       main_horas_L0+1, FARG_formatarHora_horas+1
0x0672	0xF027C021  	MOVFF       main_minutos_L0, FARG_formatarHora_minutos
0x0676	0xF028C022  	MOVFF       main_minutos_L0+1, FARG_formatarHora_minutos+1
0x067A	0xF029C023  	MOVFF       main_segundos_L0, FARG_formatarHora_segundos
0x067E	0xF02AC024  	MOVFF       main_segundos_L0+1, FARG_formatarHora_segundos+1
0x0682	0x0E16      	MOVLW       main_horaFormatada_L0
0x0684	0x6E2B      	MOVWF       FARG_formatarHora_horaFormatada 
0x0686	0x0E00      	MOVLW       hi_addr(main_horaFormatada_L0)
0x0688	0x6E2C      	MOVWF       FARG_formatarHora_horaFormatada+1 
0x068A	0xDE39      	RCALL       _formatarHora
;relogio.c,146 :: 		Lcd_Out(1,5,horaFormatada);
0x068C	0x0E01      	MOVLW       1
0x068E	0x6E25      	MOVWF       FARG_Lcd_Out_row 
0x0690	0x0E05      	MOVLW       5
0x0692	0x6E26      	MOVWF       FARG_Lcd_Out_column 
0x0694	0x0E16      	MOVLW       main_horaFormatada_L0
0x0696	0x6E27      	MOVWF       FARG_Lcd_Out_text 
0x0698	0x0E00      	MOVLW       hi_addr(main_horaFormatada_L0)
0x069A	0x6E28      	MOVWF       FARG_Lcd_Out_text+1 
0x069C	0xDEE5      	RCALL       _Lcd_Out
;relogio.c,147 :: 		}
0x069E	0xD7B7      	BRA         L_main20
L_main21:
;relogio.c,150 :: 		while (portb.rb2 == 0){
L_main27:
0x06A0	0xB481      	BTFSC       PORTB, 2 
0x06A2	0xD035      	BRA         L_main28
;relogio.c,151 :: 		delay_ms(200);
0x06A4	0x0E03      	MOVLW       3
0x06A6	0x6E0B      	MOVWF       R11, 0
0x06A8	0x0E08      	MOVLW       8
0x06AA	0x6E0C      	MOVWF       R12, 0
0x06AC	0x0E77      	MOVLW       119
0x06AE	0x6E0D      	MOVWF       R13, 0
L_main29:
0x06B0	0x2E0D      	DECFSZ      R13, 1, 0
0x06B2	0xD7FE      	BRA         L_main29
0x06B4	0x2E0C      	DECFSZ      R12, 1, 0
0x06B6	0xD7FC      	BRA         L_main29
0x06B8	0x2E0B      	DECFSZ      R11, 1, 0
0x06BA	0xD7FA      	BRA         L_main29
;relogio.c,152 :: 		if(horas < 23){
0x06BC	0x0E80      	MOVLW       128
0x06BE	0x1820      	XORWF       main_horas_L0+1, 0 
0x06C0	0x6E00      	MOVWF       R0 
0x06C2	0x0E80      	MOVLW       128
0x06C4	0x5C00      	SUBWF       R0, 0 
0x06C6	0xE102      	BNZ         L__main49
0x06C8	0x0E17      	MOVLW       23
0x06CA	0x5C1F      	SUBWF       main_horas_L0, 0 
L__main49:
0x06CC	0xE203      	BC          L_main30
;relogio.c,153 :: 		horas += 1;
0x06CE	0x4A1F      	INFSNZ      main_horas_L0, 1 
0x06D0	0x2A20      	INCF        main_horas_L0+1, 1 
;relogio.c,154 :: 		}
0x06D2	0xD002      	BRA         L_main31
L_main30:
;relogio.c,156 :: 		horas = 0;
0x06D4	0x6A1F      	CLRF        main_horas_L0 
0x06D6	0x6A20      	CLRF        main_horas_L0+1 
;relogio.c,157 :: 		}
L_main31:
;relogio.c,159 :: 		formatarHora(horas, minutos, segundos, horaFormatada);
0x06D8	0xF025C01F  	MOVFF       main_horas_L0, FARG_formatarHora_horas
0x06DC	0xF026C020  	MOVFF       main_horas_L0+1, FARG_formatarHora_horas+1
0x06E0	0xF027C021  	MOVFF       main_minutos_L0, FARG_formatarHora_minutos
0x06E4	0xF028C022  	MOVFF       main_minutos_L0+1, FARG_formatarHora_minutos+1
0x06E8	0xF029C023  	MOVFF       main_segundos_L0, FARG_formatarHora_segundos
0x06EC	0xF02AC024  	MOVFF       main_segundos_L0+1, FARG_formatarHora_segundos+1
0x06F0	0x0E16      	MOVLW       main_horaFormatada_L0
0x06F2	0x6E2B      	MOVWF       FARG_formatarHora_horaFormatada 
0x06F4	0x0E00      	MOVLW       hi_addr(main_horaFormatada_L0)
0x06F6	0x6E2C      	MOVWF       FARG_formatarHora_horaFormatada+1 
0x06F8	0xDE02      	RCALL       _formatarHora
;relogio.c,161 :: 		Lcd_Out(1,5,horaFormatada);
0x06FA	0x0E01      	MOVLW       1
0x06FC	0x6E25      	MOVWF       FARG_Lcd_Out_row 
0x06FE	0x0E05      	MOVLW       5
0x0700	0x6E26      	MOVWF       FARG_Lcd_Out_column 
0x0702	0x0E16      	MOVLW       main_horaFormatada_L0
0x0704	0x6E27      	MOVWF       FARG_Lcd_Out_text 
0x0706	0x0E00      	MOVLW       hi_addr(main_horaFormatada_L0)
0x0708	0x6E28      	MOVWF       FARG_Lcd_Out_text+1 
0x070A	0xDEAE      	RCALL       _Lcd_Out
;relogio.c,162 :: 		}
0x070C	0xD7C9      	BRA         L_main27
L_main28:
;relogio.c,165 :: 		delay_ms(1000);
0x070E	0x0E0B      	MOVLW       11
0x0710	0x6E0B      	MOVWF       R11, 0
0x0712	0x0E26      	MOVLW       38
0x0714	0x6E0C      	MOVWF       R12, 0
0x0716	0x0E5D      	MOVLW       93
0x0718	0x6E0D      	MOVWF       R13, 0
L_main32:
0x071A	0x2E0D      	DECFSZ      R13, 1, 0
0x071C	0xD7FE      	BRA         L_main32
0x071E	0x2E0C      	DECFSZ      R12, 1, 0
0x0720	0xD7FC      	BRA         L_main32
0x0722	0x2E0B      	DECFSZ      R11, 1, 0
0x0724	0xD7FA      	BRA         L_main32
0x0726	0x0000      	NOP
0x0728	0x0000      	NOP
;relogio.c,166 :: 		if (segundos < 59){
0x072A	0x0E80      	MOVLW       128
0x072C	0x1824      	XORWF       main_segundos_L0+1, 0 
0x072E	0x6E00      	MOVWF       R0 
0x0730	0x0E80      	MOVLW       128
0x0732	0x5C00      	SUBWF       R0, 0 
0x0734	0xE102      	BNZ         L__main50
0x0736	0x0E3B      	MOVLW       59
0x0738	0x5C23      	SUBWF       main_segundos_L0, 0 
L__main50:
0x073A	0xE203      	BC          L_main33
;relogio.c,167 :: 		segundos += 1;
0x073C	0x4A23      	INFSNZ      main_segundos_L0, 1 
0x073E	0x2A24      	INCF        main_segundos_L0+1, 1 
;relogio.c,168 :: 		}
0x0740	0xD022      	BRA         L_main34
L_main33:
;relogio.c,170 :: 		segundos = 0;
0x0742	0x6A23      	CLRF        main_segundos_L0 
0x0744	0x6A24      	CLRF        main_segundos_L0+1 
;relogio.c,171 :: 		if (minutos <59){
0x0746	0x0E80      	MOVLW       128
0x0748	0x1822      	XORWF       main_minutos_L0+1, 0 
0x074A	0x6E00      	MOVWF       R0 
0x074C	0x0E80      	MOVLW       128
0x074E	0x5C00      	SUBWF       R0, 0 
0x0750	0xE102      	BNZ         L__main51
0x0752	0x0E3B      	MOVLW       59
0x0754	0x5C21      	SUBWF       main_minutos_L0, 0 
L__main51:
0x0756	0xE203      	BC          L_main35
;relogio.c,172 :: 		minutos+=1;
0x0758	0x4A21      	INFSNZ      main_minutos_L0, 1 
0x075A	0x2A22      	INCF        main_minutos_L0+1, 1 
;relogio.c,173 :: 		}
0x075C	0xD014      	BRA         L_main36
L_main35:
;relogio.c,175 :: 		minutos = 0;
0x075E	0x6A21      	CLRF        main_minutos_L0 
0x0760	0x6A22      	CLRF        main_minutos_L0+1 
;relogio.c,176 :: 		if(horas < 23){
0x0762	0x0E80      	MOVLW       128
0x0764	0x1820      	XORWF       main_horas_L0+1, 0 
0x0766	0x6E00      	MOVWF       R0 
0x0768	0x0E80      	MOVLW       128
0x076A	0x5C00      	SUBWF       R0, 0 
0x076C	0xE102      	BNZ         L__main52
0x076E	0x0E17      	MOVLW       23
0x0770	0x5C1F      	SUBWF       main_horas_L0, 0 
L__main52:
0x0772	0xE203      	BC          L_main37
;relogio.c,177 :: 		horas += 1;
0x0774	0x4A1F      	INFSNZ      main_horas_L0, 1 
0x0776	0x2A20      	INCF        main_horas_L0+1, 1 
;relogio.c,178 :: 		}
0x0778	0xD006      	BRA         L_main38
L_main37:
;relogio.c,180 :: 		horas = 0;
0x077A	0x6A1F      	CLRF        main_horas_L0 
0x077C	0x6A20      	CLRF        main_horas_L0+1 
;relogio.c,181 :: 		minutos = 0;
0x077E	0x6A21      	CLRF        main_minutos_L0 
0x0780	0x6A22      	CLRF        main_minutos_L0+1 
;relogio.c,182 :: 		segundos = 0;
0x0782	0x6A23      	CLRF        main_segundos_L0 
0x0784	0x6A24      	CLRF        main_segundos_L0+1 
;relogio.c,183 :: 		}
L_main38:
;relogio.c,184 :: 		}
L_main36:
;relogio.c,185 :: 		}
L_main34:
;relogio.c,187 :: 		formatarHora(horas, minutos, segundos, horaFormatada);
0x0786	0xF025C01F  	MOVFF       main_horas_L0, FARG_formatarHora_horas
0x078A	0xF026C020  	MOVFF       main_horas_L0+1, FARG_formatarHora_horas+1
0x078E	0xF027C021  	MOVFF       main_minutos_L0, FARG_formatarHora_minutos
0x0792	0xF028C022  	MOVFF       main_minutos_L0+1, FARG_formatarHora_minutos+1
0x0796	0xF029C023  	MOVFF       main_segundos_L0, FARG_formatarHora_segundos
0x079A	0xF02AC024  	MOVFF       main_segundos_L0+1, FARG_formatarHora_segundos+1
0x079E	0x0E16      	MOVLW       main_horaFormatada_L0
0x07A0	0x6E2B      	MOVWF       FARG_formatarHora_horaFormatada 
0x07A2	0x0E00      	MOVLW       hi_addr(main_horaFormatada_L0)
0x07A4	0x6E2C      	MOVWF       FARG_formatarHora_horaFormatada+1 
0x07A6	0xDDAB      	RCALL       _formatarHora
;relogio.c,189 :: 		Lcd_Out(1,5,horaFormatada);
0x07A8	0x0E01      	MOVLW       1
0x07AA	0x6E25      	MOVWF       FARG_Lcd_Out_row 
0x07AC	0x0E05      	MOVLW       5
0x07AE	0x6E26      	MOVWF       FARG_Lcd_Out_column 
0x07B0	0x0E16      	MOVLW       main_horaFormatada_L0
0x07B2	0x6E27      	MOVWF       FARG_Lcd_Out_text 
0x07B4	0x0E00      	MOVLW       hi_addr(main_horaFormatada_L0)
0x07B6	0x6E28      	MOVWF       FARG_Lcd_Out_text+1 
0x07B8	0xDE57      	RCALL       _Lcd_Out
;relogio.c,190 :: 		}
0x07BA	0xD6D2      	BRA         L_main9
;relogio.c,191 :: 		} // fim do programa
L_end_main:
0x07BC	0xD7FF      	BRA         $+0
; end of _main
Symbol List:
//** Routines locations **
//ADDRESS    SIZE    PROCEDURE
//----------------------------------------------
0x001C       [6]    _Delay_1us
0x0022      [54]    _Div_16X16_U
0x0058      [22]    _Delay_5500us
0x006E      [10]    _Delay_50us
0x0078     [144]    _WordToStr
0x0108     [124]    _Lcd_Cmd
0x0184      [12]    _Lcd_Chr_CP
0x0190     [216]    _IntToStr
0x0268     [150]    _Lcd_Init
0x02FE     [346]    _formatarHora
0x0458      [16]    ___CC2DW
0x0468     [122]    _Lcd_Out
0x04E2     [732]    _main
//** Variables locations ** 
//ADDRESS    SIZE    VARIABLE
//----------------------------------------------
0x0000       [1]    R0
0x0001       [1]    R1
0x0002       [2]    memset_pp_L0
0x0002       [2]    memchr_s_L0
0x0002       [1]    R2
0x0002       [2]    strlen_cp_L0
0x0002       [2]    memcpy_dd_L0
0x0003       [2]    memmove_tt_L0
0x0003       [1]    R3
0x0003       [2]    Ltrim_original_L0
0x0004       [2]    strcpy_cp_L0
0x0004       [2]    strcat_cp_L0
0x0004       [1]    R4
0x0004       [2]    strncat_cp_L0
0x0004       [2]    strncpy_cp_L0
0x0004       [2]    memcpy_ss_L0
0x0005       [2]    LongIntToHex_input_half_L0
0x0005       [2]    Ltrim_p_L0
0x0005       [1]    R5
0x0005       [2]    LongWordToHex_input_half_L0
0x0005       [2]    memmove_ff_L0
0x0006       [1]    R6
0x0007       [1]    R7
0x0008       [1]    R8
0x0009       [1]    R9
0x000A       [1]    R10
0x000B       [1]    R11
0x000C       [1]    R12
0x000D       [1]    R13
0x000E       [1]    R14
0x000F       [1]    R15
0x0010       [1]    R16
0x0011       [1]    R17
0x0012       [1]    R18
0x0013       [1]    R19
0x0014       [1]    R20
0x0015       [0]    __Lib_Lcd_cmd_status
0x0016       [9]    main_horaFormatada_L0
0x001F       [2]    main_horas_L0
0x0021       [2]    main_minutos_L0
0x0023       [2]    main_segundos_L0
0x0025       [1]    FARG_Lcd_Out_row
0x0025       [2]    FARG_formatarHora_horas
0x0026       [1]    FARG_Lcd_Out_column
0x0027       [2]    FARG_formatarHora_minutos
0x0027       [2]    FARG_Lcd_Out_text
0x0029       [2]    FARG_formatarHora_segundos
0x0029       [1]    Lcd_Out_i_L0
0x002B       [2]    FARG_formatarHora_horaFormatada
0x002D       [7]    formatarHora_strHoras_L0
0x0034       [7]    formatarHora_strMinutos_L0
0x003B       [7]    formatarHora_strSegundos_L0
0x0042       [2]    FARG_IntToStr_input
0x0042       [1]    FARG_Lcd_Chr_CP_out_char
0x0044       [2]    FARG_IntToStr_output
0x0046       [2]    IntToStr_i_L0
0x0048       [2]    IntToStr_negative_L0
0x004A       [2]    IntToStr_inword_L0
0x004C       [1]    FARG_Lcd_Cmd_out_char
0x004C       [2]    FARG_WordToStr_input
0x004E       [2]    FARG_WordToStr_output
0x0050       [1]    WordToStr_len_L0
0x0051       [2]    FLOC__WordToStr
0x0F81       [1]    PORTB
0x0F83       [0]    LCD_D4
0x0F83       [0]    LCD_D7
0x0F83       [0]    LCD_D6
0x0F83       [0]    LCD_D5
0x0F83       [0]    RD4_bit
0x0F83       [0]    RD6_bit
0x0F83       [0]    RD7_bit
0x0F83       [0]    RD5_bit
0x0F84       [0]    LCD_RS
0x0F84       [0]    LCD_EN
0x0F84       [0]    RE1_bit
0x0F84       [0]    RE2_bit
0x0F93       [1]    TRISB
0x0F95       [0]    LCD_D6_Direction
0x0F95       [0]    LCD_D5_Direction
0x0F95       [0]    LCD_D4_Direction
0x0F95       [0]    LCD_D7_Direction
0x0F95       [0]    TRISD6_bit
0x0F95       [0]    TRISD7_bit
0x0F95       [0]    TRISD4_bit
0x0F95       [0]    TRISD5_bit
0x0F96       [0]    TRISE2_bit
0x0F96       [0]    LCD_RS_Direction
0x0F96       [0]    LCD_EN_Direction
0x0F96       [0]    TRISE1_bit
0x0FC1       [1]    ADCON1
0x0FC2       [1]    ADCON0
0x0FD8       [1]    STATUS
0x0FD9       [1]    FSR2L
0x0FDA       [1]    FSR2H
0x0FDE       [1]    POSTINC2
0x0FE0       [1]    BSR
0x0FE1       [1]    FSR1L
0x0FE2       [1]    FSR1H
0x0FE4       [1]    PREINC1
0x0FE6       [1]    POSTINC1
0x0FE7       [1]    INDF1
0x0FE8       [1]    WREG
0x0FE9       [1]    FSR0L
0x0FEA       [1]    FSR0H
0x0FEE       [1]    POSTINC0
0x0FF3       [1]    PRODL
0x0FF4       [1]    PRODH
0x0FF5       [1]    TABLAT
0x0FF6       [1]    TBLPTRL
0x0FF7       [1]    TBLPTRH
0x0FF8       [1]    TBLPTRU
