;  LST file generated by mikroListExporter - v.2.0 
; Date/Time: 27/11/2024 14:37:48
;----------------------------------------------

;Address Opcode 	ASM
0x0000	0xF002EF4A  	GOTO        1172
0x0004	0x0000      	NOP
0x0006	0x0000      	NOP
0x0008	0xF000EF00  	GOTO        0
0x000C	0x0000      	NOP
0x000E	0x0000      	NOP
0x0010	0x0000      	NOP
0x0012	0x0000      	NOP
0x0014	0x0000      	NOP
0x0016	0x0000      	NOP
0x0018	0xD7F3      	BRA         0
_Div_16x16_S_L:
;__Lib_Math.c,139 :: 		
;__Lib_Math.c,146 :: 		
0x001C	0x3401      	RLCF        R1, 0, 0
;__Lib_Math.c,147 :: 		
0x001E	0x3608      	RLCF        R8, 1, 0
;__Lib_Math.c,148 :: 		
0x0020	0x3609      	RLCF        R9, 1, 0
;__Lib_Math.c,149 :: 		
0x0022	0x5004      	MOVF        R4, 0, 0
;__Lib_Math.c,150 :: 		
0x0024	0x5E08      	SUBWF       R8, 1, 0
;__Lib_Math.c,151 :: 		
0x0026	0x5005      	MOVF        R5, 0, 0
;__Lib_Math.c,152 :: 		
0x0028	0xA0D8      	BTFSS       STATUS, 0, 0
;__Lib_Math.c,153 :: 		
0x002A	0x3C05      	INCFSZ      R5, 0, 0
;__Lib_Math.c,154 :: 		
0x002C	0x5E09      	SUBWF       R9, 1, 0
;__Lib_Math.c,155 :: 		
0x002E	0x3600      	RLCF        R0, 1, 0
;__Lib_Math.c,156 :: 		
0x0030	0x3601      	RLCF        R1, 1, 0
;__Lib_Math.c,158 :: 		
0x0032	0x0E0F      	MOVLW       15
;__Lib_Math.c,159 :: 		
0x0034	0x6E0C      	MOVWF       R12, 0
;__Lib_Math.c,161 :: 		
0x0036	0x3401      	RLCF        R1, 0, 0
;__Lib_Math.c,162 :: 		
0x0038	0x3608      	RLCF        R8, 1, 0
;__Lib_Math.c,163 :: 		
0x003A	0x3609      	RLCF        R9, 1, 0
;__Lib_Math.c,164 :: 		
0x003C	0x5004      	MOVF        R4, 0, 0
;__Lib_Math.c,166 :: 		
0x003E	0xA000      	BTFSS       R0, 0, 0
;__Lib_Math.c,167 :: 		
0x0040	0xD006      	BRA         $+14
;__Lib_Math.c,168 :: 		
0x0042	0x5E08      	SUBWF       R8, 1, 0
;__Lib_Math.c,169 :: 		
0x0044	0x5005      	MOVF        R5, 0, 0
;__Lib_Math.c,170 :: 		
0x0046	0xA0D8      	BTFSS       STATUS, 0, 0
;__Lib_Math.c,171 :: 		
0x0048	0x3C05      	INCFSZ      R5, 0, 0
;__Lib_Math.c,172 :: 		
0x004A	0x5E09      	SUBWF       R9, 1, 0
;__Lib_Math.c,173 :: 		
0x004C	0xD005      	BRA         $+12
;__Lib_Math.c,175 :: 		
0x004E	0x2608      	ADDWF       R8, 1, 0
;__Lib_Math.c,176 :: 		
0x0050	0x5005      	MOVF        R5, 0, 0
;__Lib_Math.c,177 :: 		
0x0052	0xB0D8      	BTFSC       STATUS, 0, 0
;__Lib_Math.c,178 :: 		
0x0054	0x3C05      	INCFSZ      R5, 0, 0
;__Lib_Math.c,179 :: 		
0x0056	0x2609      	ADDWF       R9, 1, 0
;__Lib_Math.c,181 :: 		
0x0058	0x3600      	RLCF        R0, 1, 0
;__Lib_Math.c,182 :: 		
0x005A	0x3601      	RLCF        R1, 1, 0
;__Lib_Math.c,184 :: 		
0x005C	0x2E0C      	DECFSZ      R12, 1, 0
;__Lib_Math.c,185 :: 		
0x005E	0xD7EB      	BRA         $-40
;__Lib_Math.c,187 :: 		
0x0060	0xB000      	BTFSC       R0, 0, 0
;__Lib_Math.c,188 :: 		
0x0062	0xD006      	BRA         $+14
;__Lib_Math.c,189 :: 		
0x0064	0x5004      	MOVF        R4, 0, 0
;__Lib_Math.c,190 :: 		
0x0066	0x2608      	ADDWF       R8, 1, 0
;__Lib_Math.c,191 :: 		
0x0068	0x5005      	MOVF        R5, 0, 0
;__Lib_Math.c,192 :: 		
0x006A	0xB0D8      	BTFSC       STATUS, 0, 0
;__Lib_Math.c,193 :: 		
0x006C	0x3C05      	INCFSZ      R5, 0, 0
;__Lib_Math.c,194 :: 		
0x006E	0x2609      	ADDWF       R9, 1, 0
;__Lib_Math.c,195 :: 		
0x0070	0x0000      	NOP
;__Lib_Math.c,197 :: 		
L_end_Div_16x16_S_L:
0x0072	0x0012      	RETURN      0
; end of _Div_16x16_S_L
_Div_16x16_S:
;__Lib_Math.c,200 :: 		
;__Lib_Math.c,208 :: 		
0x0074	0x5004      	MOVF        R4, 0 
0x0076	0x0A00      	XORLW       0
0x0078	0xE108      	BNZ         L_Div_16x16_S0
;__Lib_Math.c,209 :: 		
0x007A	0x5005      	MOVF        R5, 0 
0x007C	0x0A00      	XORLW       0
0x007E	0xE105      	BNZ         L_Div_16x16_S1
;__Lib_Math.c,210 :: 		
0x0080	0x0EFF      	MOVLW       255
0x0082	0x6E00      	MOVWF       R0 
;__Lib_Math.c,211 :: 		
0x0084	0x0E7F      	MOVLW       127
0x0086	0x6E01      	MOVWF       R1 
;__Lib_Math.c,212 :: 		
0x0088	0xD057      	BRA         L_end_Div_16x16_S
;__Lib_Math.c,213 :: 		
L_Div_16x16_S1:
L_Div_16x16_S0:
;__Lib_Math.c,216 :: 		
0x008A	0x6A0D      	CLRF        R13, 0
;__Lib_Math.c,217 :: 		
0x008C	0x6A09      	CLRF        R9, 0
;__Lib_Math.c,218 :: 		
0x008E	0x6A08      	CLRF        R8, 0
;__Lib_Math.c,219 :: 		
0x0090	0x5001      	MOVF        R1, 0, 0
;__Lib_Math.c,220 :: 		
0x0092	0x1000      	IORWF       R0, 0, 0
;__Lib_Math.c,221 :: 		
0x0094	0xB4D8      	BTFSC       STATUS, 2, 0
;__Lib_Math.c,222 :: 		
0x0096	0x0C00      	RETLW       0
;__Lib_Math.c,224 :: 		
0x0098	0x5001      	MOVF        R1, 0, 0
;__Lib_Math.c,225 :: 		
0x009A	0x1805      	XORWF       R5, 0, 0
;__Lib_Math.c,226 :: 		
0x009C	0x6E0A      	MOVWF       R10, 0
;__Lib_Math.c,227 :: 		
0x009E	0xBE0A      	BTFSC       R10, 7, 0
;__Lib_Math.c,228 :: 		
0x00A0	0x1E0D      	COMF        R13, 1, 0
;__Lib_Math.c,230 :: 		
0x00A2	0x6A0B      	CLRF        R11, 0
;__Lib_Math.c,232 :: 		
0x00A4	0xAE05      	BTFSS       R5, 7, 0
;__Lib_Math.c,233 :: 		
0x00A6	0xD005      	BRA         $+12
;__Lib_Math.c,235 :: 		
0x00A8	0x1E04      	COMF        R4, 1, 0
;__Lib_Math.c,236 :: 		
0x00AA	0x1E05      	COMF        R5, 1, 0
;__Lib_Math.c,237 :: 		
0x00AC	0x2A04      	INCF        R4, 1, 0
;__Lib_Math.c,238 :: 		
0x00AE	0xB4D8      	BTFSC       STATUS, 2, 0
;__Lib_Math.c,239 :: 		
0x00B0	0x2A05      	INCF        R5, 1, 0
;__Lib_Math.c,241 :: 		
0x00B2	0xAE01      	BTFSS       R1, 7, 0
;__Lib_Math.c,242 :: 		
0x00B4	0xD005      	BRA         $+12
;__Lib_Math.c,244 :: 		
0x00B6	0x1E00      	COMF        R0, 1, 0
;__Lib_Math.c,245 :: 		
0x00B8	0x1E01      	COMF        R1, 1, 0
;__Lib_Math.c,246 :: 		
0x00BA	0x2A00      	INCF        R0, 1, 0
;__Lib_Math.c,247 :: 		
0x00BC	0xB4D8      	BTFSC       STATUS, 2, 0
;__Lib_Math.c,248 :: 		
0x00BE	0x2A01      	INCF        R1, 1, 0
;__Lib_Math.c,250 :: 		
0x00C0	0x5001      	MOVF        R1, 0, 0
;__Lib_Math.c,251 :: 		
0x00C2	0x1005      	IORWF       R5, 0, 0
;__Lib_Math.c,252 :: 		
0x00C4	0x6E0A      	MOVWF       R10, 0
;__Lib_Math.c,253 :: 		
0x00C6	0xBE0A      	BTFSC       R10, 7, 0
;__Lib_Math.c,254 :: 		
0x00C8	0xD010      	BRA         $+34
;__Lib_Math.c,256 :: 		
0x00CA	0xDFA8      	RCALL       _Div_16x16_S_L
;__Lib_Math.c,258 :: 		
0x00CC	0xB00B      	BTFSC       R11, 0, 0
;__Lib_Math.c,259 :: 		
0x00CE	0xD020      	BRA         $+66
;__Lib_Math.c,261 :: 		
0x00D0	0xAE0D      	BTFSS       R13, 7, 0
;__Lib_Math.c,262 :: 		
0x00D2	0x0C00      	RETLW       0
;__Lib_Math.c,264 :: 		
0x00D4	0x1E00      	COMF        R0, 1, 0
;__Lib_Math.c,265 :: 		
0x00D6	0x1E01      	COMF        R1, 1, 0
;__Lib_Math.c,266 :: 		
0x00D8	0x2A00      	INCF        R0, 1, 0
;__Lib_Math.c,267 :: 		
0x00DA	0xB4D8      	BTFSC       STATUS, 2, 0
;__Lib_Math.c,268 :: 		
0x00DC	0x2A01      	INCF        R1, 1, 0
;__Lib_Math.c,270 :: 		
0x00DE	0x1E08      	COMF        R8, 1, 0
;__Lib_Math.c,271 :: 		
0x00E0	0x1E09      	COMF        R9, 1, 0
;__Lib_Math.c,272 :: 		
0x00E2	0x2A08      	INCF        R8, 1, 0
;__Lib_Math.c,273 :: 		
0x00E4	0xB4D8      	BTFSC       STATUS, 2, 0
;__Lib_Math.c,274 :: 		
0x00E6	0x2A09      	INCF        R9, 1, 0
;__Lib_Math.c,276 :: 		
0x00E8	0x0C00      	RETLW       0
;__Lib_Math.c,278 :: 		
0x00EA	0xAE05      	BTFSS       R5, 7, 0
;__Lib_Math.c,279 :: 		
0x00EC	0xD00D      	BRA         $+28
;__Lib_Math.c,280 :: 		
0x00EE	0xBE01      	BTFSC       R1, 7, 0
;__Lib_Math.c,281 :: 		
0x00F0	0xD007      	BRA         $+16
;__Lib_Math.c,282 :: 		
0x00F2	0x5001      	MOVF        R1, 0, 0
;__Lib_Math.c,283 :: 		
0x00F4	0x6E09      	MOVWF       R9, 0
;__Lib_Math.c,284 :: 		
0x00F6	0x5000      	MOVF        R0, 0, 0
;__Lib_Math.c,285 :: 		
0x00F8	0x6E08      	MOVWF       R8, 0
;__Lib_Math.c,286 :: 		
0x00FA	0x6A01      	CLRF        R1, 0
;__Lib_Math.c,287 :: 		
0x00FC	0x6A00      	CLRF        R0, 0
;__Lib_Math.c,288 :: 		
0x00FE	0xD7E8      	BRA         $-46
;__Lib_Math.c,289 :: 		
0x0100	0x6A01      	CLRF        R1, 0
;__Lib_Math.c,290 :: 		
0x0102	0x6A00      	CLRF        R0, 0
;__Lib_Math.c,291 :: 		
0x0104	0x2A00      	INCF        R0, 1, 0
;__Lib_Math.c,292 :: 		
0x0106	0x0C00      	RETLW       0
;__Lib_Math.c,294 :: 		
0x0108	0x1E01      	COMF        R1, 1, 0
;__Lib_Math.c,295 :: 		
0x010A	0x1E00      	COMF        R0, 1, 0
;__Lib_Math.c,296 :: 		
0x010C	0x2A0B      	INCF        R11, 1, 0
;__Lib_Math.c,297 :: 		
0x010E	0xD7DD      	BRA         $-68
;__Lib_Math.c,299 :: 		
0x0110	0x2A08      	INCF        R8, 1, 0
;__Lib_Math.c,300 :: 		
0x0112	0xB4D8      	BTFSC       STATUS, 2, 0
;__Lib_Math.c,301 :: 		
0x0114	0x2A09      	INCF        R9, 1, 0
;__Lib_Math.c,302 :: 		
0x0116	0x5004      	MOVF        R4, 0, 0
;__Lib_Math.c,303 :: 		
0x0118	0x5C08      	SUBWF       R8, 0, 0
;__Lib_Math.c,304 :: 		
0x011A	0xA4D8      	BTFSS       STATUS, 2, 0
;__Lib_Math.c,305 :: 		
0x011C	0xD7D9      	BRA         $-76
;__Lib_Math.c,306 :: 		
0x011E	0x5005      	MOVF        R5, 0, 0
;__Lib_Math.c,307 :: 		
0x0120	0x5C09      	SUBWF       R9, 0, 0
;__Lib_Math.c,308 :: 		
0x0122	0xA4D8      	BTFSS       STATUS, 2, 0
;__Lib_Math.c,309 :: 		
0x0124	0xD7D5      	BRA         $-84
;__Lib_Math.c,310 :: 		
0x0126	0x6A09      	CLRF        R9, 0
;__Lib_Math.c,311 :: 		
0x0128	0x6A08      	CLRF        R8, 0
;__Lib_Math.c,312 :: 		
0x012A	0x2A00      	INCF        R0, 1, 0
;__Lib_Math.c,313 :: 		
0x012C	0xB4D8      	BTFSC       STATUS, 2, 0
;__Lib_Math.c,314 :: 		
0x012E	0x2A01      	INCF        R1, 1, 0
;__Lib_Math.c,315 :: 		
0x0130	0xAE01      	BTFSS       R1, 7, 0
;__Lib_Math.c,316 :: 		
0x0132	0xD7CE      	BRA         $-98
;__Lib_Math.c,317 :: 		
0x0134	0x0000      	NOP
;__Lib_Math.c,318 :: 		
0x0136	0x0CFF      	RETLW       255
;__Lib_Math.c,320 :: 		
L_end_Div_16x16_S:
0x0138	0x0012      	RETURN      0
; end of _Div_16x16_S
_Div_16X16_U:
;__Lib_Math.c,102 :: 		
;__Lib_Math.c,109 :: 		
0x013A	0x6A08      	CLRF        R8, 0
;__Lib_Math.c,110 :: 		
0x013C	0x6A09      	CLRF        R9, 0
;__Lib_Math.c,111 :: 		
0x013E	0x0E10      	MOVLW       16
;__Lib_Math.c,112 :: 		
0x0140	0x6E0C      	MOVWF       R12, 0
;__Lib_Math.c,113 :: 		
0x0142	0x3401      	RLCF        R1, 0, 0
;__Lib_Math.c,114 :: 		
0x0144	0x3608      	RLCF        R8, 1, 0
;__Lib_Math.c,115 :: 		
0x0146	0x3609      	RLCF        R9, 1, 0
;__Lib_Math.c,116 :: 		
0x0148	0x5004      	MOVF        R4, 0, 0
;__Lib_Math.c,117 :: 		
0x014A	0x5E08      	SUBWF       R8, 1, 0
;__Lib_Math.c,118 :: 		
0x014C	0x5005      	MOVF        R5, 0, 0
;__Lib_Math.c,119 :: 		
0x014E	0xA0D8      	BTFSS       STATUS, 0, 0
;__Lib_Math.c,120 :: 		
0x0150	0x3C05      	INCFSZ      R5, 0, 0
;__Lib_Math.c,121 :: 		
0x0152	0x5E09      	SUBWF       R9, 1, 0
;__Lib_Math.c,122 :: 		
0x0154	0xB0D8      	BTFSC       STATUS, 0, 0
;__Lib_Math.c,123 :: 		
0x0156	0xD007      	BRA         $+16
;__Lib_Math.c,124 :: 		
0x0158	0x5004      	MOVF        R4, 0, 0
;__Lib_Math.c,125 :: 		
0x015A	0x2608      	ADDWF       R8, 1, 0
;__Lib_Math.c,126 :: 		
0x015C	0x5005      	MOVF        R5, 0, 0
;__Lib_Math.c,127 :: 		
0x015E	0xB0D8      	BTFSC       STATUS, 0, 0
;__Lib_Math.c,128 :: 		
0x0160	0x3C05      	INCFSZ      R5, 0, 0
;__Lib_Math.c,129 :: 		
0x0162	0x2609      	ADDWF       R9, 1, 0
;__Lib_Math.c,130 :: 		
0x0164	0x90D8      	BCF         STATUS, 0, 0
;__Lib_Math.c,131 :: 		
0x0166	0x3600      	RLCF        R0, 1, 0
;__Lib_Math.c,132 :: 		
0x0168	0x3601      	RLCF        R1, 1, 0
;__Lib_Math.c,133 :: 		
0x016A	0x2E0C      	DECFSZ      R12, 1, 0
;__Lib_Math.c,134 :: 		
0x016C	0xD7EA      	BRA         $-42
;__Lib_Math.c,136 :: 		
L_end_Div_16X16_U:
0x016E	0x0012      	RETURN      0
; end of _Div_16X16_U
_mask:
;exercicio5.c,22 :: 		unsigned short mask(unsigned short num)
;exercicio5.c,24 :: 		switch (num)
0x0170	0xD01E      	BRA         L_mask0
;exercicio5.c,26 :: 		case 0 : return 0x3F;
L_mask2:
0x0172	0x0E3F      	MOVLW       63
0x0174	0x6E00      	MOVWF       R0 
0x0176	0xD039      	BRA         L_end_mask
;exercicio5.c,27 :: 		case 1 : return 0x06;
L_mask3:
0x0178	0x0E06      	MOVLW       6
0x017A	0x6E00      	MOVWF       R0 
0x017C	0xD036      	BRA         L_end_mask
;exercicio5.c,28 :: 		case 2 : return 0x5B;
L_mask4:
0x017E	0x0E5B      	MOVLW       91
0x0180	0x6E00      	MOVWF       R0 
0x0182	0xD033      	BRA         L_end_mask
;exercicio5.c,29 :: 		case 3 : return 0x4F;
L_mask5:
0x0184	0x0E4F      	MOVLW       79
0x0186	0x6E00      	MOVWF       R0 
0x0188	0xD030      	BRA         L_end_mask
;exercicio5.c,30 :: 		case 4 : return 0x66;
L_mask6:
0x018A	0x0E66      	MOVLW       102
0x018C	0x6E00      	MOVWF       R0 
0x018E	0xD02D      	BRA         L_end_mask
;exercicio5.c,31 :: 		case 5 : return 0x6D;
L_mask7:
0x0190	0x0E6D      	MOVLW       109
0x0192	0x6E00      	MOVWF       R0 
0x0194	0xD02A      	BRA         L_end_mask
;exercicio5.c,32 :: 		case 6 : return 0x7D;
L_mask8:
0x0196	0x0E7D      	MOVLW       125
0x0198	0x6E00      	MOVWF       R0 
0x019A	0xD027      	BRA         L_end_mask
;exercicio5.c,33 :: 		case 7 : return 0x07;
L_mask9:
0x019C	0x0E07      	MOVLW       7
0x019E	0x6E00      	MOVWF       R0 
0x01A0	0xD024      	BRA         L_end_mask
;exercicio5.c,34 :: 		case 8 : return 0x7F;
L_mask10:
0x01A2	0x0E7F      	MOVLW       127
0x01A4	0x6E00      	MOVWF       R0 
0x01A6	0xD021      	BRA         L_end_mask
;exercicio5.c,35 :: 		case 9 : return 0x6F;
L_mask11:
0x01A8	0x0E6F      	MOVLW       111
0x01AA	0x6E00      	MOVWF       R0 
0x01AC	0xD01E      	BRA         L_end_mask
;exercicio5.c,36 :: 		}
L_mask0:
0x01AE	0x5027      	MOVF        FARG_mask_num, 0 
0x01B0	0x0A00      	XORLW       0
0x01B2	0xE0DF      	BZ          L_mask2
0x01B4	0x5027      	MOVF        FARG_mask_num, 0 
0x01B6	0x0A01      	XORLW       1
0x01B8	0xE0DF      	BZ          L_mask3
0x01BA	0x5027      	MOVF        FARG_mask_num, 0 
0x01BC	0x0A02      	XORLW       2
0x01BE	0xE0DF      	BZ          L_mask4
0x01C0	0x5027      	MOVF        FARG_mask_num, 0 
0x01C2	0x0A03      	XORLW       3
0x01C4	0xE0DF      	BZ          L_mask5
0x01C6	0x5027      	MOVF        FARG_mask_num, 0 
0x01C8	0x0A04      	XORLW       4
0x01CA	0xE0DF      	BZ          L_mask6
0x01CC	0x5027      	MOVF        FARG_mask_num, 0 
0x01CE	0x0A05      	XORLW       5
0x01D0	0xE0DF      	BZ          L_mask7
0x01D2	0x5027      	MOVF        FARG_mask_num, 0 
0x01D4	0x0A06      	XORLW       6
0x01D6	0xE0DF      	BZ          L_mask8
0x01D8	0x5027      	MOVF        FARG_mask_num, 0 
0x01DA	0x0A07      	XORLW       7
0x01DC	0xE0DF      	BZ          L_mask9
0x01DE	0x5027      	MOVF        FARG_mask_num, 0 
0x01E0	0x0A08      	XORLW       8
0x01E2	0xE0DF      	BZ          L_mask10
0x01E4	0x5027      	MOVF        FARG_mask_num, 0 
0x01E6	0x0A09      	XORLW       9
0x01E8	0xE0DF      	BZ          L_mask11
;exercicio5.c,37 :: 		}
L_end_mask:
0x01EA	0x0012      	RETURN      0
; end of _mask
_separarUni:
;exercicio5.c,109 :: 		void separarUni(unsigned num){
;exercicio5.c,112 :: 		mil = 0;
0x01EC	0x6A19      	CLRF        _mil 
0x01EE	0x6A1A      	CLRF        _mil+1 
;exercicio5.c,114 :: 		cen = 0;
0x01F0	0x6A17      	CLRF        _cen 
0x01F2	0x6A18      	CLRF        _cen+1 
;exercicio5.c,116 :: 		dez = 0;
0x01F4	0x6A1B      	CLRF        _dez 
0x01F6	0x6A1C      	CLRF        _dez+1 
;exercicio5.c,118 :: 		uni = num;
0x01F8	0xF01DC023  	MOVFF       FARG_separarUni_num, _uni
0x01FC	0xF01EC024  	MOVFF       FARG_separarUni_num+1, _uni+1
;exercicio5.c,119 :: 		}
L_end_separarUni:
0x0200	0x0012      	RETURN      0
; end of _separarUni
_separarCen:
;exercicio5.c,82 :: 		void separarCen(unsigned num){
;exercicio5.c,85 :: 		mil = 0;
0x0202	0x6A19      	CLRF        _mil 
0x0204	0x6A1A      	CLRF        _mil+1 
;exercicio5.c,87 :: 		cen = num/100;
0x0206	0x0E64      	MOVLW       100
0x0208	0x6E04      	MOVWF       R4 
0x020A	0x0E00      	MOVLW       0
0x020C	0x6E05      	MOVWF       R5 
0x020E	0xF000C023  	MOVFF       FARG_separarCen_num, R0
0x0212	0xF001C024  	MOVFF       FARG_separarCen_num+1, R1
0x0216	0xDF91      	RCALL       _Div_16X16_U
0x0218	0xF017C000  	MOVFF       R0, _cen
0x021C	0xF018C001  	MOVFF       R1, _cen+1
;exercicio5.c,88 :: 		resto = num%100;
0x0220	0x0E64      	MOVLW       100
0x0222	0x6E04      	MOVWF       R4 
0x0224	0x0E00      	MOVLW       0
0x0226	0x6E05      	MOVWF       R5 
0x0228	0xF000C023  	MOVFF       FARG_separarCen_num, R0
0x022C	0xF001C024  	MOVFF       FARG_separarCen_num+1, R1
0x0230	0xDF84      	RCALL       _Div_16X16_U
0x0232	0xF000C008  	MOVFF       R8, R0
0x0236	0xF001C009  	MOVFF       R9, R1
0x023A	0xF025C000  	MOVFF       R0, FLOC__separarCen
0x023E	0xF026C001  	MOVFF       R1, FLOC__separarCen+1
0x0242	0x0E0A      	MOVLW       10
0x0244	0x6E04      	MOVWF       R4 
0x0246	0x0E00      	MOVLW       0
0x0248	0x6E05      	MOVWF       R5 
0x024A	0xF000C025  	MOVFF       FLOC__separarCen, R0
0x024E	0xF001C026  	MOVFF       FLOC__separarCen+1, R1
0x0252	0xDF10      	RCALL       _Div_16x16_S
;exercicio5.c,90 :: 		dez = resto/10;
0x0254	0xF01BC000  	MOVFF       R0, _dez
0x0258	0xF01CC001  	MOVFF       R1, _dez+1
;exercicio5.c,92 :: 		uni = resto%10;
0x025C	0x0E0A      	MOVLW       10
0x025E	0x6E04      	MOVWF       R4 
0x0260	0x0E00      	MOVLW       0
0x0262	0x6E05      	MOVWF       R5 
0x0264	0xF000C025  	MOVFF       FLOC__separarCen, R0
0x0268	0xF001C026  	MOVFF       FLOC__separarCen+1, R1
0x026C	0xDF03      	RCALL       _Div_16x16_S
0x026E	0xF000C008  	MOVFF       R8, R0
0x0272	0xF001C009  	MOVFF       R9, R1
0x0276	0xF01DC000  	MOVFF       R0, _uni
0x027A	0xF01EC001  	MOVFF       R1, _uni+1
;exercicio5.c,93 :: 		}
L_end_separarCen:
0x027E	0x0012      	RETURN      0
; end of _separarCen
_separarMil:
;exercicio5.c,67 :: 		void separarMil(unsigned num){
;exercicio5.c,70 :: 		mil = num/1000;
0x0280	0x0EE8      	MOVLW       232
0x0282	0x6E04      	MOVWF       R4 
0x0284	0x0E03      	MOVLW       3
0x0286	0x6E05      	MOVWF       R5 
0x0288	0xF000C023  	MOVFF       FARG_separarMil_num, R0
0x028C	0xF001C024  	MOVFF       FARG_separarMil_num+1, R1
0x0290	0xDF54      	RCALL       _Div_16X16_U
0x0292	0xF019C000  	MOVFF       R0, _mil
0x0296	0xF01AC001  	MOVFF       R1, _mil+1
;exercicio5.c,71 :: 		resto = num%1000;
0x029A	0x0EE8      	MOVLW       232
0x029C	0x6E04      	MOVWF       R4 
0x029E	0x0E03      	MOVLW       3
0x02A0	0x6E05      	MOVWF       R5 
0x02A2	0xF000C023  	MOVFF       FARG_separarMil_num, R0
0x02A6	0xF001C024  	MOVFF       FARG_separarMil_num+1, R1
0x02AA	0xDF47      	RCALL       _Div_16X16_U
0x02AC	0xF000C008  	MOVFF       R8, R0
0x02B0	0xF001C009  	MOVFF       R9, R1
0x02B4	0xF025C000  	MOVFF       R0, FLOC__separarMil
0x02B8	0xF026C001  	MOVFF       R1, FLOC__separarMil+1
0x02BC	0x0E64      	MOVLW       100
0x02BE	0x6E04      	MOVWF       R4 
0x02C0	0x0E00      	MOVLW       0
0x02C2	0x6E05      	MOVWF       R5 
0x02C4	0xF000C025  	MOVFF       FLOC__separarMil, R0
0x02C8	0xF001C026  	MOVFF       FLOC__separarMil+1, R1
0x02CC	0xDED3      	RCALL       _Div_16x16_S
;exercicio5.c,73 :: 		cen = resto/100;
0x02CE	0xF017C000  	MOVFF       R0, _cen
0x02D2	0xF018C001  	MOVFF       R1, _cen+1
;exercicio5.c,74 :: 		resto = resto%100;
0x02D6	0x0E64      	MOVLW       100
0x02D8	0x6E04      	MOVWF       R4 
0x02DA	0x0E00      	MOVLW       0
0x02DC	0x6E05      	MOVWF       R5 
0x02DE	0xF000C025  	MOVFF       FLOC__separarMil, R0
0x02E2	0xF001C026  	MOVFF       FLOC__separarMil+1, R1
0x02E6	0xDEC6      	RCALL       _Div_16x16_S
0x02E8	0xF000C008  	MOVFF       R8, R0
0x02EC	0xF001C009  	MOVFF       R9, R1
0x02F0	0xF025C000  	MOVFF       R0, FLOC__separarMil
0x02F4	0xF026C001  	MOVFF       R1, FLOC__separarMil+1
0x02F8	0x0E0A      	MOVLW       10
0x02FA	0x6E04      	MOVWF       R4 
0x02FC	0x0E00      	MOVLW       0
0x02FE	0x6E05      	MOVWF       R5 
0x0300	0xF000C025  	MOVFF       FLOC__separarMil, R0
0x0304	0xF001C026  	MOVFF       FLOC__separarMil+1, R1
0x0308	0xDEB5      	RCALL       _Div_16x16_S
;exercicio5.c,76 :: 		dez = resto/10;
0x030A	0xF01BC000  	MOVFF       R0, _dez
0x030E	0xF01CC001  	MOVFF       R1, _dez+1
;exercicio5.c,78 :: 		uni = resto%10;
0x0312	0x0E0A      	MOVLW       10
0x0314	0x6E04      	MOVWF       R4 
0x0316	0x0E00      	MOVLW       0
0x0318	0x6E05      	MOVWF       R5 
0x031A	0xF000C025  	MOVFF       FLOC__separarMil, R0
0x031E	0xF001C026  	MOVFF       FLOC__separarMil+1, R1
0x0322	0xDEA8      	RCALL       _Div_16x16_S
0x0324	0xF000C008  	MOVFF       R8, R0
0x0328	0xF001C009  	MOVFF       R9, R1
0x032C	0xF01DC000  	MOVFF       R0, _uni
0x0330	0xF01EC001  	MOVFF       R1, _uni+1
;exercicio5.c,79 :: 		}
L_end_separarMil:
0x0334	0x0012      	RETURN      0
; end of _separarMil
_separarDez:
;exercicio5.c,96 :: 		void separarDez(unsigned num){
;exercicio5.c,99 :: 		mil = 0;
0x0336	0x6A19      	CLRF        _mil 
0x0338	0x6A1A      	CLRF        _mil+1 
;exercicio5.c,101 :: 		cen = 0;
0x033A	0x6A17      	CLRF        _cen 
0x033C	0x6A18      	CLRF        _cen+1 
;exercicio5.c,103 :: 		dez = num/10;
0x033E	0x0E0A      	MOVLW       10
0x0340	0x6E04      	MOVWF       R4 
0x0342	0x0E00      	MOVLW       0
0x0344	0x6E05      	MOVWF       R5 
0x0346	0xF000C023  	MOVFF       FARG_separarDez_num, R0
0x034A	0xF001C024  	MOVFF       FARG_separarDez_num+1, R1
0x034E	0xDEF5      	RCALL       _Div_16X16_U
0x0350	0xF01BC000  	MOVFF       R0, _dez
0x0354	0xF01CC001  	MOVFF       R1, _dez+1
;exercicio5.c,105 :: 		uni = num%10;
0x0358	0x0E0A      	MOVLW       10
0x035A	0x6E04      	MOVWF       R4 
0x035C	0x0E00      	MOVLW       0
0x035E	0x6E05      	MOVWF       R5 
0x0360	0xF000C023  	MOVFF       FARG_separarDez_num, R0
0x0364	0xF001C024  	MOVFF       FARG_separarDez_num+1, R1
0x0368	0xDEE8      	RCALL       _Div_16X16_U
0x036A	0xF000C008  	MOVFF       R8, R0
0x036E	0xF001C009  	MOVFF       R9, R1
0x0372	0xF01DC000  	MOVFF       R0, _uni
0x0376	0xF01EC001  	MOVFF       R1, _uni+1
;exercicio5.c,106 :: 		}
L_end_separarDez:
0x037A	0x0012      	RETURN      0
; end of _separarDez
_mostrar:
;exercicio5.c,40 :: 		void mostrar(unsigned short num1, unsigned short num2, unsigned short num3, unsigned short num4){
;exercicio5.c,42 :: 		PORTD = mask(num1);
0x037C	0xF027C023  	MOVFF       FARG_mostrar_num1, FARG_mask_num
0x0380	0xDEF7      	RCALL       _mask
0x0382	0xFF83C000  	MOVFF       R0, PORTD
;exercicio5.c,43 :: 		porta.f2 = 1;     // Ativa display 1.
0x0386	0x8480      	BSF         PORTA, 2 
;exercicio5.c,44 :: 		Delay_ms(tempo);
0x0388	0x0E0D      	MOVLW       13
0x038A	0x6E0C      	MOVWF       R12, 0
0x038C	0x0EFB      	MOVLW       251
0x038E	0x6E0D      	MOVWF       R13, 0
L_mostrar12:
0x0390	0x2E0D      	DECFSZ      R13, 1, 0
0x0392	0xD7FE      	BRA         L_mostrar12
0x0394	0x2E0C      	DECFSZ      R12, 1, 0
0x0396	0xD7FC      	BRA         L_mostrar12
0x0398	0x0000      	NOP
0x039A	0x0000      	NOP
;exercicio5.c,45 :: 		porta.f2 = 0;     // Desativa display 1.
0x039C	0x9480      	BCF         PORTA, 2 
;exercicio5.c,48 :: 		PORTD = mask(num2);
0x039E	0xF027C024  	MOVFF       FARG_mostrar_num2, FARG_mask_num
0x03A2	0xDEE6      	RCALL       _mask
0x03A4	0xFF83C000  	MOVFF       R0, PORTD
;exercicio5.c,49 :: 		porta.f3 = 1;     // Ativa display 2.
0x03A8	0x8680      	BSF         PORTA, 3 
;exercicio5.c,50 :: 		Delay_ms(tempo);
0x03AA	0x0E0D      	MOVLW       13
0x03AC	0x6E0C      	MOVWF       R12, 0
0x03AE	0x0EFB      	MOVLW       251
0x03B0	0x6E0D      	MOVWF       R13, 0
L_mostrar13:
0x03B2	0x2E0D      	DECFSZ      R13, 1, 0
0x03B4	0xD7FE      	BRA         L_mostrar13
0x03B6	0x2E0C      	DECFSZ      R12, 1, 0
0x03B8	0xD7FC      	BRA         L_mostrar13
0x03BA	0x0000      	NOP
0x03BC	0x0000      	NOP
;exercicio5.c,51 :: 		porta.f3 = 0;     // Desativa display 2.
0x03BE	0x9680      	BCF         PORTA, 3 
;exercicio5.c,54 :: 		PORTD = mask(num3);
0x03C0	0xF027C025  	MOVFF       FARG_mostrar_num3, FARG_mask_num
0x03C4	0xDED5      	RCALL       _mask
0x03C6	0xFF83C000  	MOVFF       R0, PORTD
;exercicio5.c,55 :: 		porta.f4 = 1;     // Ativa display 3.
0x03CA	0x8880      	BSF         PORTA, 4 
;exercicio5.c,56 :: 		Delay_ms(tempo);
0x03CC	0x0E0D      	MOVLW       13
0x03CE	0x6E0C      	MOVWF       R12, 0
0x03D0	0x0EFB      	MOVLW       251
0x03D2	0x6E0D      	MOVWF       R13, 0
L_mostrar14:
0x03D4	0x2E0D      	DECFSZ      R13, 1, 0
0x03D6	0xD7FE      	BRA         L_mostrar14
0x03D8	0x2E0C      	DECFSZ      R12, 1, 0
0x03DA	0xD7FC      	BRA         L_mostrar14
0x03DC	0x0000      	NOP
0x03DE	0x0000      	NOP
;exercicio5.c,57 :: 		porta.f4 = 0;     // Desativa display 3.
0x03E0	0x9880      	BCF         PORTA, 4 
;exercicio5.c,60 :: 		PORTD = mask(num4);
0x03E2	0xF027C026  	MOVFF       FARG_mostrar_num4, FARG_mask_num
0x03E6	0xDEC4      	RCALL       _mask
0x03E8	0xFF83C000  	MOVFF       R0, PORTD
;exercicio5.c,61 :: 		porta.f5 = 1;     // Ativa display 4.
0x03EC	0x8A80      	BSF         PORTA, 5 
;exercicio5.c,62 :: 		Delay_ms(tempo);
0x03EE	0x0E0D      	MOVLW       13
0x03F0	0x6E0C      	MOVWF       R12, 0
0x03F2	0x0EFB      	MOVLW       251
0x03F4	0x6E0D      	MOVWF       R13, 0
L_mostrar15:
0x03F6	0x2E0D      	DECFSZ      R13, 1, 0
0x03F8	0xD7FE      	BRA         L_mostrar15
0x03FA	0x2E0C      	DECFSZ      R12, 1, 0
0x03FC	0xD7FC      	BRA         L_mostrar15
0x03FE	0x0000      	NOP
0x0400	0x0000      	NOP
;exercicio5.c,63 :: 		porta.f5 = 0;     // desativa display 4.
0x0402	0x9A80      	BCF         PORTA, 5 
;exercicio5.c,64 :: 		}
L_end_mostrar:
0x0404	0x0012      	RETURN      0
; end of _mostrar
___CC2DW:
;__Lib_System.c,21 :: 		
;__Lib_System.c,23 :: 		
_CC2DL_Loop1:
;__Lib_System.c,24 :: 		
0x0406	0x0009      	TBLRD*+
;__Lib_System.c,25 :: 		
0x0408	0xFFE6CFF5  	MOVFF       TABLAT, POSTINC1
;__Lib_System.c,26 :: 		
0x040C	0x0600      	DECF        R0, 1, 0
;__Lib_System.c,27 :: 		
0x040E	0xE1FB      	BNZ         _CC2DL_Loop1
;__Lib_System.c,28 :: 		
0x0410	0x0601      	DECF        R1, 1, 0
;__Lib_System.c,29 :: 		
0x0412	0xE1F9      	BNZ         _CC2DL_Loop1
;__Lib_System.c,31 :: 		
L_end___CC2DW:
0x0414	0x0012      	RETURN      0
; end of ___CC2DW
_atualizaValor:
;exercicio5.c,122 :: 		void atualizaValor(unsigned valorTempo){
;exercicio5.c,123 :: 		if (valorTempo >= 1000){
0x0416	0x0E03      	MOVLW       3
0x0418	0x5C22      	SUBWF       FARG_atualizaValor_valorTempo+1, 0 
0x041A	0xE102      	BNZ         L__atualizaValor49
0x041C	0x0EE8      	MOVLW       232
0x041E	0x5C21      	SUBWF       FARG_atualizaValor_valorTempo, 0 
L__atualizaValor49:
0x0420	0xE306      	BNC         L_atualizaValor16
;exercicio5.c,124 :: 		separarMil(valorTempo);
0x0422	0xF023C021  	MOVFF       FARG_atualizaValor_valorTempo, FARG_separarMil_num
0x0426	0xF024C022  	MOVFF       FARG_atualizaValor_valorTempo+1, FARG_separarMil_num+1
0x042A	0xDF2A      	RCALL       _separarMil
;exercicio5.c,125 :: 		}
0x042C	0xD029      	BRA         L_atualizaValor17
L_atualizaValor16:
;exercicio5.c,126 :: 		else if (valorTempo >= 100 && valorTempo < 1000){
0x042E	0x0E00      	MOVLW       0
0x0430	0x5C22      	SUBWF       FARG_atualizaValor_valorTempo+1, 0 
0x0432	0xE102      	BNZ         L__atualizaValor50
0x0434	0x0E64      	MOVLW       100
0x0436	0x5C21      	SUBWF       FARG_atualizaValor_valorTempo, 0 
L__atualizaValor50:
0x0438	0xE30C      	BNC         L_atualizaValor20
0x043A	0x0E03      	MOVLW       3
0x043C	0x5C22      	SUBWF       FARG_atualizaValor_valorTempo+1, 0 
0x043E	0xE102      	BNZ         L__atualizaValor51
0x0440	0x0EE8      	MOVLW       232
0x0442	0x5C21      	SUBWF       FARG_atualizaValor_valorTempo, 0 
L__atualizaValor51:
0x0444	0xE206      	BC          L_atualizaValor20
L__atualizaValor41:
;exercicio5.c,127 :: 		separarCen(valorTempo);
0x0446	0xF023C021  	MOVFF       FARG_atualizaValor_valorTempo, FARG_separarCen_num
0x044A	0xF024C022  	MOVFF       FARG_atualizaValor_valorTempo+1, FARG_separarCen_num+1
0x044E	0xDED9      	RCALL       _separarCen
;exercicio5.c,128 :: 		}
0x0450	0xD017      	BRA         L_atualizaValor21
L_atualizaValor20:
;exercicio5.c,129 :: 		else if (valorTempo >= 10 && valorTempo < 100){
0x0452	0x0E00      	MOVLW       0
0x0454	0x5C22      	SUBWF       FARG_atualizaValor_valorTempo+1, 0 
0x0456	0xE102      	BNZ         L__atualizaValor52
0x0458	0x0E0A      	MOVLW       10
0x045A	0x5C21      	SUBWF       FARG_atualizaValor_valorTempo, 0 
L__atualizaValor52:
0x045C	0xE30C      	BNC         L_atualizaValor24
0x045E	0x0E00      	MOVLW       0
0x0460	0x5C22      	SUBWF       FARG_atualizaValor_valorTempo+1, 0 
0x0462	0xE102      	BNZ         L__atualizaValor53
0x0464	0x0E64      	MOVLW       100
0x0466	0x5C21      	SUBWF       FARG_atualizaValor_valorTempo, 0 
L__atualizaValor53:
0x0468	0xE206      	BC          L_atualizaValor24
L__atualizaValor40:
;exercicio5.c,130 :: 		separarDez(valorTempo);
0x046A	0xF023C021  	MOVFF       FARG_atualizaValor_valorTempo, FARG_separarDez_num
0x046E	0xF024C022  	MOVFF       FARG_atualizaValor_valorTempo+1, FARG_separarDez_num+1
0x0472	0xDF61      	RCALL       _separarDez
;exercicio5.c,131 :: 		}
0x0474	0xD005      	BRA         L_atualizaValor25
L_atualizaValor24:
;exercicio5.c,133 :: 		separarUni(valorTempo);
0x0476	0xF023C021  	MOVFF       FARG_atualizaValor_valorTempo, FARG_separarUni_num
0x047A	0xF024C022  	MOVFF       FARG_atualizaValor_valorTempo+1, FARG_separarUni_num+1
0x047E	0xDEB6      	RCALL       _separarUni
;exercicio5.c,134 :: 		}
L_atualizaValor25:
L_atualizaValor21:
L_atualizaValor17:
;exercicio5.c,135 :: 		mostrar(mil, cen, dez, uni);
0x0480	0xF023C019  	MOVFF       _mil, FARG_mostrar_num1
0x0484	0xF024C017  	MOVFF       _cen, FARG_mostrar_num2
0x0488	0xF025C01B  	MOVFF       _dez, FARG_mostrar_num3
0x048C	0xF026C01D  	MOVFF       _uni, FARG_mostrar_num4
0x0490	0xDF75      	RCALL       _mostrar
;exercicio5.c,136 :: 		}
L_end_atualizaValor:
0x0492	0x0012      	RETURN      0
; end of _atualizaValor
_main:
0x0494	0x6A15      	CLRF        _cont 
0x0496	0x6A16      	CLRF        22 
;exercicio5.c,138 :: 		void main(void)
;exercicio5.c,140 :: 		unsigned valorTempo = 0;
0x0498	0x6A1F      	CLRF        main_valorTempo_L0 
0x049A	0x6A20      	CLRF        main_valorTempo_L0+1 
;exercicio5.c,141 :: 		ADCON0 = 0X00;
0x049C	0x6AC2      	CLRF        ADCON0 
;exercicio5.c,142 :: 		ADCON1 = 0X06;          // desabilita conversor A/D.
0x049E	0x0E06      	MOVLW       6
0x04A0	0x6EC1      	MOVWF       ADCON1 
;exercicio5.c,143 :: 		INTCON = 0;            // desabilita interrupcoes.
0x04A2	0x6AF2      	CLRF        INTCON 
;exercicio5.c,144 :: 		TRISA  = 0;            // configura portA como saida.
0x04A4	0x6A92      	CLRF        TRISA 
;exercicio5.c,145 :: 		PORTA  = 0;
0x04A6	0x6A80      	CLRF        PORTA 
;exercicio5.c,146 :: 		TRISD  = 0;            // configura portD como saida.
0x04A8	0x6A95      	CLRF        TRISD 
;exercicio5.c,147 :: 		PORTD  = 0;
0x04AA	0x6A83      	CLRF        PORTD 
;exercicio5.c,148 :: 		TRISB  = 7;
0x04AC	0x0E07      	MOVLW       7
0x04AE	0x6E93      	MOVWF       TRISB 
;exercicio5.c,149 :: 		TRISC  = 0xFD; // 0b11111101
0x04B0	0x0EFD      	MOVLW       253
0x04B2	0x6E94      	MOVWF       TRISC 
;exercicio5.c,152 :: 		portc.rc1 = 0;
0x04B4	0x9282      	BCF         PORTC, 1 
;exercicio5.c,153 :: 		while(1)                         // inicio do loop infinito.
L_main26:
;exercicio5.c,155 :: 		atualizaValor(valorTempo);
0x04B6	0xF021C01F  	MOVFF       main_valorTempo_L0, FARG_atualizaValor_valorTempo
0x04BA	0xF022C020  	MOVFF       main_valorTempo_L0+1, FARG_atualizaValor_valorTempo+1
0x04BE	0xDFAB      	RCALL       _atualizaValor
;exercicio5.c,156 :: 		if (portb.rb0 == 0){  //se botão RB0 for pressionado, incrementa valor do tempo
0x04C0	0xB081      	BTFSC       PORTB, 0 
0x04C2	0xD00C      	BRA         L_main28
;exercicio5.c,157 :: 		valorTempo += 1;
0x04C4	0x4A1F      	INFSNZ      main_valorTempo_L0, 1 
0x04C6	0x2A20      	INCF        main_valorTempo_L0+1, 1 
;exercicio5.c,158 :: 		delay_ms(tempo);
0x04C8	0x0E0D      	MOVLW       13
0x04CA	0x6E0C      	MOVWF       R12, 0
0x04CC	0x0EFB      	MOVLW       251
0x04CE	0x6E0D      	MOVWF       R13, 0
L_main29:
0x04D0	0x2E0D      	DECFSZ      R13, 1, 0
0x04D2	0xD7FE      	BRA         L_main29
0x04D4	0x2E0C      	DECFSZ      R12, 1, 0
0x04D6	0xD7FC      	BRA         L_main29
0x04D8	0x0000      	NOP
0x04DA	0x0000      	NOP
;exercicio5.c,159 :: 		}
L_main28:
;exercicio5.c,160 :: 		if (portb.rb1 == 0){ //se botão RB1 for pressionado, decrementa valor do tempo
0x04DC	0xB281      	BTFSC       PORTB, 1 
0x04DE	0xD00E      	BRA         L_main30
;exercicio5.c,161 :: 		valorTempo -= 1;
0x04E0	0x0E01      	MOVLW       1
0x04E2	0x5E1F      	SUBWF       main_valorTempo_L0, 1 
0x04E4	0x0E00      	MOVLW       0
0x04E6	0x5A20      	SUBWFB      main_valorTempo_L0+1, 1 
;exercicio5.c,162 :: 		delay_ms(tempo);
0x04E8	0x0E0D      	MOVLW       13
0x04EA	0x6E0C      	MOVWF       R12, 0
0x04EC	0x0EFB      	MOVLW       251
0x04EE	0x6E0D      	MOVWF       R13, 0
L_main31:
0x04F0	0x2E0D      	DECFSZ      R13, 1, 0
0x04F2	0xD7FE      	BRA         L_main31
0x04F4	0x2E0C      	DECFSZ      R12, 1, 0
0x04F6	0xD7FC      	BRA         L_main31
0x04F8	0x0000      	NOP
0x04FA	0x0000      	NOP
;exercicio5.c,163 :: 		}
L_main30:
;exercicio5.c,165 :: 		if (portb.rb2 == 0){ //se botão RB1 for pressionado, incia a contagem regressiva até 0
0x04FC	0xB481      	BTFSC       PORTB, 2 
0x04FE	0xD03E      	BRA         L_main32
;exercicio5.c,166 :: 		while (valorTempo > 0){
L_main33:
0x0500	0x0E00      	MOVLW       0
0x0502	0x6E00      	MOVWF       R0 
0x0504	0x5020      	MOVF        main_valorTempo_L0+1, 0 
0x0506	0x5C00      	SUBWF       R0, 0 
0x0508	0xE102      	BNZ         L__main55
0x050A	0x501F      	MOVF        main_valorTempo_L0, 0 
0x050C	0x0800      	SUBLW       0
L__main55:
0x050E	0xE218      	BC          L_main34
;exercicio5.c,167 :: 		while (cont < 45){  //atraso de 1s garantindo o display sempre aceso
L_main35:
0x0510	0x0E80      	MOVLW       128
0x0512	0x1816      	XORWF       _cont+1, 0 
0x0514	0x6E00      	MOVWF       R0 
0x0516	0x0E80      	MOVLW       128
0x0518	0x5C00      	SUBWF       R0, 0 
0x051A	0xE102      	BNZ         L__main56
0x051C	0x0E2D      	MOVLW       45
0x051E	0x5C15      	SUBWF       _cont, 0 
L__main56:
0x0520	0xE208      	BC          L_main36
;exercicio5.c,168 :: 		atualizaValor(valorTempo);
0x0522	0xF021C01F  	MOVFF       main_valorTempo_L0, FARG_atualizaValor_valorTempo
0x0526	0xF022C020  	MOVFF       main_valorTempo_L0+1, FARG_atualizaValor_valorTempo+1
0x052A	0xDF75      	RCALL       _atualizaValor
;exercicio5.c,169 :: 		cont+=1;
0x052C	0x4A15      	INFSNZ      _cont, 1 
0x052E	0x2A16      	INCF        _cont+1, 1 
;exercicio5.c,170 :: 		}
0x0530	0xD7EF      	BRA         L_main35
L_main36:
;exercicio5.c,171 :: 		valorTempo -=1;
0x0532	0x0E01      	MOVLW       1
0x0534	0x5E1F      	SUBWF       main_valorTempo_L0, 1 
0x0536	0x0E00      	MOVLW       0
0x0538	0x5A20      	SUBWFB      main_valorTempo_L0+1, 1 
;exercicio5.c,172 :: 		cont = 0;
0x053A	0x6A15      	CLRF        _cont 
0x053C	0x6A16      	CLRF        _cont+1 
;exercicio5.c,173 :: 		}
0x053E	0xD7E0      	BRA         L_main33
L_main34:
;exercicio5.c,174 :: 		if (valorTempo == 0){ //se o valor for 0
0x0540	0x0E00      	MOVLW       0
0x0542	0x1820      	XORWF       main_valorTempo_L0+1, 0 
0x0544	0xE102      	BNZ         L__main57
0x0546	0x0E00      	MOVLW       0
0x0548	0x181F      	XORWF       main_valorTempo_L0, 0 
L__main57:
0x054A	0xE118      	BNZ         L_main37
;exercicio5.c,175 :: 		atualizaValor(valorTempo);
0x054C	0xF021C01F  	MOVFF       main_valorTempo_L0, FARG_atualizaValor_valorTempo
0x0550	0xF022C020  	MOVFF       main_valorTempo_L0+1, FARG_atualizaValor_valorTempo+1
0x0554	0xDF60      	RCALL       _atualizaValor
;exercicio5.c,176 :: 		portc.rc1 = 1;    //toca buzzer
0x0556	0x8282      	BSF         PORTC, 1 
;exercicio5.c,177 :: 		while (cont < 25){  //atraso de 1s garantindo o display sempre aceso
L_main38:
0x0558	0x0E80      	MOVLW       128
0x055A	0x1816      	XORWF       _cont+1, 0 
0x055C	0x6E00      	MOVWF       R0 
0x055E	0x0E80      	MOVLW       128
0x0560	0x5C00      	SUBWF       R0, 0 
0x0562	0xE102      	BNZ         L__main58
0x0564	0x0E19      	MOVLW       25
0x0566	0x5C15      	SUBWF       _cont, 0 
L__main58:
0x0568	0xE208      	BC          L_main39
;exercicio5.c,178 :: 		atualizaValor(valorTempo);
0x056A	0xF021C01F  	MOVFF       main_valorTempo_L0, FARG_atualizaValor_valorTempo
0x056E	0xF022C020  	MOVFF       main_valorTempo_L0+1, FARG_atualizaValor_valorTempo+1
0x0572	0xDF51      	RCALL       _atualizaValor
;exercicio5.c,179 :: 		cont+=1;
0x0574	0x4A15      	INFSNZ      _cont, 1 
0x0576	0x2A16      	INCF        _cont+1, 1 
;exercicio5.c,180 :: 		}
0x0578	0xD7EF      	BRA         L_main38
L_main39:
;exercicio5.c,181 :: 		portc.rc1 = 0;    //para buzzer
0x057A	0x9282      	BCF         PORTC, 1 
;exercicio5.c,182 :: 		}
L_main37:
;exercicio5.c,183 :: 		}
L_main32:
;exercicio5.c,184 :: 		} // Fim do loop infinito
0x057C	0xD79C      	BRA         L_main26
;exercicio5.c,185 :: 		}   // Fim do programa principal.
L_end_main:
0x057E	0xD7FF      	BRA         $+0
; end of _main
Symbol List:
//** Routines locations **
//ADDRESS    SIZE    PROCEDURE
//----------------------------------------------
0x001C      [88]    _Div_16x16_S_L
0x0074     [198]    _Div_16x16_S
0x013A      [54]    _Div_16X16_U
0x0170     [124]    _mask
0x01EC      [22]    _separarUni
0x0202     [126]    _separarCen
0x0280     [182]    _separarMil
0x0336      [70]    _separarDez
0x037C     [138]    _mostrar
0x0406      [16]    ___CC2DW
0x0416     [126]    _atualizaValor
0x0494     [236]    _main
//** Variables locations ** 
//ADDRESS    SIZE    VARIABLE
//----------------------------------------------
0x0000       [1]    R0
0x0001       [1]    R1
0x0002       [1]    R2
0x0003       [1]    R3
0x0004       [1]    R4
0x0005       [1]    R5
0x0006       [1]    R6
0x0007       [1]    R7
0x0008       [1]    R8
0x0009       [1]    R9
0x000A       [1]    R10
0x000B       [1]    R11
0x000C       [1]    R12
0x000D       [1]    R13
0x000E       [1]    R14
0x000F       [1]    R15
0x0010       [1]    R16
0x0011       [1]    R17
0x0012       [1]    R18
0x0013       [1]    R19
0x0014       [1]    R20
0x0015       [2]    _cont
0x0017       [2]    _cen
0x0019       [2]    _mil
0x001B       [2]    _dez
0x001D       [2]    _uni
0x001F       [2]    main_valorTempo_L0
0x0021       [2]    FARG_atualizaValor_valorTempo
0x0023       [2]    FARG_separarMil_num
0x0023       [2]    FARG_separarDez_num
0x0023       [2]    FARG_separarCen_num
0x0023       [1]    FARG_mostrar_num1
0x0023       [2]    FARG_separarUni_num
0x0024       [1]    FARG_mostrar_num2
0x0025       [2]    FLOC__separarMil
0x0025       [2]    FLOC__separarCen
0x0025       [1]    FARG_mostrar_num3
0x0026       [1]    FARG_mostrar_num4
0x0027       [1]    FARG_mask_num
0x0F80       [1]    PORTA
0x0F81       [1]    PORTB
0x0F82       [1]    PORTC
0x0F83       [1]    PORTD
0x0F92       [1]    TRISA
0x0F93       [1]    TRISB
0x0F94       [1]    TRISC
0x0F95       [1]    TRISD
0x0FC1       [1]    ADCON1
0x0FC2       [1]    ADCON0
0x0FD8       [1]    STATUS
0x0FD9       [1]    FSR2L
0x0FDA       [1]    FSR2H
0x0FDE       [1]    POSTINC2
0x0FE0       [1]    BSR
0x0FE1       [1]    FSR1L
0x0FE2       [1]    FSR1H
0x0FE4       [1]    PREINC1
0x0FE6       [1]    POSTINC1
0x0FE7       [1]    INDF1
0x0FE8       [1]    WREG
0x0FE9       [1]    FSR0L
0x0FEA       [1]    FSR0H
0x0FEE       [1]    POSTINC0
0x0FF2       [1]    INTCON
0x0FF3       [1]    PRODL
0x0FF4       [1]    PRODH
0x0FF5       [1]    TABLAT
0x0FF6       [1]    TBLPTRL
0x0FF7       [1]    TBLPTRH
0x0FF8       [1]    TBLPTRU
